#######################################
2012/09/24 16:03:35
message:收到帐号：wyl 发送指令信息：avh/ctupek/20oct/3u/d
#######################################
#######################################
2012/09/24 16:03:36
message:对帐号：wyl 发送指令做上下文处理后，待发送指令为：avh/ctupek/20oct/3u/d...
#######################################
#######################################
2012/09/24 16:03:41
message:帐号：wyl 待发送指令数据包：0x1, 0x0, 0x0, 0x2A, 0x0, 0x0, 0x0, 0x1, 0x36, 0x51, 0x70, 0x2, 0x1B, 0xB, 0x21, 0x20, 0x0, 0xF, 0x1E, 0x61, 0x76, 0x68, 0x2F, 0x63, 0x74, 0x75, 0x70, 0x65, 0x6B, 0x2F, 0x32, 0x30, 0x6F, 0x63, 0x74, 0x2F, 0x33, 0x75, 0x2F, 0x64, 0x20, 0x3
#######################################
#######################################
2012/09/24 16:13:35
message:开启客户端监听服务线程...
#######################################
#######################################
2012/09/24 16:13:35
message:开启监听：IP地址127.0.0.1；端口360...
#######################################
#######################################
2012/09/24 16:13:41
message:收到客户端连接请求...
#######################################
#######################################
2012/09/24 16:13:41
message:收到客户端连接请求数据包：0x1, 0xA2, 0x77, 0x79, 0x6C, 0x0, 0x0, 0x0, 0x0, 0x0, 0x0, 0x0, 0x0, 0x0, 0x0, 0x0, 0x0, 0x0, 0x31, 0x32, 0x33, 0x0, 0x0, 0x0, 0x0, 0x0, 0x0, 0x0, 0x0, 0x0, 0x0, 0x0, 0x0, 0x0, 0x0, 0x0, 0x0, 0x0, 0x0, 0x0, 0x0, 0x0, 0x0, 0x0, 0x0, 0x0, 0x0, 0x0, 0x0, 0x0, 0x30, 0x30, 0x35, 0x30, 0x35, 0x36, 0x63, 0x30, 0x30, 0x30, 0x30, 0x38, 0x31, 0x39, 0x32, 0x2E, 0x31, 0x36, 0x38, 0x2E, 0x32, 0x2E, 0x31, 0x30, 0x37, 0x20, 0x20, 0x33, 0x37, 0x33, 0x30, 0x30, 0x31, 0x30, 0x0, 0x30, 0x30, 0x30, 0x30, 0x30, 0x30, 0x0, 0x0, 0x0, 0x0, 0x0, 0x0, 0x0, 0x0, 0x0, 0x0, 0x0, 0x0, 0x0, 0x0, 0x0, 0x0, 0x0, 0x0, 0x0, 0x0, 0x0, 0x0, 0x0, 0x0, 0x0, 0x0, 0x0, 0x0, 0x0, 0x0, 0x0, 0x0, 0x0, 0x0, 0x0, 0x0, 0x0, 0x0, 0x0, 0x0, 0x0, 0x0, 0x0, 0x0, 0x0, 0x0, 0x0, 0x0, 0x0, 0x0, 0x0, 0x0, 0x0, 0x0, 0x0, 0x0, 0x0, 0x0, 0x0, 0x0, 0x0, 0x0, 0x0, 0x0, 0x0, 0x0, 0x0, 0x0, 0x0, 0x0, 0x0
#######################################
#######################################
2012/09/24 16:13:41
message:用户名：wyl登录成功！
#######################################
#######################################
2012/09/24 16:13:41
message:接收到帐号：wyl发送的数据包：0x1, 0xFE, 0x0, 0x11, 0x14, 0x10, 0x0, 0x2, 0x0, 0x0, 0x0, 0x0, 0x0, 0x0, 0x0, 0x0, 0x0, 0x1, 0xFE, 0x0, 0x11, 0x14, 0x10, 0x0, 0x2, 0xC, 0x0, 0x0, 0x0, 0x0, 0x0, 0x0, 0x0, 0x0, 0x1, 0xFE, 0x0, 0x11, 0x14, 0x10, 0x0, 0x2, 0x29, 0x0, 0x0, 0x0, 0x0, 0x0, 0x0, 0x0, 0x0
#######################################
#######################################
2012/09/24 16:13:41
message:向帐号：wyl 发送数据包0x1, 0xFD, 0x0, 0x6, 0x0, 0x0, 0x1, 0xFD, 0x0, 0x6, 0x0, 0xC
#######################################
#######################################
2012/09/24 16:13:41
message:向帐号：wyl 发送数据包0x1, 0xFD, 0x0, 0x6, 0x0, 0x29
#######################################
#######################################
2012/09/24 16:13:44
message:接收到帐号：wyl发送的数据包：
#######################################
#######################################
2012/09/24 16:13:44
message:接收指令异常（空），断开wyl的连接！
#######################################
#######################################
2012/09/24 16:13:51
message:收到客户端连接请求...
#######################################
#######################################
2012/09/24 16:13:51
message:收到客户端连接请求数据包：0x1, 0xA2, 0x77, 0x79, 0x6C, 0x0, 0x0, 0x0, 0x0, 0x0, 0x0, 0x0, 0x0, 0x0, 0x0, 0x0, 0x0, 0x0, 0x31, 0x32, 0x33, 0x0, 0x0, 0x0, 0x0, 0x0, 0x0, 0x0, 0x0, 0x0, 0x0, 0x0, 0x0, 0x0, 0x0, 0x0, 0x0, 0x0, 0x0, 0x0, 0x0, 0x0, 0x0, 0x0, 0x0, 0x0, 0x0, 0x0, 0x0, 0x0, 0x30, 0x30, 0x35, 0x30, 0x35, 0x36, 0x63, 0x30, 0x30, 0x30, 0x30, 0x38, 0x31, 0x39, 0x32, 0x2E, 0x31, 0x36, 0x38, 0x2E, 0x32, 0x2E, 0x31, 0x30, 0x37, 0x20, 0x20, 0x33, 0x37, 0x33, 0x30, 0x30, 0x31, 0x30, 0x0, 0x30, 0x30, 0x30, 0x30, 0x30, 0x30, 0x0, 0x0, 0x0, 0x0, 0x0, 0x0, 0x0, 0x0, 0x0, 0x0, 0x0, 0x0, 0x0, 0x0, 0x0, 0x0, 0x0, 0x0, 0x0, 0x0, 0x0, 0x0, 0x0, 0x0, 0x0, 0x0, 0x0, 0x0, 0x0, 0x0, 0x0, 0x0, 0x0, 0x0, 0x0, 0x0, 0x0, 0x0, 0x0, 0x0, 0x0, 0x0, 0x0, 0x0, 0x0, 0x0, 0x0, 0x0, 0x0, 0x0, 0x0, 0x0, 0x0, 0x0, 0x0, 0x0, 0x0, 0x0, 0x0, 0x0, 0x0, 0x0, 0x0, 0x0, 0x0, 0x0, 0x0, 0x0, 0x0, 0x0, 0x0
#######################################
#######################################
2012/09/24 16:13:51
message:用户名：wyl登录成功！
#######################################
#######################################
2012/09/24 16:13:51
message:接收到帐号：wyl发送的数据包：0x1, 0xFE, 0x0, 0x11, 0x14, 0x10, 0x0, 0x2, 0x0, 0x0, 0x0, 0x0, 0x0, 0x0, 0x0, 0x0, 0x0, 0x1, 0xFE, 0x0, 0x11, 0x14, 0x10, 0x0, 0x2, 0xC, 0x0, 0x0, 0x0, 0x0, 0x0, 0x0, 0x0, 0x0, 0x1, 0xFE, 0x0, 0x11, 0x14, 0x10, 0x0, 0x2, 0x29, 0x0, 0x0, 0x0, 0x0, 0x0, 0x0, 0x0, 0x0
#######################################
#######################################
2012/09/24 16:13:51
message:向帐号：wyl 发送数据包0x1, 0xFD, 0x0, 0x6, 0x0, 0x0, 0x1, 0xFD, 0x0, 0x6, 0x0, 0xC
#######################################
#######################################
2012/09/24 16:13:51
message:向帐号：wyl 发送数据包0x1, 0xFD, 0x0, 0x6, 0x0, 0x29
#######################################
#######################################
2012/09/24 16:13:52
message:接收到帐号：wyl发送的数据包：0x1, 0xF9, 0x0, 0x44, 0x0, 0x1, 0x1B, 0x0, 0x0, 0x0, 0x0, 0x0, 0x0, 0x0, 0x0, 0x0, 0x0, 0x0, 0x0, 0x0, 0x0, 0x0, 0x0, 0x0, 0x0, 0x0, 0x0, 0x0, 0x0, 0x0, 0x0, 0x0, 0x0, 0x0, 0x0, 0x0, 0x0, 0x0, 0x0, 0x0, 0x0, 0x0, 0x0, 0x0, 0x0, 0x0, 0x0, 0x0, 0x0, 0x0, 0x0, 0x0, 0x0, 0x0, 0x0, 0x0, 0x0, 0x0, 0x0, 0x0, 0x0, 0x0, 0x0, 0x0, 0x0, 0x0, 0x0, 0x0
#######################################
#######################################
2012/09/24 16:13:52
message:接收到帐号：wyl 的初次登录数据包，回复欢迎信息框...
#######################################
#######################################
2012/09/24 16:13:52
message:向帐号：wyl 回复成功数据包0x1, 0xF8, 0x0, 0xE, 0xB5, 0xC7, 0xC2, 0xBC, 0xB3, 0xC9, 0xB9, 0xA6, 0xA3, 0xA1
#######################################
#######################################
2012/09/24 16:14:00
message:接收到帐号：wyl发送的数据包：0x1, 0x0, 0x0, 0x2A, 0x0, 0x0, 0x0, 0x1, 0x41, 0x51, 0x70, 0x2, 0x1B, 0xB, 0x20, 0x20, 0x0, 0xF, 0x1E, 0x61, 0x76, 0x68, 0x2F, 0x63, 0x74, 0x75, 0x70, 0x65, 0x6B, 0x2F, 0x32, 0x30, 0x6F, 0x63, 0x74, 0x2F, 0x33, 0x75, 0x2F, 0x64, 0x20, 0x3
#######################################
#######################################
2012/09/24 16:14:03
message:收到帐号：wyl 发送指令信息：avh/ctupek/20oct/3u/d
#######################################
#######################################
2012/09/24 16:14:03
message:对帐号：wyl 发送指令做上下文处理后，待发送指令为：avh/ctupek/20oct/3u/d...
#######################################
#######################################
2012/09/24 16:14:03
message:帐号：wyl 待发送指令数据包：0x1, 0x0, 0x0, 0x2A, 0x0, 0x0, 0x0, 0x1, 0x36, 0x51, 0x70, 0x2, 0x1B, 0xB, 0x21, 0x20, 0x0, 0xF, 0x1E, 0x61, 0x76, 0x68, 0x2F, 0x63, 0x74, 0x75, 0x70, 0x65, 0x6B, 0x2F, 0x32, 0x30, 0x6F, 0x63, 0x74, 0x2F, 0x33, 0x75, 0x2F, 0x64, 0x20, 0x3
#######################################
#######################################
2012/09/24 16:38:01
message:开启客户端监听服务线程...
#######################################
#######################################
2012/09/24 16:38:01
message:开启监听：IP地址127.0.0.1；端口360...
#######################################
#######################################
2012/09/24 16:39:01
message:停止客户端监听服务线程...
#######################################
#######################################
2012/09/24 16:39:01
message:停止客户端监听服务...
#######################################
#######################################
2012/09/24 16:39:01
message:准备停止客户端线程及客户端Socket服务...
#######################################
#######################################
2012/09/24 16:39:01
message:停止客户端线程及客户端Socket服务完毕...
#######################################
#######################################
2012/09/24 16:39:01
message:客户端处理线程出现异常，异常信息：正在中止线程。
#######################################
#######################################
2012/09/24 16:39:18
message:开启客户端监听服务线程...
#######################################
#######################################
2012/09/24 16:39:18
message:开启监听：IP地址127.0.0.1；端口360...
#######################################
#######################################
2012/09/24 16:40:23
message:开启客户端监听服务线程...
#######################################
#######################################
2012/09/24 16:40:23
message:开启监听：IP地址127.0.0.1；端口360...
#######################################
#######################################
2012/09/24 16:40:37
message:收到客户端连接请求...
#######################################
#######################################
2012/09/24 16:40:37
message:收到客户端连接请求数据包：0x1, 0xA2, 0x77, 0x79, 0x6C, 0x0, 0x0, 0x0, 0x0, 0x0, 0x0, 0x0, 0x0, 0x0, 0x0, 0x0, 0x0, 0x0, 0x31, 0x32, 0x33, 0x0, 0x0, 0x0, 0x0, 0x0, 0x0, 0x0, 0x0, 0x0, 0x0, 0x0, 0x0, 0x0, 0x0, 0x0, 0x0, 0x0, 0x0, 0x0, 0x0, 0x0, 0x0, 0x0, 0x0, 0x0, 0x0, 0x0, 0x0, 0x0, 0x30, 0x30, 0x35, 0x30, 0x35, 0x36, 0x63, 0x30, 0x30, 0x30, 0x30, 0x38, 0x31, 0x39, 0x32, 0x2E, 0x31, 0x36, 0x38, 0x2E, 0x32, 0x2E, 0x31, 0x30, 0x37, 0x20, 0x20, 0x33, 0x37, 0x33, 0x30, 0x30, 0x31, 0x30, 0x0, 0x30, 0x30, 0x30, 0x30, 0x30, 0x30, 0x0, 0x0, 0x0, 0x0, 0x0, 0x0, 0x0, 0x0, 0x0, 0x0, 0x0, 0x0, 0x0, 0x0, 0x0, 0x0, 0x0, 0x0, 0x0, 0x0, 0x0, 0x0, 0x0, 0x0, 0x0, 0x0, 0x0, 0x0, 0x0, 0x0, 0x0, 0x0, 0x0, 0x0, 0x0, 0x0, 0x0, 0x0, 0x0, 0x0, 0x0, 0x0, 0x0, 0x0, 0x0, 0x0, 0x0, 0x0, 0x0, 0x0, 0x0, 0x0, 0x0, 0x0, 0x0, 0x0, 0x0, 0x0, 0x0, 0x0, 0x0, 0x0, 0x0, 0x0, 0x0, 0x0, 0x0, 0x0, 0x0, 0x0, 0x0
#######################################
#######################################
2012/09/24 16:40:37
message:用户名：wyl登录成功！
#######################################
#######################################
2012/09/24 16:40:37
message:接收到帐号：wyl发送的数据包：0x1, 0xFE, 0x0, 0x11, 0x14, 0x10, 0x0, 0x2, 0x0, 0x0, 0x0, 0x0, 0x0, 0x0, 0x0, 0x0, 0x0, 0x1, 0xFE, 0x0, 0x11, 0x14, 0x10, 0x0, 0x2, 0xC, 0x0, 0x0, 0x0, 0x0, 0x0, 0x0, 0x0, 0x0, 0x1, 0xFE, 0x0, 0x11, 0x14, 0x10, 0x0, 0x2, 0x29, 0x0, 0x0, 0x0, 0x0, 0x0, 0x0, 0x0, 0x0
#######################################
#######################################
2012/09/24 16:40:37
message:向帐号：wyl 发送数据包0x1, 0xFD, 0x0, 0x6, 0x0, 0x0, 0x1, 0xFD, 0x0, 0x6, 0x0, 0xC
#######################################
#######################################
2012/09/24 16:40:37
message:向帐号：wyl 发送数据包0x1, 0xFD, 0x0, 0x6, 0x0, 0x29
#######################################
#######################################
2012/09/24 16:40:38
message:接收到帐号：wyl发送的数据包：0x1, 0xF9, 0x0, 0x44, 0x0, 0x1, 0x1B, 0x0, 0x0, 0x0, 0x0, 0x0, 0x0, 0x0, 0x0, 0x0, 0x0, 0x0, 0x0, 0x0, 0x0, 0x0, 0x0, 0x0, 0x0, 0x0, 0x0, 0x0, 0x0, 0x0, 0x0, 0x0, 0x0, 0x0, 0x0, 0x0, 0x0, 0x0, 0x0, 0x0, 0x0, 0x0, 0x0, 0x0, 0x0, 0x0, 0x0, 0x0, 0x0, 0x0, 0x0, 0x0, 0x0, 0x0, 0x0, 0x0, 0x0, 0x0, 0x0, 0x0, 0x0, 0x0, 0x0, 0x0, 0x0, 0x0, 0x0, 0x0
#######################################
#######################################
2012/09/24 16:40:38
message:接收到帐号：wyl 的初次登录数据包，回复欢迎信息框...
#######################################
#######################################
2012/09/24 16:40:38
message:向帐号：wyl 回复成功数据包0x1, 0xF8, 0x0, 0xE, 0xB5, 0xC7, 0xC2, 0xBC, 0xB3, 0xC9, 0xB9, 0xA6, 0xA3, 0xA1
#######################################
#######################################
2012/09/24 16:40:48
message:接收到帐号：wyl发送的数据包：0x1, 0x0, 0x0, 0x2A, 0x0, 0x0, 0x0, 0x1, 0x41, 0x51, 0x70, 0x2, 0x1B, 0xB, 0x20, 0x20, 0x0, 0xF, 0x1E, 0x61, 0x76, 0x68, 0x2F, 0x63, 0x74, 0x75, 0x70, 0x65, 0x6B, 0x2F, 0x32, 0x30, 0x6F, 0x63, 0x74, 0x2F, 0x33, 0x75, 0x2F, 0x64, 0x20, 0x3
#######################################
#######################################
2012/09/24 16:40:51
message:收到帐号：wyl 发送指令信息：avh/ctupek/20oct/3u/d
#######################################
#######################################
2012/09/24 16:40:51
message:对帐号：wyl 发送指令做上下文处理后，待发送指令为：avh/ctupek/20oct/3u/d...
#######################################
#######################################
2012/09/24 16:40:51
message:帐号：wyl 待发送指令数据包：0x1, 0x0, 0x0, 0x2A, 0x0, 0x0, 0x0, 0x1, 0x36, 0x51, 0x70, 0x2, 0x1B, 0xB, 0x21, 0x20, 0x0, 0xF, 0x1E, 0x61, 0x76, 0x68, 0x2F, 0x63, 0x74, 0x75, 0x70, 0x65, 0x6B, 0x2F, 0x32, 0x30, 0x6F, 0x63, 0x74, 0x2F, 0x33, 0x75, 0x2F, 0x64, 0x20, 0x3
#######################################
#######################################
2012/09/24 16:40:55
message:帐号：wyl 发送指令成功取得返回结果：M 20OCT(SAT) CTUBJS VIA 3U DIRECT ONLY  1-  3U8881 AS#FA PA AA YA BA TA WS HA MS GA  CTUPEK 0730   1005   330 0 S  E  >               SS LA QS ES VS US RS KQ NQ XS ZS                    T1 T3  2:352   3U8883 AS#F8 P8 A8 YA BA TA WS HA MS GA  CTUPEK 0930   1205   321 0 S  E  >               SS LA QS ES VS US RS KQ NQ XS ZS                    T1 T3  2:353   3U8885 AS#F8 P8 A8 YA BA TA WS HA MS GA  CTUPEK 1130   1410   321 0 S  E  >               SS LA QS ES VS US RS KQ NQ XS ZS                    T1 T3  2:404   3U8887  DS# F8 P8 A8 YA BA TA WS HA MS GA  CTUPEK 1330   1615   320 0 S  E  >               SS LS QS ES VS US RS KQ NQ XS ZS                    T1 T3  2:455   3U8893 AS#FA PA AA YA BA TA WS HA MS G5  CTUPEK 1530   1810   330 0 S  E  >               SS LS QS ES VS US RS KQ NQ XS ZS                    T1 T3  2:406   3U8889  DS# F8 P8 A8 YA BA TA WS HA MS G7  CTUPEK 1630   1925   321 0 S  E  >               SS LS QS ES VS US RS KQ NQ XS ZS                    T1 T3  2:557   3U8891  DS# F8 P8 A8 YA BA TA WS HA MS GA  CTUPEK 1930   2215   320 0 S  E  >               SS LS QS ES VS US RS KQ NQ XS ZS                    T1 T3  2:458   3U8895  DS# F8 P8 A8 YA BA TA WS HA MS GA  CTUPEK 2030   2325   320 0 S  E  >               SS LS QS ES VS US RS KQ NQ XS ZS                    T1 T3  2:559+  3U8547  DS# FA PA AA YA BA TA WS HA MS GA  CTUPEK 2030   2340   321 0 S  E  >               SS LS QS ES VS US RS KQ NQ XS ZS                    T1 T3  3:10**  CZ  FARE    CTUPEK/PEKCTU   YI:CZ/TZ305**  翠明庄饭店4*:天安门,王府井,故宫,标准间9月580元
#######################################
#######################################
2012/09/24 16:40:55
message:向帐号：wyl 回复数据包：0x1, 0x0, 0x6, 0x5F, 0x0, 0x0, 0x0, 0x1, 0x41, 0x51, 0x70, 0x2, 0x1B, 0xB, 0x21, 0x20, 0xF, 0x1B, 0x4D, 0x20, 0x32, 0x30, 0x4F, 0x43, 0x54, 0x28, 0x53, 0x41, 0x54, 0x29, 0x20, 0x43, 0x54, 0x55, 0x42, 0x4A, 0x53, 0x20, 0x56, 0x49, 0x41, 0x20, 0x33, 0x55, 0x20, 0x44, 0x49, 0x52, 0x45, 0x43, 0x54, 0x20, 0x4F, 0x4E, 0x4C, 0x59, 0x20, 0x20, 0xD, 0x31, 0x2D, 0x20, 0x20, 0x33, 0x55, 0x38, 0x38, 0x38, 0x31, 0x20, 0x1C, 0x41, 0x53, 0x23, 0x1D, 0x46, 0x41, 0x20, 0x50, 0x41, 0x20, 0x41, 0x41, 0x20, 0x59, 0x41, 0x20, 0x42, 0x41, 0x20, 0x54, 0x41, 0x20, 0x57, 0x53, 0x20, 0x48, 0x41, 0x20, 0x4D, 0x53, 0x20, 0x47, 0x41, 0x20, 0x20, 0x43, 0x54, 0x55, 0x50, 0x45, 0x4B, 0x20, 0x30, 0x37, 0x33, 0x30, 0x20, 0x20, 0x20, 0x31, 0x30, 0x30, 0x35, 0x20, 0x20, 0x20, 0x33, 0x33, 0x30, 0x20, 0x30, 0x20, 0x53, 0x20, 0x20, 0x45, 0x20, 0x20, 0x3E, 0x20, 0x20, 0x20, 0x20, 0x20, 0x20, 0x20, 0x20, 0x20, 0x20, 0x20, 0x20, 0x20, 0x20, 0x20, 0x53, 0x53, 0x20, 0x4C, 0x41, 0x20, 0x51, 0x53, 0x20, 0x45, 0x53, 0x20, 0x56, 0x53, 0x20, 0x55, 0x53, 0x20, 0x52, 0x53, 0x20, 0x4B, 0x51, 0x20, 0x4E, 0x51, 0x20, 0x58, 0x53, 0x20, 0x5A, 0x53, 0x20, 0x20, 0x20, 0x20, 0x20, 0x20, 0x20, 0x20, 0x20, 0x20, 0x20, 0x20, 0x20, 0x20, 0x20, 0x20, 0x20, 0x20, 0x20, 0x20, 0x54, 0x31, 0x20, 0x54, 0x33, 0x20, 0x20, 0x32, 0x3A, 0x33, 0x35, 0xD, 0x32, 0x20, 0x20, 0x20, 0x33, 0x55, 0x38, 0x38, 0x38, 0x33, 0x20, 0x1C, 0x41, 0x53, 0x23, 0x1D, 0x46, 0x38, 0x20, 0x50, 0x38, 0x20, 0x41, 0x38, 0x20, 0x59, 0x41, 0x20, 0x42, 0x41, 0x20, 0x54, 0x41, 0x20, 0x57, 0x53, 0x20, 0x48, 0x41, 0x20, 0x4D, 0x53, 0x20, 0x47, 0x41, 0x20, 0x20, 0x43, 0x54, 0x55, 0x50, 0x45, 0x4B, 0x20, 0x30, 0x39, 0x33, 0x30, 0x20, 0x20, 0x20, 0x31, 0x32, 0x30, 0x35, 0x20, 0x20, 0x20, 0x33, 0x32, 0x31, 0x20, 0x30, 0x20, 0x53, 0x20, 0x20, 0x45, 0x20, 0x20, 0x3E, 0x20, 0x20, 0x20, 0x20, 0x20, 0x20, 0x20, 0x20, 0x20, 0x20, 0x20, 0x20, 0x20, 0x20, 0x20, 0x53, 0x53, 0x20, 0x4C, 0x41, 0x20, 0x51, 0x53, 0x20, 0x45, 0x53, 0x20, 0x56, 0x53, 0x20, 0x55, 0x53, 0x20, 0x52, 0x53, 0x20, 0x4B, 0x51, 0x20, 0x4E, 0x51, 0x20, 0x58, 0x53, 0x20, 0x5A, 0x53, 0x20, 0x20, 0x20, 0x20, 0x20, 0x20, 0x20, 0x20, 0x20, 0x20, 0x20, 0x20, 0x20, 0x20, 0x20, 0x20, 0x20, 0x20, 0x20, 0x20, 0x54, 0x31, 0x20, 0x54, 0x33, 0x20, 0x20, 0x32, 0x3A, 0x33, 0x35, 0xD, 0x33, 0x20, 0x20, 0x20, 0x33, 0x55, 0x38, 0x38, 0x38, 0x35, 0x20, 0x1C, 0x41, 0x53, 0x23, 0x1D, 0x46, 0x38, 0x20, 0x50, 0x38, 0x20, 0x41, 0x38, 0x20, 0x59, 0x41, 0x20, 0x42, 0x41, 0x20, 0x54, 0x41, 0x20, 0x57, 0x53, 0x20, 0x48, 0x41, 0x20, 0x4D, 0x53, 0x20, 0x47, 0x41, 0x20, 0x20, 0x43, 0x54, 0x55, 0x50, 0x45, 0x4B, 0x20, 0x31, 0x31, 0x33, 0x30, 0x20, 0x20, 0x20, 0x31, 0x34, 0x31, 0x30, 0x20, 0x20, 0x20, 0x33, 0x32, 0x31, 0x20, 0x30, 0x20, 0x53, 0x20, 0x20, 0x45, 0x20, 0x20, 0x3E, 0x20, 0x20, 0x20, 0x20, 0x20, 0x20, 0x20, 0x20, 0x20, 0x20, 0x20, 0x20, 0x20, 0x20, 0x20, 0x53, 0x53, 0x20, 0x4C, 0x41, 0x20, 0x51, 0x53, 0x20, 0x45, 0x53, 0x20, 0x56, 0x53, 0x20, 0x55, 0x53, 0x20, 0x52, 0x53, 0x20, 0x4B, 0x51, 0x20, 0x4E, 0x51, 0x20, 0x58, 0x53, 0x20, 0x5A, 0x53, 0x20, 0x20, 0x20, 0x20, 0x20, 0x20, 0x20, 0x20, 0x20, 0x20, 0x20, 0x20, 0x20, 0x20, 0x20, 0x20, 0x20, 0x20, 0x20, 0x20, 0x54, 0x31, 0x20, 0x54, 0x33, 0x20, 0x20, 0x32, 0x3A, 0x34, 0x30, 0xD, 0x34, 0x20, 0x20, 0x20, 0x33, 0x55, 0x38, 0x38, 0x38, 0x37, 0x20, 0x20, 0x44, 0x53, 0x23, 0x20, 0x46, 0x38, 0x20, 0x50, 0x38, 0x20, 0x41, 0x38, 0x20, 0x59, 0x41, 0x20, 0x42, 0x41, 0x20, 0x54, 0x41, 0x20, 0x57, 0x53, 0x20, 0x48, 0x41, 0x20, 0x4D, 0x53, 0x20, 0x47, 0x41, 0x20, 0x20, 0x43, 0x54, 0x55, 0x50, 0x45, 0x4B, 0x20, 0x31, 0x33, 0x33, 0x30, 0x20, 0x20, 0x20, 0x31, 0x36, 0x31, 0x35, 0x20, 0x20, 0x20, 0x33, 0x32, 0x30, 0x20, 0x30, 0x20, 0x53, 0x20, 0x20, 0x45, 0x20, 0x20, 0x3E, 0x20, 0x20, 0x20, 0x20, 0x20, 0x20, 0x20, 0x20, 0x20, 0x20, 0x20, 0x20, 0x20, 0x20, 0x20, 0x53, 0x53, 0x20, 0x4C, 0x53, 0x20, 0x51, 0x53, 0x20, 0x45, 0x53, 0x20, 0x56, 0x53, 0x20, 0x55, 0x53, 0x20, 0x52, 0x53, 0x20, 0x4B, 0x51, 0x20, 0x4E, 0x51, 0x20, 0x58, 0x53, 0x20, 0x5A, 0x53, 0x20, 0x20, 0x20, 0x20, 0x20, 0x20, 0x20, 0x20, 0x20, 0x20, 0x20, 0x20, 0x20, 0x20, 0x20, 0x20, 0x20, 0x20, 0x20, 0x20, 0x54, 0x31, 0x20, 0x54, 0x33, 0x20, 0x20, 0x32, 0x3A, 0x34, 0x35, 0xD, 0x35, 0x20, 0x20, 0x20, 0x33, 0x55, 0x38, 0x38, 0x39, 0x33, 0x20, 0x1C, 0x41, 0x53, 0x23, 0x1D, 0x46, 0x41, 0x20, 0x50, 0x41, 0x20, 0x41, 0x41, 0x20, 0x59, 0x41, 0x20, 0x42, 0x41, 0x20, 0x54, 0x41, 0x20, 0x57, 0x53, 0x20, 0x48, 0x41, 0x20, 0x4D, 0x53, 0x20, 0x47, 0x35, 0x20, 0x20, 0x43, 0x54, 0x55, 0x50, 0x45, 0x4B, 0x20, 0x31, 0x35, 0x33, 0x30, 0x20, 0x20, 0x20, 0x31, 0x38, 0x31, 0x30, 0x20, 0x20, 0x20, 0x33, 0x33, 0x30, 0x20, 0x30, 0x20, 0x53, 0x20, 0x20, 0x45, 0x20, 0x20, 0x3E, 0x20, 0x20, 0x20, 0x20, 0x20, 0x20, 0x20, 0x20, 0x20, 0x20, 0x20, 0x20, 0x20, 0x20, 0x20, 0x53, 0x53, 0x20, 0x4C, 0x53, 0x20, 0x51, 0x53, 0x20, 0x45, 0x53, 0x20, 0x56, 0x53, 0x20, 0x55, 0x53, 0x20, 0x52, 0x53, 0x20, 0x4B, 0x51, 0x20, 0x4E, 0x51, 0x20, 0x58, 0x53, 0x20, 0x5A, 0x53, 0x20, 0x20, 0x20, 0x20, 0x20, 0x20, 0x20, 0x20, 0x20, 0x20, 0x20, 0x20, 0x20, 0x20, 0x20, 0x20, 0x20, 0x20, 0x20, 0x20, 0x54, 0x31, 0x20, 0x54, 0x33, 0x20, 0x20, 0x32, 0x3A, 0x34, 0x30, 0xD, 0x36, 0x20, 0x20, 0x20, 0x33, 0x55, 0x38, 0x38, 0x38, 0x39, 0x20, 0x20, 0x44, 0x53, 0x23, 0x20, 0x46, 0x38, 0x20, 0x50, 0x38, 0x20, 0x41, 0x38, 0x20, 0x59, 0x41, 0x20, 0x42, 0x41, 0x20, 0x54, 0x41, 0x20, 0x57, 0x53, 0x20, 0x48, 0x41, 0x20, 0x4D, 0x53, 0x20, 0x47, 0x37, 0x20, 0x20, 0x43, 0x54, 0x55, 0x50, 0x45, 0x4B, 0x20, 0x31, 0x36, 0x33, 0x30, 0x20, 0x20, 0x20, 0x31, 0x39, 0x32, 0x35, 0x20, 0x20, 0x20, 0x33, 0x32, 0x31, 0x20, 0x30, 0x20, 0x53, 0x20, 0x20, 0x45, 0x20, 0x20, 0x3E, 0x20, 0x20, 0x20, 0x20, 0x20, 0x20, 0x20, 0x20, 0x20, 0x20, 0x20, 0x20, 0x20, 0x20, 0x20, 0x53, 0x53, 0x20, 0x4C, 0x53, 0x20, 0x51, 0x53, 0x20, 0x45, 0x53, 0x20, 0x56, 0x53, 0x20, 0x55, 0x53, 0x20, 0x52, 0x53, 0x20, 0x4B, 0x51, 0x20, 0x4E, 0x51, 0x20, 0x58, 0x53, 0x20, 0x5A, 0x53, 0x20, 0x20, 0x20, 0x20, 0x20, 0x20, 0x20, 0x20, 0x20, 0x20, 0x20, 0x20, 0x20, 0x20, 0x20, 0x20, 0x20, 0x20, 0x20, 0x20, 0x54, 0x31, 0x20, 0x54, 0x33, 0x20, 0x20, 0x32, 0x3A, 0x35, 0x35, 0xD, 0x37, 0x20, 0x20, 0x20, 0x33, 0x55, 0x38, 0x38, 0x39, 0x31, 0x20, 0x20, 0x44, 0x53, 0x23, 0x20, 0x46, 0x38, 0x20, 0x50, 0x38, 0x20, 0x41, 0x38, 0x20, 0x59, 0x41, 0x20, 0x42, 0x41, 0x20, 0x54, 0x41, 0x20, 0x57, 0x53, 0x20, 0x48, 0x41, 0x20, 0x4D, 0x53, 0x20, 0x47, 0x41, 0x20, 0x20, 0x43, 0x54, 0x55, 0x50, 0x45, 0x4B, 0x20, 0x31, 0x39, 0x33, 0x30, 0x20, 0x20, 0x20, 0x32, 0x32, 0x31, 0x35, 0x20, 0x20, 0x20, 0x33, 0x32, 0x30, 0x20, 0x30, 0x20, 0x53, 0x20, 0x20, 0x45, 0x20, 0x20, 0x3E, 0x20, 0x20, 0x20, 0x20, 0x20, 0x20, 0x20, 0x20, 0x20, 0x20, 0x20, 0x20, 0x20, 0x20, 0x20, 0x53, 0x53, 0x20, 0x4C, 0x53, 0x20, 0x51, 0x53, 0x20, 0x45, 0x53, 0x20, 0x56, 0x53, 0x20, 0x55, 0x53, 0x20, 0x52, 0x53, 0x20, 0x4B, 0x51, 0x20, 0x4E, 0x51, 0x20, 0x58, 0x53, 0x20, 0x5A, 0x53, 0x20, 0x20, 0x20, 0x20, 0x20, 0x20, 0x20, 0x20, 0x20, 0x20, 0x20, 0x20, 0x20, 0x20, 0x20, 0x20, 0x20, 0x20, 0x20, 0x20, 0x54, 0x31, 0x20, 0x54, 0x33, 0x20, 0x20, 0x32, 0x3A, 0x34, 0x35, 0xD, 0x38, 0x20, 0x20, 0x20, 0x33, 0x55, 0x38, 0x38, 0x39, 0x35, 0x20, 0x20, 0x44, 0x53, 0x23, 0x20, 0x46, 0x38, 0x20, 0x50, 0x38, 0x20, 0x41, 0x38, 0x20, 0x59, 0x41, 0x20, 0x42, 0x41, 0x20, 0x54, 0x41, 0x20, 0x57, 0x53, 0x20, 0x48, 0x41, 0x20, 0x4D, 0x53, 0x20, 0x47, 0x41, 0x20, 0x20, 0x43, 0x54, 0x55, 0x50, 0x45, 0x4B, 0x20, 0x32, 0x30, 0x33, 0x30, 0x20, 0x20, 0x20, 0x32, 0x33, 0x32, 0x35, 0x20, 0x20, 0x20, 0x33, 0x32, 0x30, 0x20, 0x30, 0x20, 0x53, 0x20, 0x20, 0x45, 0x20, 0x20, 0x3E, 0x20, 0x20, 0x20, 0x20, 0x20, 0x20, 0x20, 0x20, 0x20, 0x20, 0x20, 0x20, 0x20, 0x20, 0x20, 0x53, 0x53, 0x20, 0x4C, 0x53, 0x20, 0x51, 0x53, 0x20, 0x45, 0x53, 0x20, 0x56, 0x53, 0x20, 0x55, 0x53, 0x20, 0x52, 0x53, 0x20, 0x4B, 0x51, 0x20, 0x4E, 0x51, 0x20, 0x58, 0x53, 0x20, 0x5A, 0x53, 0x20, 0x20, 0x20, 0x20, 0x20, 0x20, 0x20, 0x20, 0x20, 0x20, 0x20, 0x20, 0x20, 0x20, 0x20, 0x20, 0x20, 0x20, 0x20, 0x20, 0x54, 0x31, 0x20, 0x54, 0x33, 0x20, 0x20, 0x32, 0x3A, 0x35, 0x35, 0xD, 0x39, 0x2B, 0x20, 0x20, 0x33, 0x55, 0x38, 0x35, 0x34, 0x37, 0x20, 0x20, 0x44, 0x53, 0x23, 0x20, 0x46, 0x41, 0x20, 0x50, 0x41, 0x20, 0x41, 0x41, 0x20, 0x59, 0x41, 0x20, 0x42, 0x41, 0x20, 0x54, 0x41, 0x20, 0x57, 0x53, 0x20, 0x48, 0x41, 0x20, 0x4D, 0x53, 0x20, 0x47, 0x41, 0x20, 0x20, 0x43, 0x54, 0x55, 0x50, 0x45, 0x4B, 0x20, 0x32, 0x30, 0x33, 0x30, 0x20, 0x20, 0x20, 0x32, 0x33, 0x34, 0x30, 0x20, 0x20, 0x20, 0x33, 0x32, 0x31, 0x20, 0x30, 0x20, 0x53, 0x20, 0x20, 0x45, 0x20, 0x20, 0x3E, 0x20, 0x20, 0x20, 0x20, 0x20, 0x20, 0x20, 0x20, 0x20, 0x20, 0x20, 0x20, 0x20, 0x20, 0x20, 0x53, 0x53, 0x20, 0x4C, 0x53, 0x20, 0x51, 0x53, 0x20, 0x45, 0x53, 0x20, 0x56, 0x53, 0x20, 0x55, 0x53, 0x20, 0x52, 0x53, 0x20, 0x4B, 0x51, 0x20, 0x4E, 0x51, 0x20, 0x58, 0x53, 0x20, 0x5A, 0x53, 0x20, 0x20, 0x20, 0x20, 0x20, 0x20, 0x20, 0x20, 0x20, 0x20, 0x20, 0x20, 0x20, 0x20, 0x20, 0x20, 0x20, 0x20, 0x20, 0x20, 0x54, 0x31, 0x20, 0x54, 0x33, 0x20, 0x20, 0x33, 0x3A, 0x31, 0x30, 0xD, 0x1C, 0x2A, 0x2A, 0x20, 0x20, 0x43, 0x5A, 0x20, 0x20, 0x46, 0x41, 0x52, 0x45, 0x20, 0x20, 0x20, 0x20, 0x43, 0x54, 0x55, 0x50, 0x45, 0x4B, 0x2F, 0x50, 0x45, 0x4B, 0x43, 0x54, 0x55, 0x20, 0x20, 0x20, 0x59, 0x49, 0x3A, 0x43, 0x5A, 0x2F, 0x54, 0x5A, 0x33, 0x30, 0x35, 0x1D, 0xD, 0x1C, 0x2A, 0x2A, 0x20, 0x20, 0x1B, 0xE, 0x34, 0x64, 0x43, 0x77, 0x25, 0x57, 0x37, 0x39, 0x35, 0x6A, 0x1B, 0xF, 0x34, 0x2A, 0x3A, 0x1B, 0xE, 0x4C, 0x6C, 0x28, 0x22, 0x43, 0x45, 0x1B, 0xF, 0x2C, 0x1B, 0xE, 0x4D, 0x75, 0x38, 0x2E, 0x3E, 0x2E, 0x1B, 0xF, 0x2C, 0x1B, 0xE, 0x39, 0x4A, 0x39, 0x2C, 0x1B, 0xF, 0x2C, 0x1B, 0xE, 0x23, 0x6A, 0x57, 0x3C, 0x3C, 0x64, 0x1B, 0xF, 0x39, 0x1B, 0xE, 0x54, 0x42, 0x1B, 0xF, 0x35, 0x38, 0x30, 0x1B, 0xE, 0x54, 0x2A, 0x1B, 0xF, 0x1D, 0xD, 0xD, 0x1E, 0x1B, 0x62, 0x3
#######################################
#######################################
2012/09/24 16:41:04
message:接收到帐号：wyl发送的数据包：
#######################################
#######################################
2012/09/24 16:41:04
message:接收指令异常（空），断开wyl的连接！
#######################################
#######################################
2012/09/24 16:41:12
message:停止客户端监听服务线程...
#######################################
#######################################
2012/09/24 16:41:12
message:停止客户端监听服务...
#######################################
#######################################
2012/09/24 16:41:12
message:准备停止客户端线程及客户端Socket服务...
#######################################
#######################################
2012/09/24 16:41:12
message:客户端处理线程出现异常，异常信息：正在中止线程。
#######################################
#######################################
2012/09/24 16:41:12
message:停止客户端线程及客户端Socket服务完毕...
#######################################
