#######################################
2012/09/24 15:51:26
message:开启客户端监听服务线程...
#######################################
#######################################
2012/09/24 15:51:26
message:开启监听：IP地址127.0.0.1；端口360...
#######################################
#######################################
2012/09/24 15:51:29
message:停止客户端监听服务线程...
#######################################
#######################################
2012/09/24 15:51:29
message:停止客户端监听服务...
#######################################
#######################################
2012/09/24 15:51:29
message:准备停止客户端线程及客户端Socket服务...
#######################################
#######################################
2012/09/24 15:51:29
message:停止客户端线程及客户端Socket服务完毕...
#######################################
#######################################
2012/09/24 15:51:29
message:客户端处理线程出现异常，异常信息：正在中止线程。
#######################################
#######################################
2012/09/24 15:51:59
message:开启客户端监听服务线程...
#######################################
#######################################
2012/09/24 15:51:59
message:开启监听：IP地址127.0.0.1；端口360...
#######################################
#######################################
2012/09/24 15:52:19
message:收到客户端连接请求...
#######################################
#######################################
2012/09/24 15:52:19
message:收到客户端连接请求数据包：0x1, 0xA2, 0x77, 0x79, 0x6C, 0x0, 0x0, 0x0, 0x0, 0x0, 0x0, 0x0, 0x0, 0x0, 0x0, 0x0, 0x0, 0x0, 0x31, 0x32, 0x33, 0x0, 0x0, 0x0, 0x0, 0x0, 0x0, 0x0, 0x0, 0x0, 0x0, 0x0, 0x0, 0x0, 0x0, 0x0, 0x0, 0x0, 0x0, 0x0, 0x0, 0x0, 0x0, 0x0, 0x0, 0x0, 0x0, 0x0, 0x0, 0x0, 0x30, 0x30, 0x35, 0x30, 0x35, 0x36, 0x63, 0x30, 0x30, 0x30, 0x30, 0x38, 0x31, 0x39, 0x32, 0x2E, 0x31, 0x36, 0x38, 0x2E, 0x32, 0x2E, 0x31, 0x30, 0x37, 0x20, 0x20, 0x33, 0x37, 0x33, 0x30, 0x30, 0x31, 0x30, 0x0, 0x30, 0x30, 0x30, 0x30, 0x30, 0x30, 0x0, 0x0, 0x0, 0x0, 0x0, 0x0, 0x0, 0x0, 0x0, 0x0, 0x0, 0x0, 0x0, 0x0, 0x0, 0x0, 0x0, 0x0, 0x0, 0x0, 0x0, 0x0, 0x0, 0x0, 0x0, 0x0, 0x0, 0x0, 0x0, 0x0, 0x0, 0x0, 0x0, 0x0, 0x0, 0x0, 0x0, 0x0, 0x0, 0x0, 0x0, 0x0, 0x0, 0x0, 0x0, 0x0, 0x0, 0x0, 0x0, 0x0, 0x0, 0x0, 0x0, 0x0, 0x0, 0x0, 0x0, 0x0, 0x0, 0x0, 0x0, 0x0, 0x0, 0x0, 0x0, 0x0, 0x0, 0x0, 0x0, 0x0, 0x0
#######################################
#######################################
2012/09/24 15:52:19
message:用户名：wyl登录成功！
#######################################
#######################################
2012/09/24 15:52:19
message:接收到帐号：wyl发送的数据包：0x1, 0xFE, 0x0, 0x11, 0x14, 0x10, 0x0, 0x2, 0x0, 0x0, 0x0, 0x0, 0x0, 0x0, 0x0, 0x0, 0x0, 0x1, 0xFE, 0x0, 0x11, 0x14, 0x10, 0x0, 0x2, 0xC, 0x0, 0x0, 0x0, 0x0, 0x0, 0x0, 0x0, 0x0, 0x1, 0xFE, 0x0, 0x11, 0x14, 0x10, 0x0, 0x2, 0x29, 0x0, 0x0, 0x0, 0x0, 0x0, 0x0, 0x0, 0x0
#######################################
#######################################
2012/09/24 15:52:19
message:向帐号：wyl 发送数据包0x1, 0xFD, 0x0, 0x6, 0x0, 0x0, 0x1, 0xFD, 0x0, 0x6, 0x0, 0xC
#######################################
#######################################
2012/09/24 15:52:19
message:向帐号：wyl 发送数据包0x1, 0xFD, 0x0, 0x6, 0x0, 0x29
#######################################
#######################################
2012/09/24 15:53:08
message:接收到帐号：wyl发送的数据包：0x1, 0x0, 0x0, 0x2A, 0x0, 0x0, 0x0, 0x1, 0x41, 0x51, 0x70, 0x2, 0x1B, 0xB, 0x20, 0x20, 0x0, 0xF, 0x1E, 0x61, 0x76, 0x68, 0x2F, 0x63, 0x74, 0x75, 0x70, 0x65, 0x6B, 0x2F, 0x32, 0x30, 0x6F, 0x63, 0x74, 0x2F, 0x33, 0x75, 0x2F, 0x64, 0x20, 0x3
#######################################
#######################################
2012/09/24 15:53:08
message:收到帐号：wyl 发送指令信息：avh/ctupek/20oct/3u/d
#######################################
#######################################
2012/09/24 15:53:08
message:对帐号：wyl 发送指令做上下文处理后，待发送指令为：avh/ctupek/20oct/3u/d...
#######################################
#######################################
2012/09/24 15:53:08
message:帐号：wyl 待发送指令数据包：0x1, 0x0, 0x0, 0x2A, 0x0, 0x0, 0x0, 0x1, 0x36, 0x51, 0x70, 0x2, 0x1B, 0xB, 0x21, 0x20, 0x0, 0xF, 0x1E, 0x61, 0x76, 0x68, 0x2F, 0x63, 0x74, 0x75, 0x70, 0x65, 0x6B, 0x2F, 0x32, 0x30, 0x6F, 0x63, 0x74, 0x2F, 0x33, 0x75, 0x2F, 0x64, 0x20, 0x3
#######################################
#######################################
2012/09/24 15:53:08
message:帐号：wyl 发送指令操作出错，错误消息：...
#######################################
#######################################
2012/09/24 15:53:08
message:向帐号：wyl 回复数据包：0x1, 0x0, 0x0, 0x18, 0x0, 0x0, 0x0, 0x1, 0x41, 0x51, 0x70, 0x2, 0x1B, 0xB, 0x21, 0x20, 0xF, 0x1B, 0x4D, 0xD, 0x1E, 0x1B, 0x62, 0x3
#######################################
#######################################
2012/09/24 15:53:46
message:接收到帐号：wyl发送的数据包：0x1, 0x0, 0x0, 0x2B, 0x0, 0x0, 0x0, 0x1, 0x41, 0x51, 0x70, 0x2, 0x1B, 0xB, 0x20, 0x20, 0x0, 0xF, 0x1E, 0x61, 0x76, 0x68, 0x2F, 0x63, 0x74, 0x75, 0x70, 0x65, 0x6B, 0x2F, 0x32, 0x30, 0x6F, 0x63, 0x74, 0x2F, 0x33, 0x75, 0x2F, 0x64, 0x20, 0x20, 0x3
#######################################
#######################################
2012/09/24 15:53:46
message:收到帐号：wyl 发送指令信息：avh/ctupek/20oct/3u/d 
#######################################
#######################################
2012/09/24 15:53:46
message:对帐号：wyl 发送指令做上下文处理后，待发送指令为：avh/ctupek/20oct/3u/d ...
#######################################
#######################################
2012/09/24 15:53:46
message:帐号：wyl 待发送指令数据包：0x1, 0x0, 0x0, 0x2B, 0x0, 0x0, 0x0, 0x1, 0x36, 0x51, 0x70, 0x2, 0x1B, 0xB, 0x21, 0x20, 0x0, 0xF, 0x1E, 0x61, 0x76, 0x68, 0x2F, 0x63, 0x74, 0x75, 0x70, 0x65, 0x6B, 0x2F, 0x32, 0x30, 0x6F, 0x63, 0x74, 0x2F, 0x33, 0x75, 0x2F, 0x64, 0x20, 0x20, 0x3
#######################################
#######################################
2012/09/24 15:53:46
message:帐号：wyl 发送指令操作出错，错误消息：...
#######################################
#######################################
2012/09/24 15:53:46
message:向帐号：wyl 回复数据包：0x1, 0x0, 0x0, 0x18, 0x0, 0x0, 0x0, 0x1, 0x41, 0x51, 0x70, 0x2, 0x1B, 0xB, 0x21, 0x20, 0xF, 0x1B, 0x4D, 0xD, 0x1E, 0x1B, 0x62, 0x3
#######################################
#######################################
2012/09/24 15:54:33
message:接收到帐号：wyl发送的数据包：0x1, 0x0, 0x0, 0x2B, 0x0, 0x0, 0x0, 0x1, 0x41, 0x51, 0x70, 0x2, 0x1B, 0xB, 0x20, 0x20, 0x0, 0xF, 0x1E, 0x61, 0x76, 0x68, 0x2F, 0x63, 0x74, 0x75, 0x70, 0x65, 0x6B, 0x2F, 0x32, 0x30, 0x6F, 0x63, 0x74, 0x2F, 0x33, 0x75, 0x2F, 0x64, 0x20, 0x20, 0x3
#######################################
#######################################
2012/09/24 15:54:38
message:收到帐号：wyl 发送指令信息：avh/ctupek/20oct/3u/d 
#######################################
#######################################
2012/09/24 15:54:42
message:对帐号：wyl 发送指令做上下文处理后，待发送指令为：avh/ctupek/20oct/3u/d ...
#######################################
#######################################
2012/09/24 15:54:49
message:帐号：wyl 待发送指令数据包：0x1, 0x0, 0x0, 0x2B, 0x0, 0x0, 0x0, 0x1, 0x36, 0x51, 0x70, 0x2, 0x1B, 0xB, 0x21, 0x20, 0x0, 0xF, 0x1E, 0x61, 0x76, 0x68, 0x2F, 0x63, 0x74, 0x75, 0x70, 0x65, 0x6B, 0x2F, 0x32, 0x30, 0x6F, 0x63, 0x74, 0x2F, 0x33, 0x75, 0x2F, 0x64, 0x20, 0x20, 0x3
#######################################
#######################################
2012/09/24 15:56:02
message:开启客户端监听服务线程...
#######################################
#######################################
2012/09/24 15:56:02
message:开启监听：IP地址127.0.0.1；端口360...
#######################################
#######################################
2012/09/24 15:56:20
message:收到客户端连接请求...
#######################################
#######################################
2012/09/24 15:56:20
message:收到客户端连接请求数据包：0x1, 0xA2, 0x77, 0x79, 0x6C, 0x0, 0x0, 0x0, 0x0, 0x0, 0x0, 0x0, 0x0, 0x0, 0x0, 0x0, 0x0, 0x0, 0x31, 0x32, 0x33, 0x0, 0x0, 0x0, 0x0, 0x0, 0x0, 0x0, 0x0, 0x0, 0x0, 0x0, 0x0, 0x0, 0x0, 0x0, 0x0, 0x0, 0x0, 0x0, 0x0, 0x0, 0x0, 0x0, 0x0, 0x0, 0x0, 0x0, 0x0, 0x0, 0x30, 0x30, 0x35, 0x30, 0x35, 0x36, 0x63, 0x30, 0x30, 0x30, 0x30, 0x38, 0x31, 0x39, 0x32, 0x2E, 0x31, 0x36, 0x38, 0x2E, 0x32, 0x2E, 0x31, 0x30, 0x37, 0x20, 0x20, 0x33, 0x37, 0x33, 0x30, 0x30, 0x31, 0x30, 0x0, 0x30, 0x30, 0x30, 0x30, 0x30, 0x30, 0x0, 0x0, 0x0, 0x0, 0x0, 0x0, 0x0, 0x0, 0x0, 0x0, 0x0, 0x0, 0x0, 0x0, 0x0, 0x0, 0x0, 0x0, 0x0, 0x0, 0x0, 0x0, 0x0, 0x0, 0x0, 0x0, 0x0, 0x0, 0x0, 0x0, 0x0, 0x0, 0x0, 0x0, 0x0, 0x0, 0x0, 0x0, 0x0, 0x0, 0x0, 0x0, 0x0, 0x0, 0x0, 0x0, 0x0, 0x0, 0x0, 0x0, 0x0, 0x0, 0x0, 0x0, 0x0, 0x0, 0x0, 0x0, 0x0, 0x0, 0x0, 0x0, 0x0, 0x0, 0x0, 0x0, 0x0, 0x0, 0x0, 0x0, 0x0
#######################################
#######################################
2012/09/24 15:56:20
message:用户名：wyl登录成功！
#######################################
#######################################
2012/09/24 15:56:20
message:接收到帐号：wyl发送的数据包：0x1, 0xFE, 0x0, 0x11, 0x14, 0x10, 0x0, 0x2, 0x0, 0x0, 0x0, 0x0, 0x0, 0x0, 0x0, 0x0, 0x0, 0x1, 0xFE, 0x0, 0x11, 0x14, 0x10, 0x0, 0x2, 0xC, 0x0, 0x0, 0x0, 0x0, 0x0, 0x0, 0x0, 0x0, 0x1, 0xFE, 0x0, 0x11, 0x14, 0x10, 0x0, 0x2, 0x29, 0x0, 0x0, 0x0, 0x0, 0x0, 0x0, 0x0, 0x0
#######################################
#######################################
2012/09/24 15:56:20
message:向帐号：wyl 发送数据包0x1, 0xFD, 0x0, 0x6, 0x0, 0x0, 0x1, 0xFD, 0x0, 0x6, 0x0, 0xC
#######################################
#######################################
2012/09/24 15:56:20
message:向帐号：wyl 发送数据包0x1, 0xFD, 0x0, 0x6, 0x0, 0x29
#######################################
#######################################
2012/09/24 15:57:22
message:接收到帐号：wyl发送的数据包：
#######################################
#######################################
2012/09/24 15:57:22
message:接收指令异常（空），断开wyl的连接！
#######################################
#######################################
2012/09/24 15:58:53
message:收到客户端连接请求...
#######################################
#######################################
2012/09/24 15:58:53
message:收到客户端连接请求数据包：0x1, 0xA2, 0x77, 0x79, 0x6C, 0x0, 0x0, 0x0, 0x0, 0x0, 0x0, 0x0, 0x0, 0x0, 0x0, 0x0, 0x0, 0x0, 0x31, 0x32, 0x33, 0x0, 0x0, 0x0, 0x0, 0x0, 0x0, 0x0, 0x0, 0x0, 0x0, 0x0, 0x0, 0x0, 0x0, 0x0, 0x0, 0x0, 0x0, 0x0, 0x0, 0x0, 0x0, 0x0, 0x0, 0x0, 0x0, 0x0, 0x0, 0x0, 0x30, 0x30, 0x35, 0x30, 0x35, 0x36, 0x63, 0x30, 0x30, 0x30, 0x30, 0x38, 0x31, 0x39, 0x32, 0x2E, 0x31, 0x36, 0x38, 0x2E, 0x32, 0x2E, 0x31, 0x30, 0x37, 0x20, 0x20, 0x33, 0x37, 0x33, 0x30, 0x30, 0x31, 0x30, 0x0, 0x30, 0x30, 0x30, 0x30, 0x30, 0x30, 0x0, 0x0, 0x0, 0x0, 0x0, 0x0, 0x0, 0x0, 0x0, 0x0, 0x0, 0x0, 0x0, 0x0, 0x0, 0x0, 0x0, 0x0, 0x0, 0x0, 0x0, 0x0, 0x0, 0x0, 0x0, 0x0, 0x0, 0x0, 0x0, 0x0, 0x0, 0x0, 0x0, 0x0, 0x0, 0x0, 0x0, 0x0, 0x0, 0x0, 0x0, 0x0, 0x0, 0x0, 0x0, 0x0, 0x0, 0x0, 0x0, 0x0, 0x0, 0x0, 0x0, 0x0, 0x0, 0x0, 0x0, 0x0, 0x0, 0x0, 0x0, 0x0, 0x0, 0x0, 0x0, 0x0, 0x0, 0x0, 0x0, 0x0, 0x0
#######################################
#######################################
2012/09/24 15:58:53
message:用户名：wyl登录成功！
#######################################
#######################################
2012/09/24 15:58:53
message:接收到帐号：wyl发送的数据包：0x1, 0xFE, 0x0, 0x11, 0x14, 0x10, 0x0, 0x2, 0x0, 0x0, 0x0, 0x0, 0x0, 0x0, 0x0, 0x0, 0x0, 0x1, 0xFE, 0x0, 0x11, 0x14, 0x10, 0x0, 0x2, 0xC, 0x0, 0x0, 0x0, 0x0, 0x0, 0x0, 0x0, 0x0, 0x1, 0xFE, 0x0, 0x11, 0x14, 0x10, 0x0, 0x2, 0x29, 0x0, 0x0, 0x0, 0x0, 0x0, 0x0, 0x0, 0x0
#######################################
#######################################
2012/09/24 15:58:53
message:向帐号：wyl 发送数据包0x1, 0xFD, 0x0, 0x6, 0x0, 0x0, 0x1, 0xFD, 0x0, 0x6, 0x0, 0xC
#######################################
#######################################
2012/09/24 15:58:53
message:向帐号：wyl 发送数据包0x1, 0xFD, 0x0, 0x6, 0x0, 0x29
#######################################
#######################################
2012/09/24 15:58:54
message:接收到帐号：wyl发送的数据包：0x1, 0xF9, 0x0, 0x44, 0x0, 0x1, 0x1B, 0x0, 0x0, 0x0, 0x0, 0x0, 0x0, 0x0, 0x0, 0x0, 0x0, 0x0, 0x0, 0x0, 0x0, 0x0, 0x0, 0x0, 0x0, 0x0, 0x0, 0x0, 0x0, 0x0, 0x0, 0x0, 0x0, 0x0, 0x0, 0x0, 0x0, 0x0, 0x0, 0x0, 0x0, 0x0, 0x0, 0x0, 0x0, 0x0, 0x0, 0x0, 0x0, 0x0, 0x0, 0x0, 0x0, 0x0, 0x0, 0x0, 0x0, 0x0, 0x0, 0x0, 0x0, 0x0, 0x0, 0x0, 0x0, 0x0, 0x0, 0x0
#######################################
#######################################
2012/09/24 15:58:54
message:接收到帐号：wyl 的初次登录数据包，回复欢迎信息框...
#######################################
#######################################
2012/09/24 15:58:54
message:向帐号：wyl 回复成功数据包0x1, 0xF8, 0x0, 0xE, 0xB5, 0xC7, 0xC2, 0xBC, 0xB3, 0xC9, 0xB9, 0xA6, 0xA3, 0xA1
#######################################
#######################################
2012/09/24 15:59:06
message:接收到帐号：wyl发送的数据包：0x1, 0x0, 0x0, 0x2A, 0x0, 0x0, 0x0, 0x1, 0x41, 0x51, 0x70, 0x2, 0x1B, 0xB, 0x20, 0x20, 0x0, 0xF, 0x1E, 0x61, 0x76, 0x68, 0x2F, 0x63, 0x74, 0x75, 0x70, 0x65, 0x6B, 0x2F, 0x32, 0x30, 0x6F, 0x63, 0x74, 0x2F, 0x33, 0x75, 0x2F, 0x64, 0x20, 0x3
#######################################
