#######################################
2012/10/19 15:23:00
message:å¼€å¯ç›‘å¬ï¼šIPåœ°å€127.0.0.1ï¼›ç«¯å£360...
#######################################
#######################################
2012/10/19 15:23:00
message:å¼€å¯å®¢æˆ·ç«¯ç›‘å¬æœåŠ¡çº¿ç¨‹...
#######################################
#######################################
2012/10/19 15:23:28
message:æ”¶åˆ°å®¢æˆ·ç«¯è¿æ¥è¯·æ±‚...
#######################################
#######################################
2012/10/19 15:23:28
message:æ”¶åˆ°å®¢æˆ·ç«¯è¿æ¥è¯·æ±‚æ•°æ®åŒ…ï¼š0x1, 0xA2, 0x77, 0x79, 0x6C, 0x32, 0x0, 0x0, 0x0, 0x0, 0x0, 0x0, 0x0, 0x0, 0x0, 0x0, 0x0, 0x0, 0x31, 0x32, 0x33, 0x0, 0x0, 0x0, 0x0, 0x0, 0x0, 0x0, 0x0, 0x0, 0x0, 0x0, 0x0, 0x0, 0x0, 0x0, 0x0, 0x0, 0x0, 0x0, 0x0, 0x0, 0x0, 0x0, 0x0, 0x0, 0x0, 0x0, 0x0, 0x0, 0x30, 0x30, 0x35, 0x30, 0x35, 0x36, 0x63, 0x30, 0x30, 0x30, 0x30, 0x38, 0x31, 0x39, 0x32, 0x2E, 0x31, 0x36, 0x38, 0x2E, 0x32, 0x2E, 0x31, 0x30, 0x37, 0x20, 0x20, 0x33, 0x38, 0x33, 0x32, 0x30, 0x31, 0x30, 0x0, 0x30, 0x30, 0x30, 0x30, 0x30, 0x30, 0x0, 0x0, 0x0, 0x0, 0x0, 0x0, 0x0, 0x0, 0x0, 0x0, 0x0, 0x0, 0x0, 0x0, 0x0, 0x0, 0x0, 0x0, 0x0, 0x0, 0x0, 0x0, 0x0, 0x0, 0x0, 0x0, 0x0, 0x0, 0x0, 0x0, 0x0, 0x0, 0x0, 0x0, 0x0, 0x0, 0x0, 0x0, 0x0, 0x0, 0x0, 0x0, 0x0, 0x0, 0x0, 0x0, 0x0, 0x0, 0x0, 0x0, 0x0, 0x0, 0x0, 0x0, 0x0, 0x0, 0x0, 0x0, 0x0, 0x0, 0x0, 0x0, 0x0, 0x0, 0x0, 0x0, 0x0, 0x0, 0x0, 0x0, 0x0
#######################################
#######################################
2012/10/19 15:23:28
message:ç”¨æˆ·åï¼šwyl2ç™»å½•æˆåŠŸï¼
#######################################
#######################################
2012/10/19 15:23:28
message:æ¥æ”¶åˆ°å¸å·ï¼šwyl2å‘é€çš„æ•°æ®åŒ…ï¼š0x1, 0xFE, 0x0, 0x11, 0x14, 0x10, 0x0, 0x2, 0x0, 0x0, 0x0, 0x0, 0x0, 0x0, 0x0, 0x0, 0x0, 0x1, 0xFE, 0x0, 0x11, 0x14, 0x10, 0x0, 0x2, 0xC, 0x0, 0x0, 0x0, 0x0, 0x0, 0x0, 0x0, 0x0, 0x1, 0xFE, 0x0, 0x11, 0x14, 0x10, 0x0, 0x2, 0x29, 0x0, 0x0, 0x0, 0x0, 0x0, 0x0, 0x0, 0x0
#######################################
#######################################
2012/10/19 15:23:28
message:å‘å¸å·ï¼šwyl2 å‘é€æ•°æ®åŒ…0x1, 0xFD, 0x0, 0x6, 0x0, 0x0, 0x1, 0xFD, 0x0, 0x6, 0x0, 0xC
#######################################
#######################################
2012/10/19 15:23:28
message:å‘å¸å·ï¼šwyl2 å‘é€æ•°æ®åŒ…0x1, 0xFD, 0x0, 0x6, 0x0, 0x29
#######################################
#######################################
2012/10/19 15:23:29
message:æ¥æ”¶åˆ°å¸å·ï¼šwyl2å‘é€çš„æ•°æ®åŒ…ï¼š0x1, 0xF9, 0x0, 0x44, 0x0, 0x1, 0x1B, 0x0, 0x0, 0x0, 0x0, 0x0, 0x0, 0x0, 0x0, 0x0, 0x0, 0x0, 0x0, 0x0, 0x0, 0x0, 0x0, 0x0, 0x0, 0x0, 0x0, 0x0, 0x0, 0x0, 0x0, 0x0, 0x0, 0x0, 0x0, 0x0, 0x0, 0x0, 0x0, 0x0, 0x0, 0x0, 0x0, 0x0, 0x0, 0x0, 0x0, 0x0, 0x0, 0x0, 0x0, 0x0, 0x0, 0x0, 0x0, 0x0, 0x0, 0x0, 0x0, 0x0, 0x0, 0x0, 0x0, 0x0, 0x0, 0x0, 0x0, 0x0
#######################################
#######################################
2012/10/19 15:23:29
message:æ¥æ”¶åˆ°å¸å·ï¼šwyl2 çš„åˆæ¬¡ç™»å½•æ•°æ®åŒ…ï¼Œå›å¤æ¬¢è¿ä¿¡æ¯æ¡†...
#######################################
#######################################
2012/10/19 15:23:29
message:å‘å¸å·ï¼šwyl2 å›å¤æ•°æ®åŒ…ï¼š0x1, 0x0, 0x0, 0x57, 0x0, 0x0, 0x0, 0x1, 0x41, 0x51, 0x70, 0x2, 0x1B, 0xB, 0x21, 0x20, 0xF, 0x1B, 0x4D, 0x1B, 0xE, 0x3B, 0x36, 0x53, 0x2D, 0x4A, 0x39, 0x53, 0x43, 0x1B, 0xF, 0x50, 0x49, 0x44, 0x1B, 0xE, 0x37, 0x7E, 0x4E, 0x71, 0x48, 0x6D, 0x3C, 0x7E, 0x1B, 0xF, 0x21, 0xD, 0xD, 0x1B, 0xE, 0x44, 0x7A, 0x55, 0x4A, 0x3A, 0x45, 0x35, 0x44, 0x35, 0x3D, 0x46, 0x5A, 0x27, 0x4A, 0x3C, 0x64, 0x1B, 0xF, 0x3A, 0x20, 0x32, 0x30, 0x31, 0x36, 0x2D, 0x30, 0x38, 0x2D, 0x31, 0x39, 0x2E, 0xD, 0x1E, 0x1B, 0x62, 0x3
#######################################
#######################################
2012/10/19 15:23:29
message:å‘å¸å·ï¼šwyl2 å›å¤æˆåŠŸæ•°æ®åŒ…0x1, 0xF8, 0x0, 0xE, 0xB5, 0xC7, 0xC2, 0xBC, 0xB3, 0xC9, 0xB9, 0xA6, 0xA3, 0xA1
#######################################
#######################################
2012/10/19 15:24:05
message:æ¥æ”¶åˆ°å¸å·ï¼šwyl2å‘é€çš„æ•°æ®åŒ…ï¼š0x1, 0x0, 0x0, 0x3A, 0x0, 0x0, 0x0, 0x1, 0x41, 0x51, 0x70, 0x2, 0x1B, 0xB, 0x24, 0x20, 0x0, 0xF, 0x1E, 0x50, 0x52, 0x49, 0x4E, 0x56, 0x20, 0x37, 0x38, 0x31, 0x32, 0x31, 0x31, 0x35, 0x37, 0x37, 0x34, 0x37, 0x39, 0x31, 0x2C, 0x7B, 0x49, 0x54, 0x54, 0x4E, 0x3D, 0x34, 0x34, 0x36, 0x39, 0x38, 0x36, 0x37, 0x31, 0x36, 0x33, 0x7D, 0x20, 0x3
#######################################
#######################################
2012/10/19 15:24:05
message:æ”¶åˆ°å¸å·ï¼šwyl2 å‘é€æŒ‡ä»¤ä¿¡æ¯ï¼šPRINV 7812115774791,{ITTN=4469867163}
#######################################
#######################################
2012/10/19 15:24:05
message:å¯¹å¸å·ï¼šwyl2 å‘é€æŒ‡ä»¤åšä¸Šä¸‹æ–‡å¤„ç†åï¼Œå¾…å‘é€æŒ‡ä»¤ä¸ºï¼šPRINV 7812115774791,{ITTN=4469867163}...
#######################################
#######################################
2012/10/19 15:24:05
message:å¸å·ï¼šwyl2 å¾…å‘é€æŒ‡ä»¤æ•°æ®åŒ…ï¼š0x1, 0x0, 0x0, 0x3A, 0x0, 0x0, 0x0, 0x1, 0x36, 0x51, 0x70, 0x2, 0x1B, 0xB, 0x21, 0x20, 0x0, 0xF, 0x1E, 0x50, 0x52, 0x49, 0x4E, 0x56, 0x20, 0x37, 0x38, 0x31, 0x32, 0x31, 0x31, 0x35, 0x37, 0x37, 0x34, 0x37, 0x39, 0x31, 0x2C, 0x7B, 0x49, 0x54, 0x54, 0x4E, 0x3D, 0x34, 0x34, 0x36, 0x39, 0x38, 0x36, 0x37, 0x31, 0x36, 0x33, 0x7D, 0x20, 0x3
#######################################
#######################################
2012/10/19 15:24:05
message:å¸å·ï¼šwyl2 å‘é€æŒ‡ä»¤æˆåŠŸå–å¾—è¿”å›ç»“æœï¼šMæ¡£æ¡ˆæœªæ‰¾åˆ°  
#######################################
#######################################
2012/10/19 15:24:05
message:å‘å¸å·ï¼šwyl2 å›å¤æ•°æ®åŒ…ï¼š0x1, 0x0, 0x0, 0x29, 0x0, 0x0, 0x0, 0x1, 0x41, 0x51, 0x70, 0x2, 0x1B, 0xB, 0x21, 0x20, 0xF, 0x1B, 0x4D, 0x1B, 0xE, 0x35, 0x35, 0x22, 0x38, 0x4E, 0x34, 0x55, 0x52, 0x35, 0x3D, 0x1B, 0xF, 0x20, 0x20, 0xD, 0xD, 0x1E, 0x1B, 0x62, 0x3
#######################################
#######################################
2012/10/19 15:24:27
message:æ¥æ”¶åˆ°å¸å·ï¼šwyl2å‘é€çš„æ•°æ®åŒ…ï¼š0x1, 0x0, 0x0, 0x3A, 0x0, 0x0, 0x0, 0x1, 0x41, 0x51, 0x70, 0x2, 0x1B, 0xB, 0x23, 0x20, 0x0, 0xF, 0x1E, 0x50, 0x52, 0x49, 0x4E, 0x56, 0x20, 0x37, 0x38, 0x31, 0x32, 0x31, 0x31, 0x35, 0x37, 0x37, 0x34, 0x37, 0x39, 0x31, 0x2C, 0x7B, 0x49, 0x54, 0x54, 0x4E, 0x3D, 0x34, 0x34, 0x36, 0x39, 0x38, 0x36, 0x37, 0x31, 0x36, 0x33, 0x7D, 0x20, 0x3
#######################################
#######################################
2012/10/19 15:29:37
message:å¼€å¯å®¢æˆ·ç«¯ç›‘å¬æœåŠ¡çº¿ç¨‹...
#######################################
#######################################
2012/10/19 15:29:37
message:å¼€å¯ç›‘å¬ï¼šIPåœ°å€127.0.0.1ï¼›ç«¯å£360...
#######################################
#######################################
2012/10/19 15:29:42
message:æ”¶åˆ°å®¢æˆ·ç«¯è¿æ¥è¯·æ±‚...
#######################################
#######################################
2012/10/19 15:29:42
message:æ”¶åˆ°å®¢æˆ·ç«¯è¿æ¥è¯·æ±‚æ•°æ®åŒ…ï¼š0x1, 0xA2, 0x77, 0x79, 0x6C, 0x32, 0x0, 0x0, 0x0, 0x0, 0x0, 0x0, 0x0, 0x0, 0x0, 0x0, 0x0, 0x0, 0x31, 0x32, 0x33, 0x0, 0x0, 0x0, 0x0, 0x0, 0x0, 0x0, 0x0, 0x0, 0x0, 0x0, 0x0, 0x0, 0x0, 0x0, 0x0, 0x0, 0x0, 0x0, 0x0, 0x0, 0x0, 0x0, 0x0, 0x0, 0x0, 0x0, 0x0, 0x0, 0x30, 0x30, 0x35, 0x30, 0x35, 0x36, 0x63, 0x30, 0x30, 0x30, 0x30, 0x38, 0x31, 0x39, 0x32, 0x2E, 0x31, 0x36, 0x38, 0x2E, 0x32, 0x2E, 0x31, 0x30, 0x37, 0x20, 0x20, 0x33, 0x38, 0x33, 0x32, 0x30, 0x31, 0x30, 0x0, 0x30, 0x30, 0x30, 0x30, 0x30, 0x30, 0x0, 0x0, 0x0, 0x0, 0x0, 0x0, 0x0, 0x0, 0x0, 0x0, 0x0, 0x0, 0x0, 0x0, 0x0, 0x0, 0x0, 0x0, 0x0, 0x0, 0x0, 0x0, 0x0, 0x0, 0x0, 0x0, 0x0, 0x0, 0x0, 0x0, 0x0, 0x0, 0x0, 0x0, 0x0, 0x0, 0x0, 0x0, 0x0, 0x0, 0x0, 0x0, 0x0, 0x0, 0x0, 0x0, 0x0, 0x0, 0x0, 0x0, 0x0, 0x0, 0x0, 0x0, 0x0, 0x0, 0x0, 0x0, 0x0, 0x0, 0x0, 0x0, 0x0, 0x0, 0x0, 0x0, 0x0, 0x0, 0x0, 0x0, 0x0
#######################################
#######################################
2012/10/19 15:29:42
message:ç”¨æˆ·åï¼šwyl2ç™»å½•æˆåŠŸï¼
#######################################
#######################################
2012/10/19 15:29:42
message:æ¥æ”¶åˆ°å¸å·ï¼šwyl2å‘é€çš„æ•°æ®åŒ…ï¼š0x1, 0xFE, 0x0, 0x11, 0x14, 0x10, 0x0, 0x2, 0x0, 0x0, 0x0, 0x0, 0x0, 0x0, 0x0, 0x0, 0x0, 0x1, 0xFE, 0x0, 0x11, 0x14, 0x10, 0x0, 0x2, 0xC, 0x0, 0x0, 0x0, 0x0, 0x0, 0x0, 0x0, 0x0, 0x1, 0xFE, 0x0, 0x11, 0x14, 0x10, 0x0, 0x2, 0x29, 0x0, 0x0, 0x0, 0x0, 0x0, 0x0, 0x0, 0x0
#######################################
#######################################
2012/10/19 15:29:42
message:å‘å¸å·ï¼šwyl2 å‘é€æ•°æ®åŒ…0x1, 0xFD, 0x0, 0x6, 0x0, 0x0, 0x1, 0xFD, 0x0, 0x6, 0x0, 0xC
#######################################
#######################################
2012/10/19 15:29:42
message:å‘å¸å·ï¼šwyl2 å‘é€æ•°æ®åŒ…0x1, 0xFD, 0x0, 0x6, 0x0, 0x29
#######################################
#######################################
2012/10/19 15:29:50
message:æ¥æ”¶åˆ°å¸å·ï¼šwyl2å‘é€çš„æ•°æ®åŒ…ï¼š0x1, 0x0, 0x0, 0x3A, 0x0, 0x0, 0x0, 0x1, 0x41, 0x51, 0x70, 0x2, 0x1B, 0xB, 0x20, 0x20, 0x0, 0xF, 0x1E, 0x50, 0x52, 0x49, 0x4E, 0x56, 0x20, 0x37, 0x38, 0x31, 0x32, 0x31, 0x31, 0x35, 0x37, 0x37, 0x34, 0x37, 0x39, 0x31, 0x2C, 0x7B, 0x49, 0x54, 0x54, 0x4E, 0x3D, 0x34, 0x34, 0x36, 0x39, 0x38, 0x36, 0x37, 0x31, 0x36, 0x33, 0x7D, 0x20, 0x3
#######################################
#######################################
2012/10/19 15:29:54
message:æ”¶åˆ°è¡Œç¨‹å•æ“ä½œæŒ‡ä»¤ï¼šPRINV
#######################################
#######################################
2012/10/19 15:29:54
message:å¸å·ï¼šwyl2 å‘é€è¡Œç¨‹å•æ‰“å°æŒ‡ä»¤å·²æ‰¾åˆ°å¯ç”¨é…ç½®ï¼Œå‡†å¤‡å‘é€æ‰“å°æŒ‡ä»¤...
#######################################
#######################################
2012/10/19 15:29:55
message:å¸å·ï¼šwyl2 å‘é€è¡Œç¨‹å•æ‰“å°æŒ‡ä»¤å¹¶æ¥æ”¶åˆ°è¿”å›ä¿¡æ¯
#######################################
#######################################
2012/10/19 15:29:55
message:å‘å¸å·ï¼šwyl2 å›å¤è¡Œç¨‹å•æŒ‡ä»¤ç»“æœæ•°æ®åŒ…...
#######################################
#######################################
2012/10/19 15:29:55
message:å¸å·ï¼šwyl2 å¤„ç†æŒ‡ä»¤æ“ä½œå‡ºé”™ï¼Œé”™è¯¯ä¿¡æ¯ï¼šæœªå°†å¯¹è±¡å¼•ç”¨è®¾ç½®åˆ°å¯¹è±¡çš„å®ä¾‹ã€‚
#######################################
#######################################
2012/10/19 15:30:03
message:æ¥æ”¶åˆ°å¸å·ï¼šwyl2å‘é€çš„æ•°æ®åŒ…ï¼š0x1, 0x0, 0x0, 0x3A, 0x0, 0x0, 0x0, 0x1, 0x41, 0x51, 0x70, 0x2, 0x1B, 0xB, 0x20, 0x20, 0x0, 0xF, 0x1E, 0x50, 0x52, 0x49, 0x4E, 0x56, 0x20, 0x37, 0x38, 0x31, 0x32, 0x31, 0x31, 0x35, 0x37, 0x37, 0x34, 0x37, 0x39, 0x31, 0x2C, 0x7B, 0x49, 0x54, 0x54, 0x4E, 0x3D, 0x34, 0x34, 0x36, 0x39, 0x38, 0x36, 0x37, 0x31, 0x36, 0x33, 0x7D, 0x20, 0x3
#######################################
#######################################
2012/10/19 15:30:05
message:æ”¶åˆ°è¡Œç¨‹å•æ“ä½œæŒ‡ä»¤ï¼šPRINV
#######################################
#######################################
2012/10/19 15:30:10
message:å¸å·ï¼šwyl2 å‘é€è¡Œç¨‹å•æ‰“å°æŒ‡ä»¤å·²æ‰¾åˆ°å¯ç”¨é…ç½®ï¼Œå‡†å¤‡å‘é€æ‰“å°æŒ‡ä»¤...
#######################################
#######################################
2012/10/19 15:31:03
message:åœæ­¢å®¢æˆ·ç«¯ç›‘å¬æœåŠ¡çº¿ç¨‹...
#######################################
#######################################
2012/10/19 15:31:03
message:åœæ­¢å®¢æˆ·ç«¯ç›‘å¬æœåŠ¡...
#######################################
#######################################
2012/10/19 15:31:03
message:å‡†å¤‡åœæ­¢å®¢æˆ·ç«¯çº¿ç¨‹åŠå®¢æˆ·ç«¯SocketæœåŠ¡...
#######################################
#######################################
2012/10/19 15:31:03
message:å®¢æˆ·ç«¯å¤„ç†çº¿ç¨‹å‡ºç°å¼‚å¸¸ï¼Œå¼‚å¸¸ä¿¡æ¯ï¼šæ­£åœ¨ä¸­æ­¢çº¿ç¨‹ã€‚
#######################################
#######################################
2012/10/19 15:31:03
message:åœæ­¢å®¢æˆ·ç«¯çº¿ç¨‹åŠå®¢æˆ·ç«¯SocketæœåŠ¡å®Œæ¯•...
#######################################
#######################################
2012/10/19 15:31:06
message:å¸å·ï¼šwyl2 å¤„ç†æŒ‡ä»¤æ“ä½œå‡ºé”™ï¼Œé”™è¯¯ä¿¡æ¯ï¼šæ­£åœ¨ä¸­æ­¢çº¿ç¨‹ã€‚
#######################################
#######################################
2012/10/19 15:31:08
message:å¼€å¯å®¢æˆ·ç«¯ç›‘å¬æœåŠ¡çº¿ç¨‹...
#######################################
#######################################
2012/10/19 15:31:08
message:å¼€å¯ç›‘å¬ï¼šIPåœ°å€127.0.0.1ï¼›ç«¯å£360...
#######################################
#######################################
2012/10/19 15:31:15
message:æ”¶åˆ°å®¢æˆ·ç«¯è¿æ¥è¯·æ±‚...
#######################################
#######################################
2012/10/19 15:31:15
message:æ”¶åˆ°å®¢æˆ·ç«¯è¿æ¥è¯·æ±‚æ•°æ®åŒ…ï¼š0x1, 0xA2, 0x77, 0x79, 0x6C, 0x32, 0x0, 0x0, 0x0, 0x0, 0x0, 0x0, 0x0, 0x0, 0x0, 0x0, 0x0, 0x0, 0x31, 0x32, 0x33, 0x0, 0x0, 0x0, 0x0, 0x0, 0x0, 0x0, 0x0, 0x0, 0x0, 0x0, 0x0, 0x0, 0x0, 0x0, 0x0, 0x0, 0x0, 0x0, 0x0, 0x0, 0x0, 0x0, 0x0, 0x0, 0x0, 0x0, 0x0, 0x0, 0x30, 0x30, 0x35, 0x30, 0x35, 0x36, 0x63, 0x30, 0x30, 0x30, 0x30, 0x38, 0x31, 0x39, 0x32, 0x2E, 0x31, 0x36, 0x38, 0x2E, 0x32, 0x2E, 0x31, 0x30, 0x37, 0x20, 0x20, 0x33, 0x38, 0x33, 0x32, 0x30, 0x31, 0x30, 0x0, 0x30, 0x30, 0x30, 0x30, 0x30, 0x30, 0x0, 0x0, 0x0, 0x0, 0x0, 0x0, 0x0, 0x0, 0x0, 0x0, 0x0, 0x0, 0x0, 0x0, 0x0, 0x0, 0x0, 0x0, 0x0, 0x0, 0x0, 0x0, 0x0, 0x0, 0x0, 0x0, 0x0, 0x0, 0x0, 0x0, 0x0, 0x0, 0x0, 0x0, 0x0, 0x0, 0x0, 0x0, 0x0, 0x0, 0x0, 0x0, 0x0, 0x0, 0x0, 0x0, 0x0, 0x0, 0x0, 0x0, 0x0, 0x0, 0x0, 0x0, 0x0, 0x0, 0x0, 0x0, 0x0, 0x0, 0x0, 0x0, 0x0, 0x0, 0x0, 0x0, 0x0, 0x0, 0x0, 0x0, 0x0
#######################################
#######################################
2012/10/19 15:31:15
message:ç”¨æˆ·åï¼šwyl2ç™»å½•æˆåŠŸï¼
#######################################
#######################################
2012/10/19 15:31:15
message:æ¥æ”¶åˆ°å¸å·ï¼šwyl2å‘é€çš„æ•°æ®åŒ…ï¼š0x1, 0xFE, 0x0, 0x11, 0x14, 0x10, 0x0, 0x2, 0x0, 0x0, 0x0, 0x0, 0x0, 0x0, 0x0, 0x0, 0x0, 0x1, 0xFE, 0x0, 0x11, 0x14, 0x10, 0x0, 0x2, 0xC, 0x0, 0x0, 0x0, 0x0, 0x0, 0x0, 0x0, 0x0, 0x1, 0xFE, 0x0, 0x11, 0x14, 0x10, 0x0, 0x2, 0x29, 0x0, 0x0, 0x0, 0x0, 0x0, 0x0, 0x0, 0x0
#######################################
#######################################
2012/10/19 15:31:15
message:å‘å¸å·ï¼šwyl2 å‘é€æ•°æ®åŒ…0x1, 0xFD, 0x0, 0x6, 0x0, 0x0, 0x1, 0xFD, 0x0, 0x6, 0x0, 0xC
#######################################
#######################################
2012/10/19 15:31:15
message:å‘å¸å·ï¼šwyl2 å‘é€æ•°æ®åŒ…0x1, 0xFD, 0x0, 0x6, 0x0, 0x29
#######################################
#######################################
2012/10/19 15:31:25
message:æ¥æ”¶åˆ°å¸å·ï¼šwyl2å‘é€çš„æ•°æ®åŒ…ï¼š0x1, 0x0, 0x0, 0x3A, 0x0, 0x0, 0x0, 0x1, 0x41, 0x51, 0x70, 0x2, 0x1B, 0xB, 0x20, 0x20, 0x0, 0xF, 0x1E, 0x50, 0x52, 0x49, 0x4E, 0x56, 0x20, 0x37, 0x38, 0x31, 0x32, 0x31, 0x31, 0x35, 0x37, 0x37, 0x34, 0x37, 0x39, 0x31, 0x2C, 0x7B, 0x49, 0x54, 0x54, 0x4E, 0x3D, 0x34, 0x34, 0x36, 0x39, 0x38, 0x36, 0x37, 0x31, 0x36, 0x33, 0x7D, 0x20, 0x3
#######################################
#######################################
2012/10/19 15:31:27
message:æ”¶åˆ°è¡Œç¨‹å•æ“ä½œæŒ‡ä»¤ï¼šPRINV
#######################################
#######################################
2012/10/19 15:31:27
message:å¸å·ï¼šwyl2 å‘é€è¡Œç¨‹å•æ‰“å°æŒ‡ä»¤å·²æ‰¾åˆ°å¯ç”¨é…ç½®ï¼Œå‡†å¤‡å‘é€æ‰“å°æŒ‡ä»¤...
#######################################
#######################################
2012/10/19 15:31:40
message:å¸å·ï¼šwyl2 å‘é€è¡Œç¨‹å•æ‰“å°æŒ‡ä»¤å¹¶æ¥æ”¶åˆ°è¿”å›ä¿¡æ¯
#######################################
#######################################
2012/10/19 15:31:40
message:å¸å·ï¼šwyl2 å‘é€è¡Œç¨‹å•æ‰“å°æŒ‡ä»¤å¤„ç†å¤±è´¥ï¼Œé”™è¯¯æ¶ˆæ¯ï¼šæ— æ³•ä»ä¼ è¾“è¿æ¥ä¸­è¯»å–æ•°æ®: ä¸€ä¸ªå°é”æ“ä½œè¢«å¯¹ WSACancelBlockingCall çš„è°ƒç”¨ä¸­æ–­ã€‚ã€‚
#######################################
#######################################
2012/10/19 15:31:40
message:å‘å¸å·ï¼šwyl2 å›å¤æ•°æ®åŒ…ï¼š0x1, 0x0, 0x0, 0x71, 0x0, 0x0, 0x0, 0x1, 0x41, 0x51, 0x70, 0x2, 0x1B, 0xB, 0x21, 0x20, 0xF, 0x1B, 0x4D, 0x1B, 0xE, 0x4E, 0x5E, 0x37, 0x28, 0x34, 0x53, 0x34, 0x2B, 0x4A, 0x64, 0x41, 0x2C, 0x3D, 0x53, 0x56, 0x50, 0x36, 0x41, 0x48, 0x21, 0x4A, 0x7D, 0x3E, 0x5D, 0x1B, 0xF, 0x3A, 0x20, 0x1B, 0xE, 0x52, 0x3B, 0x38, 0x76, 0x37, 0x62, 0x4B, 0x78, 0x24, 0x59, 0x57, 0x77, 0x23, 0x3B, 0x36, 0x54, 0x1B, 0xF, 0x20, 0x57, 0x53, 0x41, 0x43, 0x61, 0x6E, 0x63, 0x65, 0x6C, 0x42, 0x6C, 0x6F, 0x63, 0x6B, 0x69, 0x6E, 0x67, 0x43, 0x61, 0x6C, 0x6C, 0x20, 0x1B, 0xE, 0x35, 0x44, 0x35, 0x77, 0x53, 0x43, 0x56, 0x50, 0x36, 0x4F, 0x1B, 0xF, 0xA1, 0xA3, 0xD, 0x1E, 0x1B, 0x62, 0x3
#######################################
#######################################
2012/10/19 15:31:56
message:åœæ­¢å®¢æˆ·ç«¯ç›‘å¬æœåŠ¡çº¿ç¨‹...
#######################################
#######################################
2012/10/19 15:31:56
message:åœæ­¢å®¢æˆ·ç«¯ç›‘å¬æœåŠ¡...
#######################################
#######################################
2012/10/19 15:31:56
message:å®¢æˆ·ç«¯å¤„ç†çº¿ç¨‹å‡ºç°å¼‚å¸¸ï¼Œå¼‚å¸¸ä¿¡æ¯ï¼šæ­£åœ¨ä¸­æ­¢çº¿ç¨‹ã€‚
#######################################
#######################################
2012/10/19 15:31:56
message:å‡†å¤‡åœæ­¢å®¢æˆ·ç«¯çº¿ç¨‹åŠå®¢æˆ·ç«¯SocketæœåŠ¡...
#######################################
#######################################
2012/10/19 15:31:56
message:åœæ­¢å®¢æˆ·ç«¯çº¿ç¨‹åŠå®¢æˆ·ç«¯SocketæœåŠ¡å®Œæ¯•...
#######################################
#######################################
2012/10/19 15:31:56
message:å¸å·ï¼šwyl2 å¤„ç†æŒ‡ä»¤æ“ä½œå‡ºé”™ï¼Œé”™è¯¯ä¿¡æ¯ï¼šæ­£åœ¨ä¸­æ­¢çº¿ç¨‹ã€‚
#######################################
#######################################
2012/10/19 15:46:59
message:å¼€å¯å®¢æˆ·ç«¯ç›‘å¬æœåŠ¡çº¿ç¨‹...
#######################################
#######################################
2012/10/19 15:46:59
message:å¼€å¯ç›‘å¬ï¼šIPåœ°å€127.0.0.1ï¼›ç«¯å£360...
#######################################
#######################################
2012/10/19 15:47:21
message:æ”¶åˆ°å®¢æˆ·ç«¯è¿æ¥è¯·æ±‚...
#######################################
#######################################
2012/10/19 15:47:21
message:æ”¶åˆ°å®¢æˆ·ç«¯è¿æ¥è¯·æ±‚æ•°æ®åŒ…ï¼š0x1, 0xA2, 0x77, 0x79, 0x6C, 0x32, 0x0, 0x0, 0x0, 0x0, 0x0, 0x0, 0x0, 0x0, 0x0, 0x0, 0x0, 0x0, 0x31, 0x32, 0x33, 0x0, 0x0, 0x0, 0x0, 0x0, 0x0, 0x0, 0x0, 0x0, 0x0, 0x0, 0x0, 0x0, 0x0, 0x0, 0x0, 0x0, 0x0, 0x0, 0x0, 0x0, 0x0, 0x0, 0x0, 0x0, 0x0, 0x0, 0x0, 0x0, 0x30, 0x30, 0x35, 0x30, 0x35, 0x36, 0x63, 0x30, 0x30, 0x30, 0x30, 0x38, 0x31, 0x39, 0x32, 0x2E, 0x31, 0x36, 0x38, 0x2E, 0x32, 0x2E, 0x31, 0x30, 0x37, 0x20, 0x20, 0x33, 0x38, 0x33, 0x32, 0x30, 0x31, 0x30, 0x0, 0x30, 0x30, 0x30, 0x30, 0x30, 0x30, 0x0, 0x0, 0x0, 0x0, 0x0, 0x0, 0x0, 0x0, 0x0, 0x0, 0x0, 0x0, 0x0, 0x0, 0x0, 0x0, 0x0, 0x0, 0x0, 0x0, 0x0, 0x0, 0x0, 0x0, 0x0, 0x0, 0x0, 0x0, 0x0, 0x0, 0x0, 0x0, 0x0, 0x0, 0x0, 0x0, 0x0, 0x0, 0x0, 0x0, 0x0, 0x0, 0x0, 0x0, 0x0, 0x0, 0x0, 0x0, 0x0, 0x0, 0x0, 0x0, 0x0, 0x0, 0x0, 0x0, 0x0, 0x0, 0x0, 0x0, 0x0, 0x0, 0x0, 0x0, 0x0, 0x0, 0x0, 0x0, 0x0, 0x0, 0x0
#######################################
#######################################
2012/10/19 15:47:21
message:ç”¨æˆ·åï¼šwyl2ç™»å½•æˆåŠŸï¼
#######################################
#######################################
2012/10/19 15:47:21
message:æ¥æ”¶åˆ°å¸å·ï¼šwyl2å‘é€çš„æ•°æ®åŒ…ï¼š0x1, 0xFE, 0x0, 0x11, 0x14, 0x10, 0x0, 0x2, 0x0, 0x0, 0x0, 0x0, 0x0, 0x0, 0x0, 0x0, 0x0, 0x1, 0xFE, 0x0, 0x11, 0x14, 0x10, 0x0, 0x2, 0xC, 0x0, 0x0, 0x0, 0x0, 0x0, 0x0, 0x0, 0x0, 0x1, 0xFE, 0x0, 0x11, 0x14, 0x10, 0x0, 0x2, 0x29, 0x0, 0x0, 0x0, 0x0, 0x0, 0x0, 0x0, 0x0
#######################################
#######################################
2012/10/19 15:47:21
message:å‘å¸å·ï¼šwyl2 å‘é€æ•°æ®åŒ…0x1, 0xFD, 0x0, 0x6, 0x0, 0x0, 0x1, 0xFD, 0x0, 0x6, 0x0, 0xC
#######################################
#######################################
2012/10/19 15:47:21
message:å‘å¸å·ï¼šwyl2 å‘é€æ•°æ®åŒ…0x1, 0xFD, 0x0, 0x6, 0x0, 0x29
#######################################
#######################################
2012/10/19 15:47:22
message:æ¥æ”¶åˆ°å¸å·ï¼šwyl2å‘é€çš„æ•°æ®åŒ…ï¼š0x1, 0xF9, 0x0, 0x44, 0x0, 0x1, 0x1B, 0x0, 0x0, 0x0, 0x0, 0x0, 0x0, 0x0, 0x0, 0x0, 0x0, 0x0, 0x0, 0x0, 0x0, 0x0, 0x0, 0x0, 0x0, 0x0, 0x0, 0x0, 0x0, 0x0, 0x0, 0x0, 0x0, 0x0, 0x0, 0x0, 0x0, 0x0, 0x0, 0x0, 0x0, 0x0, 0x0, 0x0, 0x0, 0x0, 0x0, 0x0, 0x0, 0x0, 0x0, 0x0, 0x0, 0x0, 0x0, 0x0, 0x0, 0x0, 0x0, 0x0, 0x0, 0x0, 0x0, 0x0, 0x0, 0x0, 0x0, 0x0
#######################################
#######################################
2012/10/19 15:47:22
message:æ¥æ”¶åˆ°å¸å·ï¼šwyl2 çš„åˆæ¬¡ç™»å½•æ•°æ®åŒ…ï¼Œå›å¤æ¬¢è¿ä¿¡æ¯æ¡†...
#######################################
#######################################
2012/10/19 15:47:22
message:å‘å¸å·ï¼šwyl2 å›å¤æ•°æ®åŒ…ï¼š0x1, 0x0, 0x0, 0x57, 0x0, 0x0, 0x0, 0x1, 0x41, 0x51, 0x70, 0x2, 0x1B, 0xB, 0x21, 0x20, 0xF, 0x1B, 0x4D, 0x1B, 0xE, 0x3B, 0x36, 0x53, 0x2D, 0x4A, 0x39, 0x53, 0x43, 0x1B, 0xF, 0x50, 0x49, 0x44, 0x1B, 0xE, 0x37, 0x7E, 0x4E, 0x71, 0x48, 0x6D, 0x3C, 0x7E, 0x1B, 0xF, 0x21, 0xD, 0xD, 0x1B, 0xE, 0x44, 0x7A, 0x55, 0x4A, 0x3A, 0x45, 0x35, 0x44, 0x35, 0x3D, 0x46, 0x5A, 0x27, 0x4A, 0x3C, 0x64, 0x1B, 0xF, 0x3A, 0x20, 0x32, 0x30, 0x31, 0x36, 0x2D, 0x30, 0x38, 0x2D, 0x31, 0x39, 0x2E, 0xD, 0x1E, 0x1B, 0x62, 0x3
#######################################
#######################################
2012/10/19 15:47:22
message:å‘å¸å·ï¼šwyl2 å›å¤æˆåŠŸæ•°æ®åŒ…0x1, 0xF8, 0x0, 0xE, 0xB5, 0xC7, 0xC2, 0xBC, 0xB3, 0xC9, 0xB9, 0xA6, 0xA3, 0xA1
#######################################
#######################################
2012/10/19 15:47:32
message:æ¥æ”¶åˆ°å¸å·ï¼šwyl2å‘é€çš„æ•°æ®åŒ…ï¼š0x1, 0x0, 0x0, 0x3A, 0x0, 0x0, 0x0, 0x1, 0x41, 0x51, 0x70, 0x2, 0x1B, 0xB, 0x24, 0x20, 0x0, 0xF, 0x1E, 0x50, 0x52, 0x49, 0x4E, 0x56, 0x20, 0x37, 0x38, 0x31, 0x32, 0x31, 0x31, 0x35, 0x37, 0x37, 0x34, 0x37, 0x39, 0x31, 0x2C, 0x7B, 0x49, 0x54, 0x54, 0x4E, 0x3D, 0x34, 0x34, 0x36, 0x39, 0x38, 0x36, 0x37, 0x31, 0x36, 0x33, 0x7D, 0x20, 0x3
#######################################
#######################################
2012/10/19 15:47:34
message:æ”¶åˆ°è¡Œç¨‹å•æ“ä½œæŒ‡ä»¤ï¼šPRINV
#######################################
#######################################
2012/10/19 15:47:34
message:å¸å·ï¼šwyl2 å‘é€è¡Œç¨‹å•æ‰“å°æŒ‡ä»¤å·²æ‰¾åˆ°å¯ç”¨é…ç½®ï¼Œå‡†å¤‡å‘é€æ‰“å°æŒ‡ä»¤...
#######################################
#######################################
2012/10/19 15:47:49
message:å¸å·ï¼šwyl2 å‘é€è¡Œç¨‹å•æ‰“å°æŒ‡ä»¤å¹¶æ¥æ”¶åˆ°è¿”å›ä¿¡æ¯
#######################################
#######################################
2012/10/19 15:47:49
message:å‘å¸å·ï¼šwyl2 å›å¤è¡Œç¨‹å•æŒ‡ä»¤ç»“æœæ•°æ®åŒ…...
#######################################
#######################################
2012/10/19 15:47:49
message:å¸å·ï¼šwyl2 å¤„ç†æŒ‡ä»¤æ“ä½œå‡ºé”™ï¼Œé”™è¯¯ä¿¡æ¯ï¼šæœªå°†å¯¹è±¡å¼•ç”¨è®¾ç½®åˆ°å¯¹è±¡çš„å®ä¾‹ã€‚
#######################################
#######################################
2012/10/19 15:48:08
message:æ¥æ”¶åˆ°å¸å·ï¼šwyl2å‘é€çš„æ•°æ®åŒ…ï¼š0x1, 0x0, 0x0, 0x3A, 0x0, 0x0, 0x0, 0x1, 0x41, 0x51, 0x70, 0x2, 0x1B, 0xB, 0x23, 0x20, 0x0, 0xF, 0x1E, 0x50, 0x52, 0x49, 0x4E, 0x56, 0x20, 0x37, 0x38, 0x31, 0x32, 0x31, 0x31, 0x35, 0x37, 0x37, 0x34, 0x37, 0x39, 0x31, 0x2C, 0x7B, 0x49, 0x54, 0x54, 0x4E, 0x3D, 0x34, 0x34, 0x36, 0x39, 0x38, 0x36, 0x37, 0x31, 0x36, 0x33, 0x7D, 0x20, 0x3
#######################################
#######################################
2012/10/19 15:48:10
message:æ”¶åˆ°è¡Œç¨‹å•æ“ä½œæŒ‡ä»¤ï¼šPRINV
#######################################
#######################################
2012/10/19 15:48:10
message:å¸å·ï¼šwyl2 å‘é€è¡Œç¨‹å•æ‰“å°æŒ‡ä»¤å·²æ‰¾åˆ°å¯ç”¨é…ç½®ï¼Œå‡†å¤‡å‘é€æ‰“å°æŒ‡ä»¤...
#######################################
#######################################
2012/10/19 15:48:39
message:å¼€å¯å®¢æˆ·ç«¯ç›‘å¬æœåŠ¡çº¿ç¨‹...
#######################################
#######################################
2012/10/19 15:48:39
message:å¼€å¯ç›‘å¬ï¼šIPåœ°å€127.0.0.1ï¼›ç«¯å£360...
#######################################
#######################################
2012/10/19 15:48:44
message:æ”¶åˆ°å®¢æˆ·ç«¯è¿æ¥è¯·æ±‚...
#######################################
#######################################
2012/10/19 15:48:44
message:æ”¶åˆ°å®¢æˆ·ç«¯è¿æ¥è¯·æ±‚æ•°æ®åŒ…ï¼š0x1, 0xA2, 0x77, 0x79, 0x6C, 0x32, 0x0, 0x0, 0x0, 0x0, 0x0, 0x0, 0x0, 0x0, 0x0, 0x0, 0x0, 0x0, 0x31, 0x32, 0x33, 0x0, 0x0, 0x0, 0x0, 0x0, 0x0, 0x0, 0x0, 0x0, 0x0, 0x0, 0x0, 0x0, 0x0, 0x0, 0x0, 0x0, 0x0, 0x0, 0x0, 0x0, 0x0, 0x0, 0x0, 0x0, 0x0, 0x0, 0x0, 0x0, 0x30, 0x30, 0x35, 0x30, 0x35, 0x36, 0x63, 0x30, 0x30, 0x30, 0x30, 0x38, 0x31, 0x39, 0x32, 0x2E, 0x31, 0x36, 0x38, 0x2E, 0x32, 0x2E, 0x31, 0x30, 0x37, 0x20, 0x20, 0x33, 0x38, 0x33, 0x32, 0x30, 0x31, 0x30, 0x0, 0x30, 0x30, 0x30, 0x30, 0x30, 0x30, 0x0, 0x0, 0x0, 0x0, 0x0, 0x0, 0x0, 0x0, 0x0, 0x0, 0x0, 0x0, 0x0, 0x0, 0x0, 0x0, 0x0, 0x0, 0x0, 0x0, 0x0, 0x0, 0x0, 0x0, 0x0, 0x0, 0x0, 0x0, 0x0, 0x0, 0x0, 0x0, 0x0, 0x0, 0x0, 0x0, 0x0, 0x0, 0x0, 0x0, 0x0, 0x0, 0x0, 0x0, 0x0, 0x0, 0x0, 0x0, 0x0, 0x0, 0x0, 0x0, 0x0, 0x0, 0x0, 0x0, 0x0, 0x0, 0x0, 0x0, 0x0, 0x0, 0x0, 0x0, 0x0, 0x0, 0x0, 0x0, 0x0, 0x0, 0x0
#######################################
#######################################
2012/10/19 15:48:44
message:ç”¨æˆ·åï¼šwyl2ç™»å½•æˆåŠŸï¼
#######################################
#######################################
2012/10/19 15:48:44
message:æ¥æ”¶åˆ°å¸å·ï¼šwyl2å‘é€çš„æ•°æ®åŒ…ï¼š0x1, 0xFE, 0x0, 0x11, 0x14, 0x10, 0x0, 0x2, 0x0, 0x0, 0x0, 0x0, 0x0, 0x0, 0x0, 0x0, 0x0, 0x1, 0xFE, 0x0, 0x11, 0x14, 0x10, 0x0, 0x2, 0xC, 0x0, 0x0, 0x0, 0x0, 0x0, 0x0, 0x0, 0x0, 0x1, 0xFE, 0x0, 0x11, 0x14, 0x10, 0x0, 0x2, 0x29, 0x0, 0x0, 0x0, 0x0, 0x0, 0x0, 0x0, 0x0
#######################################
#######################################
2012/10/19 15:48:44
message:å‘å¸å·ï¼šwyl2 å‘é€æ•°æ®åŒ…0x1, 0xFD, 0x0, 0x6, 0x0, 0x0, 0x1, 0xFD, 0x0, 0x6, 0x0, 0xC
#######################################
#######################################
2012/10/19 15:48:44
message:å‘å¸å·ï¼šwyl2 å‘é€æ•°æ®åŒ…0x1, 0xFD, 0x0, 0x6, 0x0, 0x29
#######################################
#######################################
2012/10/19 15:48:51
message:æ¥æ”¶åˆ°å¸å·ï¼šwyl2å‘é€çš„æ•°æ®åŒ…ï¼š0x1, 0x0, 0x0, 0x3A, 0x0, 0x0, 0x0, 0x1, 0x41, 0x51, 0x70, 0x2, 0x1B, 0xB, 0x20, 0x20, 0x0, 0xF, 0x1E, 0x50, 0x52, 0x49, 0x4E, 0x56, 0x20, 0x37, 0x38, 0x31, 0x32, 0x31, 0x31, 0x35, 0x37, 0x37, 0x34, 0x37, 0x39, 0x31, 0x2C, 0x7B, 0x49, 0x54, 0x54, 0x4E, 0x3D, 0x34, 0x34, 0x36, 0x39, 0x38, 0x36, 0x37, 0x31, 0x36, 0x33, 0x7D, 0x20, 0x3
#######################################
#######################################
2012/10/19 15:48:53
message:æ”¶åˆ°è¡Œç¨‹å•æ“ä½œæŒ‡ä»¤ï¼šPRINV
#######################################
#######################################
2012/10/19 15:48:53
message:å¸å·ï¼šwyl2 å‘é€è¡Œç¨‹å•æ‰“å°æŒ‡ä»¤å·²æ‰¾åˆ°å¯ç”¨é…ç½®ï¼Œå‡†å¤‡å‘é€æ‰“å°æŒ‡ä»¤...
#######################################
#######################################
2012/10/19 15:49:07
message:å¸å·ï¼šwyl2 å‘é€è¡Œç¨‹å•æ‰“å°æŒ‡ä»¤å¹¶æ¥æ”¶åˆ°è¿”å›ä¿¡æ¯
#######################################
#######################################
2012/10/19 15:49:09
message:å‘å¸å·ï¼šwyl2 å›å¤è¡Œç¨‹å•æŒ‡ä»¤ç»“æœæ•°æ®åŒ…...
#######################################
#######################################
2012/10/19 15:49:11
message:å¸å·ï¼šwyl2 å¤„ç†æŒ‡ä»¤æ“ä½œå‡ºé”™ï¼Œé”™è¯¯ä¿¡æ¯ï¼šæœªå°†å¯¹è±¡å¼•ç”¨è®¾ç½®åˆ°å¯¹è±¡çš„å®ä¾‹ã€‚
#######################################
#######################################
2012/10/19 15:49:35
message:æ¥æ”¶åˆ°å¸å·ï¼šwyl2å‘é€çš„æ•°æ®åŒ…ï¼š
#######################################
#######################################
2012/10/19 15:49:35
message:æ¥æ”¶æŒ‡ä»¤å¼‚å¸¸ï¼ˆç©ºï¼‰ï¼Œæ–­å¼€wyl2çš„è¿æ¥ï¼
#######################################
#######################################
2012/10/19 15:49:37
message:åœæ­¢å®¢æˆ·ç«¯ç›‘å¬æœåŠ¡çº¿ç¨‹...
#######################################
#######################################
2012/10/19 15:49:37
message:åœæ­¢å®¢æˆ·ç«¯ç›‘å¬æœåŠ¡...
#######################################
#######################################
2012/10/19 15:49:37
message:å®¢æˆ·ç«¯å¤„ç†çº¿ç¨‹å‡ºç°å¼‚å¸¸ï¼Œå¼‚å¸¸ä¿¡æ¯ï¼šæ­£åœ¨ä¸­æ­¢çº¿ç¨‹ã€‚
#######################################
#######################################
2012/10/19 15:49:37
message:å‡†å¤‡åœæ­¢å®¢æˆ·ç«¯çº¿ç¨‹åŠå®¢æˆ·ç«¯SocketæœåŠ¡...
#######################################
#######################################
2012/10/19 15:49:37
message:åœæ­¢å®¢æˆ·ç«¯çº¿ç¨‹åŠå®¢æˆ·ç«¯SocketæœåŠ¡å®Œæ¯•...
#######################################
