#######################################
2012/09/18 11:05:37
message:开启监听：IP地址127.0.0.1；端口360...
#######################################
#######################################
2012/09/18 11:05:37
message:开启客户端监听服务线程...
#######################################
#######################################
2012/09/18 11:05:52
message:停止客户端监听服务线程...
#######################################
#######################################
2012/09/18 11:05:52
message:停止客户端监听服务...
#######################################
#######################################
2012/09/18 11:05:52
message:准备停止客户端线程及客户端Socket服务...
#######################################
#######################################
2012/09/18 11:05:52
message:停止客户端线程及客户端Socket服务完毕...
#######################################
#######################################
2012/09/18 11:05:52
message:客户端处理线程出现异常，异常信息：正在中止线程。
#######################################
#######################################
2012/09/18 11:08:58
message:开启客户端监听服务线程...
#######################################
#######################################
2012/09/18 11:08:58
message:开启监听：IP地址127.0.0.1；端口360...
#######################################
