#######################################
2012/09/19 09:10:14
message:配置（密码认证）：iner8527 正在准备连接航信服务器：202.153.122.233，端口：350
#######################################
#######################################
2012/09/19 09:10:20
message:配置：iner8527 发送认证数据包：0x1, 0xA2, 0x69, 0x6E, 0x65, 0x72, 0x38, 0x35, 0x32, 0x37, 0x0, 0x0, 0x0, 0x0, 0x0, 0x0, 0x0, 0x0, 0x6D, 0x79, 0x70, 0x62, 0x31, 0x32, 0x33, 0x34, 0x35, 0x36, 0x0, 0x0, 0x0, 0x0, 0x0, 0x0, 0x0, 0x0, 0x0, 0x0, 0x0, 0x0, 0x0, 0x0, 0x0, 0x0, 0x0, 0x0, 0x0, 0x0, 0x0, 0x0, 0x30, 0x30, 0x32, 0x31, 0x38, 0x36, 0x35, 0x34, 0x66, 0x62, 0x30, 0x63, 0x31, 0x30, 0x2E, 0x31, 0x35, 0x30, 0x2E, 0x36, 0x36, 0x2E, 0x31, 0x39, 0x36, 0x20, 0x20, 0x33, 0x36, 0x31, 0x30, 0x34, 0x31, 0x30, 0x0, 0x30, 0x30, 0x30, 0x30, 0x30, 0x30, 0x0, 0x0, 0x0, 0x0, 0x0, 0x0, 0x0, 0x0, 0x0, 0x0, 0x0, 0x0, 0x0, 0x0, 0x0, 0x0, 0x0, 0x0, 0x0, 0x0, 0x0, 0x0, 0x0, 0x0, 0x0, 0x0, 0x0, 0x0, 0x0, 0x0, 0x0, 0x0, 0x0, 0x0, 0x0, 0x0, 0x0, 0x0, 0x0, 0x0, 0x0, 0x0, 0x0, 0x0, 0x0, 0x0, 0x0, 0x0, 0x0, 0x0, 0x0, 0x0, 0x0, 0x0, 0x0, 0x0, 0x0, 0x0, 0x0, 0x0, 0x0, 0x0, 0x0, 0x0, 0x0, 0x0, 0x0, 0x0, 0x0, 0x0, 0x0
#######################################
#######################################
2012/09/19 09:10:22
message:配置：iner8527 收到认证结果数据包：0x0, 0x14, 0x1, 0x0, 0x3, 0x0, 0x0, 0x0, 0x3C, 0xD1, 0xC, 0x0, 0x0, 0x8C, 0x8C, 0x29, 0x0, 0x0, 0xA9, 0xA9
#######################################
#######################################
2012/09/19 09:10:24
message:帐号：iner8527 登录航信服务器成功！
#######################################
#######################################
2012/09/19 09:10:27
message:配置：iner8527 发送数据包：0x1, 0xFE, 0x0, 0x11, 0x14, 0x10, 0x0, 0x2, 0x0, 0x0, 0x0, 0x0, 0x0, 0x0, 0x0, 0x0, 0x0
#######################################
#######################################
2012/09/19 09:10:33
message:配置：iner8527 发送数据包：0x1, 0xFE, 0x0, 0x11, 0x14, 0x10, 0x0, 0x2, 0xC, 0x0, 0x0, 0x0, 0x0, 0x0, 0x0, 0x0, 0x0
#######################################
#######################################
2012/09/19 09:10:33
message:配置：iner8527 发送数据包：0x1, 0xFE, 0x0, 0x11, 0x14, 0x10, 0x0, 0x2, 0x29, 0x0, 0x0, 0x0, 0x0, 0x0, 0x0, 0x0, 0x0
#######################################
#######################################
2012/09/19 09:10:33
message:配置：iner8527 收到返回数据包：0x1, 0xFD, 0x0, 0x6, 0x0, 0x0, 0x1, 0xFD, 0x0, 0x6, 0x0, 0xC
#######################################
#######################################
2012/09/19 09:10:33
message:配置：iner8527 收到返回数据包：0x1, 0xFD, 0x0, 0x6, 0x0, 0x29
#######################################
#######################################
2012/09/19 09:10:37
message:配置：iner8527 发送数据包：0x1, 0xF9, 0x0, 0x44, 0x0, 0x1, 0x1B, 0x0, 0x0, 0x0, 0x0, 0x0, 0x0, 0x0, 0x0, 0x0, 0x0, 0x0, 0x0, 0x0, 0x0, 0x0, 0x0, 0x0, 0x0, 0x0, 0x0, 0x0, 0x0, 0x0, 0x0, 0x0, 0x0, 0x0, 0x0, 0x0, 0x0, 0x0, 0x0, 0x0, 0x0, 0x0, 0x0, 0x0, 0x0, 0x0, 0x0, 0x0, 0x0, 0x0, 0x0, 0x0, 0x0, 0x0, 0x0, 0x0, 0x0, 0x0, 0x0, 0x0, 0x0, 0x0, 0x0, 0x0, 0x0, 0x0, 0x0, 0x0
#######################################
