#######################################
2012/10/08 14:40:55
message:开启客户端监听服务线程...
#######################################
#######################################
2012/10/08 14:40:55
message:开启监听：IP地址127.0.0.1；端口360...
#######################################
#######################################
2012/10/08 14:41:04
message:收到客户端连接请求...
#######################################
#######################################
2012/10/08 14:41:04
message:收到客户端连接请求数据包：0x1, 0xA2, 0x77, 0x79, 0x6C, 0x0, 0x0, 0x0, 0x0, 0x0, 0x0, 0x0, 0x0, 0x0, 0x0, 0x0, 0x0, 0x0, 0x31, 0x32, 0x33, 0x0, 0x0, 0x0, 0x0, 0x0, 0x0, 0x0, 0x0, 0x0, 0x0, 0x0, 0x0, 0x0, 0x0, 0x0, 0x0, 0x0, 0x0, 0x0, 0x0, 0x0, 0x0, 0x0, 0x0, 0x0, 0x0, 0x0, 0x0, 0x0, 0x30, 0x30, 0x35, 0x30, 0x35, 0x36, 0x63, 0x30, 0x30, 0x30, 0x30, 0x38, 0x31, 0x39, 0x32, 0x2E, 0x31, 0x36, 0x38, 0x2E, 0x32, 0x2E, 0x31, 0x30, 0x37, 0x20, 0x20, 0x33, 0x37, 0x33, 0x30, 0x30, 0x31, 0x30, 0x0, 0x30, 0x30, 0x30, 0x30, 0x30, 0x30, 0x0, 0x0, 0x0, 0x0, 0x0, 0x0, 0x0, 0x0, 0x0, 0x0, 0x0, 0x0, 0x0, 0x0, 0x0, 0x0, 0x0, 0x0, 0x0, 0x0, 0x0, 0x0, 0x0, 0x0, 0x0, 0x0, 0x0, 0x0, 0x0, 0x0, 0x0, 0x0, 0x0, 0x0, 0x0, 0x0, 0x0, 0x0, 0x0, 0x0, 0x0, 0x0, 0x0, 0x0, 0x0, 0x0, 0x0, 0x0, 0x0, 0x0, 0x0, 0x0, 0x0, 0x0, 0x0, 0x0, 0x0, 0x0, 0x0, 0x0, 0x0, 0x0, 0x0, 0x0, 0x0, 0x0, 0x0, 0x0, 0x0, 0x0, 0x0
#######################################
#######################################
2012/10/08 14:41:04
message:用户名：wyl登录成功！
#######################################
#######################################
2012/10/08 14:41:04
message:接收到帐号：wyl发送的数据包：0x1, 0xFE, 0x0, 0x11, 0x14, 0x10, 0x0, 0x2, 0x0, 0x0, 0x0, 0x0, 0x0, 0x0, 0x0, 0x0, 0x0, 0x1, 0xFE, 0x0, 0x11, 0x14, 0x10, 0x0, 0x2, 0xC, 0x0, 0x0, 0x0, 0x0, 0x0, 0x0, 0x0, 0x0, 0x1, 0xFE, 0x0, 0x11, 0x14, 0x10, 0x0, 0x2, 0x29, 0x0, 0x0, 0x0, 0x0, 0x0, 0x0, 0x0, 0x0
#######################################
#######################################
2012/10/08 14:41:04
message:向帐号：wyl 发送数据包0x1, 0xFD, 0x0, 0x6, 0x0, 0x0, 0x1, 0xFD, 0x0, 0x6, 0x0, 0xC
#######################################
#######################################
2012/10/08 14:41:04
message:向帐号：wyl 发送数据包0x1, 0xFD, 0x0, 0x6, 0x0, 0x29
#######################################
#######################################
2012/10/08 14:41:10
message:接收到帐号：wyl发送的数据包：0x1, 0x0, 0x0, 0x17, 0x0, 0x0, 0x0, 0x1, 0x41, 0x51, 0x70, 0x2, 0x1B, 0xB, 0x20, 0x20, 0x0, 0xF, 0x1E, 0x64, 0x61, 0x20, 0x3
#######################################
#######################################
2012/10/08 14:41:10
message:收到帐号：wyl 发送指令信息：da
#######################################
#######################################
2012/10/08 14:41:10
message:对帐号：wyl 发送指令做上下文处理后，待发送指令为：da...
#######################################
#######################################
2012/10/08 14:41:10
message:帐号：wyl 待发送指令数据包：0x1, 0x0, 0x0, 0x17, 0x0, 0x0, 0x0, 0x1, 0x36, 0x51, 0x70, 0x2, 0x1B, 0xB, 0x21, 0x20, 0x0, 0xF, 0x1E, 0x64, 0x61, 0x20, 0x3
#######################################
#######################################
2012/10/08 14:41:10
message:帐号：wyl 发送指令操作出错，错误消息：无法将数据写入传输连接: 您的主机中的软件中止了一个已建立的连接。。...
#######################################
#######################################
2012/10/08 14:41:10
message:向帐号：wyl 回复数据包：0x1, 0x0, 0x0, 0x60, 0x0, 0x0, 0x0, 0x1, 0x41, 0x51, 0x70, 0x2, 0x1B, 0xB, 0x21, 0x20, 0xF, 0x1B, 0x4D, 0x1B, 0xE, 0x4E, 0x5E, 0x37, 0x28, 0x3D, 0x2B, 0x4A, 0x7D, 0x3E, 0x5D, 0x50, 0x34, 0x48, 0x6B, 0x34, 0x2B, 0x4A, 0x64, 0x41, 0x2C, 0x3D, 0x53, 0x1B, 0xF, 0x3A, 0x20, 0x1B, 0xE, 0x44, 0x7A, 0x35, 0x44, 0x56, 0x77, 0x3B, 0x7A, 0x56, 0x50, 0x35, 0x44, 0x48, 0x6D, 0x3C, 0x7E, 0x56, 0x50, 0x56, 0x39, 0x41, 0x4B, 0x52, 0x3B, 0x38, 0x76, 0x52, 0x51, 0x3D, 0x28, 0x41, 0x22, 0x35, 0x44, 0x41, 0x2C, 0x3D, 0x53, 0x1B, 0xF, 0xA1, 0xA3, 0xD, 0x1E, 0x1B, 0x62, 0x3
#######################################
#######################################
2012/10/08 14:41:14
message:停止客户端监听服务线程...
#######################################
#######################################
2012/10/08 14:41:14
message:停止客户端监听服务...
#######################################
#######################################
2012/10/08 14:41:14
message:准备停止客户端线程及客户端Socket服务...
#######################################
#######################################
2012/10/08 14:41:14
message:停止客户端线程及客户端Socket服务完毕...
#######################################
#######################################
2012/10/08 14:41:15
message:客户端处理线程出现异常，异常信息：正在中止线程。
#######################################
#######################################
2012/10/08 14:41:15
message:帐号：wyl 处理指令操作出错，错误信息：正在中止线程。
#######################################
