#######################################
2012/10/25 16:14:52
message:开启客户端监听服务线程...
#######################################
#######################################
2012/10/25 16:14:52
message:开启监听：IP地址127.0.0.1；端口360...
#######################################
#######################################
2012/10/25 16:15:18
message:停止客户端监听服务线程...
#######################################
#######################################
2012/10/25 16:15:18
message:停止客户端监听服务...
#######################################
#######################################
2012/10/25 16:15:18
message:准备停止客户端线程及客户端Socket服务...
#######################################
#######################################
2012/10/25 16:15:18
message:停止客户端线程及客户端Socket服务完毕...
#######################################
#######################################
2012/10/25 16:15:18
message:客户端处理线程出现异常，异常信息：正在中止线程。
#######################################
#######################################
2012/10/25 16:15:44
message:开启客户端监听服务线程...
#######################################
#######################################
2012/10/25 16:15:44
message:开启监听：IP地址127.0.0.1；端口360...
#######################################
#######################################
2012/10/25 16:16:10
message:收到客户端连接请求...
#######################################
#######################################
2012/10/25 16:16:10
message:收到客户端连接请求数据包：0x1, 0xA2, 0x77, 0x79, 0x6C, 0x33, 0x0, 0x0, 0x0, 0x0, 0x0, 0x0, 0x0, 0x0, 0x0, 0x0, 0x0, 0x0, 0x31, 0x32, 0x33, 0x0, 0x0, 0x0, 0x0, 0x0, 0x0, 0x0, 0x0, 0x0, 0x0, 0x0, 0x0, 0x0, 0x0, 0x0, 0x0, 0x0, 0x0, 0x0, 0x0, 0x0, 0x0, 0x0, 0x0, 0x0, 0x0, 0x0, 0x0, 0x0, 0x30, 0x30, 0x35, 0x30, 0x35, 0x36, 0x63, 0x30, 0x30, 0x30, 0x30, 0x38, 0x31, 0x39, 0x32, 0x2E, 0x31, 0x36, 0x38, 0x2E, 0x32, 0x2E, 0x31, 0x30, 0x37, 0x20, 0x20, 0x33, 0x38, 0x33, 0x32, 0x30, 0x31, 0x30, 0x0, 0x30, 0x30, 0x30, 0x30, 0x30, 0x30, 0x0, 0x0, 0x0, 0x0, 0x0, 0x0, 0x0, 0x0, 0x0, 0x0, 0x0, 0x0, 0x0, 0x0, 0x0, 0x0, 0x0, 0x0, 0x0, 0x0, 0x0, 0x0, 0x0, 0x0, 0x0, 0x0, 0x0, 0x0, 0x0, 0x0, 0x0, 0x0, 0x0, 0x0, 0x0, 0x0, 0x0, 0x0, 0x0, 0x0, 0x0, 0x0, 0x0, 0x0, 0x0, 0x0, 0x0, 0x0, 0x0, 0x0, 0x0, 0x0, 0x0, 0x0, 0x0, 0x0, 0x0, 0x0, 0x0, 0x0, 0x0, 0x0, 0x0, 0x0, 0x0, 0x0, 0x0, 0x0, 0x0, 0x0, 0x0
#######################################
#######################################
2012/10/25 16:16:10
message:用户名：wyl3登录成功！
#######################################
#######################################
2012/10/25 16:16:10
message:接收到帐号：wyl3发送的数据包：0x1, 0xFE, 0x0, 0x11, 0x14, 0x10, 0x0, 0x2, 0x0, 0x0, 0x0, 0x0, 0x0, 0x0, 0x0, 0x0, 0x0, 0x1, 0xFE, 0x0, 0x11, 0x14, 0x10, 0x0, 0x2, 0xC, 0x0, 0x0, 0x0, 0x0, 0x0, 0x0, 0x0, 0x0, 0x1, 0xFE, 0x0, 0x11, 0x14, 0x10, 0x0, 0x2, 0x29, 0x0, 0x0, 0x0, 0x0, 0x0, 0x0, 0x0, 0x0
#######################################
#######################################
2012/10/25 16:16:10
message:向帐号：wyl3 发送数据包0x1, 0xFD, 0x0, 0x6, 0x0, 0x0, 0x1, 0xFD, 0x0, 0x6, 0x0, 0xC
#######################################
#######################################
2012/10/25 16:16:10
message:向帐号：wyl3 发送数据包0x1, 0xFD, 0x0, 0x6, 0x0, 0x29
#######################################
#######################################
2012/10/25 16:16:11
message:接收到帐号：wyl3发送的数据包：0x1, 0xF9, 0x0, 0x44, 0x0, 0x1, 0x1B, 0x0, 0x0, 0x0, 0x0, 0x0, 0x0, 0x0, 0x0, 0x0, 0x0, 0x0, 0x0, 0x0, 0x0, 0x0, 0x0, 0x0, 0x0, 0x0, 0x0, 0x0, 0x0, 0x0, 0x0, 0x0, 0x0, 0x0, 0x0, 0x0, 0x0, 0x0, 0x0, 0x0, 0x0, 0x0, 0x0, 0x0, 0x0, 0x0, 0x0, 0x0, 0x0, 0x0, 0x0, 0x0, 0x0, 0x0, 0x0, 0x0, 0x0, 0x0, 0x0, 0x0, 0x0, 0x0, 0x0, 0x0, 0x0, 0x0, 0x0, 0x0
#######################################
#######################################
2012/10/25 16:16:11
message:接收到帐号：wyl3 的初次登录数据包，回复欢迎信息框...
#######################################
#######################################
2012/10/25 16:16:11
message:向帐号：wyl3 回复数据包：0x1, 0x0, 0x0, 0x57, 0x0, 0x0, 0x0, 0x1, 0x41, 0x51, 0x70, 0x2, 0x1B, 0xB, 0x21, 0x20, 0xF, 0x1B, 0x4D, 0x1B, 0xE, 0x3B, 0x36, 0x53, 0x2D, 0x4A, 0x39, 0x53, 0x43, 0x1B, 0xF, 0x50, 0x49, 0x44, 0x1B, 0xE, 0x37, 0x7E, 0x4E, 0x71, 0x48, 0x6D, 0x3C, 0x7E, 0x1B, 0xF, 0x21, 0xD, 0xD, 0x1B, 0xE, 0x44, 0x7A, 0x55, 0x4A, 0x3A, 0x45, 0x35, 0x44, 0x35, 0x3D, 0x46, 0x5A, 0x27, 0x4A, 0x3C, 0x64, 0x1B, 0xF, 0x3A, 0x20, 0x32, 0x30, 0x31, 0x33, 0x2D, 0x31, 0x32, 0x2D, 0x33, 0x31, 0x2E, 0xD, 0x1E, 0x1B, 0x62, 0x3
#######################################
#######################################
2012/10/25 16:16:11
message:向帐号：wyl3 回复成功数据包0x1, 0xF8, 0x0, 0xE, 0xB5, 0xC7, 0xC2, 0xBC, 0xB3, 0xC9, 0xB9, 0xA6, 0xA3, 0xA1
#######################################
#######################################
2012/10/25 16:16:59
message:接收到帐号：wyl3发送的数据包：0x1, 0x0, 0x0, 0x3A, 0x0, 0x0, 0x0, 0x1, 0x41, 0x51, 0x70, 0x2, 0x1B, 0xB, 0x24, 0x20, 0x0, 0xF, 0x1E, 0x50, 0x52, 0x49, 0x4E, 0x56, 0x3A, 0x37, 0x38, 0x31, 0x32, 0x31, 0x31, 0x35, 0x38, 0x33, 0x31, 0x34, 0x30, 0x36, 0x2C, 0x7B, 0x49, 0x54, 0x54, 0x4E, 0x3D, 0x34, 0x34, 0x36, 0x39, 0x38, 0x36, 0x38, 0x30, 0x33, 0x35, 0x7D, 0x20, 0x3
#######################################
#######################################
2012/10/25 16:16:59
message:收到行程单操作指令：PRINV
#######################################
#######################################
2012/10/25 16:17:05
message:帐号：wyl3 发送行程单打印指令未找到可用配置...
#######################################
#######################################
2012/10/25 16:17:05
message:向帐号：wyl3 回复数据包0x1, 0x0, 0x0, 0x2E, 0xC, 0x0, 0x0, 0x1, 0x8C, 0xC, 0x0, 0x2, 0x5B, 0x49, 0x74, 0x69, 0x6E, 0x65, 0x72, 0x61, 0x72, 0x79, 0x5F, 0x49, 0x4E, 0x56, 0x3A, 0x20, 0x5D, 0x3, 0x50, 0x6C, 0x65, 0x61, 0x73, 0x65, 0x20, 0x54, 0x72, 0x79, 0x20, 0x41, 0x67, 0x61, 0x69, 0x6E
#######################################
#######################################
2012/10/25 16:18:06
message:接收到帐号：wyl3发送的数据包：
#######################################
#######################################
2012/10/25 16:18:06
message:接收指令异常（空），断开wyl3的连接！
#######################################
#######################################
2012/10/25 16:18:45
message:收到客户端连接请求...
#######################################
#######################################
2012/10/25 16:18:45
message:收到客户端连接请求数据包：0x1, 0xA2, 0x77, 0x79, 0x6C, 0x33, 0x0, 0x0, 0x0, 0x0, 0x0, 0x0, 0x0, 0x0, 0x0, 0x0, 0x0, 0x0, 0x31, 0x32, 0x33, 0x0, 0x0, 0x0, 0x0, 0x0, 0x0, 0x0, 0x0, 0x0, 0x0, 0x0, 0x0, 0x0, 0x0, 0x0, 0x0, 0x0, 0x0, 0x0, 0x0, 0x0, 0x0, 0x0, 0x0, 0x0, 0x0, 0x0, 0x0, 0x0, 0x30, 0x30, 0x35, 0x30, 0x35, 0x36, 0x63, 0x30, 0x30, 0x30, 0x30, 0x38, 0x31, 0x39, 0x32, 0x2E, 0x31, 0x36, 0x38, 0x2E, 0x32, 0x2E, 0x31, 0x30, 0x37, 0x20, 0x20, 0x33, 0x38, 0x33, 0x32, 0x30, 0x31, 0x30, 0x0, 0x30, 0x30, 0x30, 0x30, 0x30, 0x30, 0x0, 0x0, 0x0, 0x0, 0x0, 0x0, 0x0, 0x0, 0x0, 0x0, 0x0, 0x0, 0x0, 0x0, 0x0, 0x0, 0x0, 0x0, 0x0, 0x0, 0x0, 0x0, 0x0, 0x0, 0x0, 0x0, 0x0, 0x0, 0x0, 0x0, 0x0, 0x0, 0x0, 0x0, 0x0, 0x0, 0x0, 0x0, 0x0, 0x0, 0x0, 0x0, 0x0, 0x0, 0x0, 0x0, 0x0, 0x0, 0x0, 0x0, 0x0, 0x0, 0x0, 0x0, 0x0, 0x0, 0x0, 0x0, 0x0, 0x0, 0x0, 0x0, 0x0, 0x0, 0x0, 0x0, 0x0, 0x0, 0x0, 0x0, 0x0
#######################################
#######################################
2012/10/25 16:18:45
message:用户名：wyl3登录成功！
#######################################
#######################################
2012/10/25 16:18:45
message:接收到帐号：wyl3发送的数据包：0x1, 0xFE, 0x0, 0x11, 0x14, 0x10, 0x0, 0x2, 0x0, 0x0, 0x0, 0x0, 0x0, 0x0, 0x0, 0x0, 0x0, 0x1, 0xFE, 0x0, 0x11, 0x14, 0x10, 0x0, 0x2, 0xC, 0x0, 0x0, 0x0, 0x0, 0x0, 0x0, 0x0, 0x0, 0x1, 0xFE, 0x0, 0x11, 0x14, 0x10, 0x0, 0x2, 0x29, 0x0, 0x0, 0x0, 0x0, 0x0, 0x0, 0x0, 0x0
#######################################
#######################################
2012/10/25 16:18:45
message:向帐号：wyl3 发送数据包0x1, 0xFD, 0x0, 0x6, 0x0, 0x0, 0x1, 0xFD, 0x0, 0x6, 0x0, 0xC
#######################################
#######################################
2012/10/25 16:18:45
message:向帐号：wyl3 发送数据包0x1, 0xFD, 0x0, 0x6, 0x0, 0x29
#######################################
#######################################
2012/10/25 16:18:46
message:接收到帐号：wyl3发送的数据包：0x1, 0xF9, 0x0, 0x44, 0x0, 0x1, 0x1B, 0x0, 0x0, 0x0, 0x0, 0x0, 0x0, 0x0, 0x0, 0x0, 0x0, 0x0, 0x0, 0x0, 0x0, 0x0, 0x0, 0x0, 0x0, 0x0, 0x0, 0x0, 0x0, 0x0, 0x0, 0x0, 0x0, 0x0, 0x0, 0x0, 0x0, 0x0, 0x0, 0x0, 0x0, 0x0, 0x0, 0x0, 0x0, 0x0, 0x0, 0x0, 0x0, 0x0, 0x0, 0x0, 0x0, 0x0, 0x0, 0x0, 0x0, 0x0, 0x0, 0x0, 0x0, 0x0, 0x0, 0x0, 0x0, 0x0, 0x0, 0x0
#######################################
#######################################
2012/10/25 16:18:46
message:接收到帐号：wyl3 的初次登录数据包，回复欢迎信息框...
#######################################
#######################################
2012/10/25 16:18:46
message:向帐号：wyl3 回复数据包：0x1, 0x0, 0x0, 0x57, 0x0, 0x0, 0x0, 0x1, 0x41, 0x51, 0x70, 0x2, 0x1B, 0xB, 0x21, 0x20, 0xF, 0x1B, 0x4D, 0x1B, 0xE, 0x3B, 0x36, 0x53, 0x2D, 0x4A, 0x39, 0x53, 0x43, 0x1B, 0xF, 0x50, 0x49, 0x44, 0x1B, 0xE, 0x37, 0x7E, 0x4E, 0x71, 0x48, 0x6D, 0x3C, 0x7E, 0x1B, 0xF, 0x21, 0xD, 0xD, 0x1B, 0xE, 0x44, 0x7A, 0x55, 0x4A, 0x3A, 0x45, 0x35, 0x44, 0x35, 0x3D, 0x46, 0x5A, 0x27, 0x4A, 0x3C, 0x64, 0x1B, 0xF, 0x3A, 0x20, 0x32, 0x30, 0x31, 0x33, 0x2D, 0x31, 0x32, 0x2D, 0x33, 0x31, 0x2E, 0xD, 0x1E, 0x1B, 0x62, 0x3
#######################################
#######################################
2012/10/25 16:18:46
message:向帐号：wyl3 回复成功数据包0x1, 0xF8, 0x0, 0xE, 0xB5, 0xC7, 0xC2, 0xBC, 0xB3, 0xC9, 0xB9, 0xA6, 0xA3, 0xA1
#######################################
#######################################
2012/10/25 16:18:50
message:接收到帐号：wyl3发送的数据包：0x1, 0x0, 0x0, 0x3A, 0x0, 0x0, 0x0, 0x1, 0x41, 0x51, 0x70, 0x2, 0x1B, 0xB, 0x24, 0x20, 0x0, 0xF, 0x1E, 0x50, 0x52, 0x49, 0x4E, 0x56, 0x3A, 0x37, 0x38, 0x31, 0x32, 0x31, 0x31, 0x35, 0x38, 0x33, 0x31, 0x34, 0x30, 0x36, 0x2C, 0x7B, 0x49, 0x54, 0x54, 0x4E, 0x3D, 0x34, 0x34, 0x36, 0x39, 0x38, 0x36, 0x38, 0x30, 0x33, 0x35, 0x7D, 0x20, 0x3
#######################################
#######################################
2012/10/25 16:18:59
message:收到行程单操作指令：PRINV
#######################################
#######################################
2012/10/25 16:20:24
message:开启客户端监听服务线程...
#######################################
#######################################
2012/10/25 16:20:24
message:开启监听：IP地址127.0.0.1；端口360...
#######################################
#######################################
2012/10/25 16:20:41
message:收到客户端连接请求...
#######################################
#######################################
2012/10/25 16:20:41
message:收到客户端连接请求数据包：0x1, 0xA2, 0x77, 0x79, 0x6C, 0x33, 0x0, 0x0, 0x0, 0x0, 0x0, 0x0, 0x0, 0x0, 0x0, 0x0, 0x0, 0x0, 0x31, 0x32, 0x33, 0x0, 0x0, 0x0, 0x0, 0x0, 0x0, 0x0, 0x0, 0x0, 0x0, 0x0, 0x0, 0x0, 0x0, 0x0, 0x0, 0x0, 0x0, 0x0, 0x0, 0x0, 0x0, 0x0, 0x0, 0x0, 0x0, 0x0, 0x0, 0x0, 0x30, 0x30, 0x35, 0x30, 0x35, 0x36, 0x63, 0x30, 0x30, 0x30, 0x30, 0x38, 0x31, 0x39, 0x32, 0x2E, 0x31, 0x36, 0x38, 0x2E, 0x32, 0x2E, 0x31, 0x30, 0x37, 0x20, 0x20, 0x33, 0x38, 0x33, 0x32, 0x30, 0x31, 0x30, 0x0, 0x30, 0x30, 0x30, 0x30, 0x30, 0x30, 0x0, 0x0, 0x0, 0x0, 0x0, 0x0, 0x0, 0x0, 0x0, 0x0, 0x0, 0x0, 0x0, 0x0, 0x0, 0x0, 0x0, 0x0, 0x0, 0x0, 0x0, 0x0, 0x0, 0x0, 0x0, 0x0, 0x0, 0x0, 0x0, 0x0, 0x0, 0x0, 0x0, 0x0, 0x0, 0x0, 0x0, 0x0, 0x0, 0x0, 0x0, 0x0, 0x0, 0x0, 0x0, 0x0, 0x0, 0x0, 0x0, 0x0, 0x0, 0x0, 0x0, 0x0, 0x0, 0x0, 0x0, 0x0, 0x0, 0x0, 0x0, 0x0, 0x0, 0x0, 0x0, 0x0, 0x0, 0x0, 0x0, 0x0, 0x0
#######################################
#######################################
2012/10/25 16:20:41
message:用户名：wyl3登录成功！
#######################################
#######################################
2012/10/25 16:20:41
message:接收到帐号：wyl3发送的数据包：0x1, 0xFE, 0x0, 0x11, 0x14, 0x10, 0x0, 0x2, 0x0, 0x0, 0x0, 0x0, 0x0, 0x0, 0x0, 0x0, 0x0, 0x1, 0xFE, 0x0, 0x11, 0x14, 0x10, 0x0, 0x2, 0xC, 0x0, 0x0, 0x0, 0x0, 0x0, 0x0, 0x0, 0x0, 0x1, 0xFE, 0x0, 0x11, 0x14, 0x10, 0x0, 0x2, 0x29, 0x0, 0x0, 0x0, 0x0, 0x0, 0x0, 0x0, 0x0
#######################################
#######################################
2012/10/25 16:20:41
message:向帐号：wyl3 发送数据包0x1, 0xFD, 0x0, 0x6, 0x0, 0x0, 0x1, 0xFD, 0x0, 0x6, 0x0, 0xC
#######################################
#######################################
2012/10/25 16:20:41
message:向帐号：wyl3 发送数据包0x1, 0xFD, 0x0, 0x6, 0x0, 0x29
#######################################
#######################################
2012/10/25 16:20:42
message:接收到帐号：wyl3发送的数据包：0x1, 0xF9, 0x0, 0x44, 0x0, 0x1, 0x1B, 0x0, 0x0, 0x0, 0x0, 0x0, 0x0, 0x0, 0x0, 0x0, 0x0, 0x0, 0x0, 0x0, 0x0, 0x0, 0x0, 0x0, 0x0, 0x0, 0x0, 0x0, 0x0, 0x0, 0x0, 0x0, 0x0, 0x0, 0x0, 0x0, 0x0, 0x0, 0x0, 0x0, 0x0, 0x0, 0x0, 0x0, 0x0, 0x0, 0x0, 0x0, 0x0, 0x0, 0x0, 0x0, 0x0, 0x0, 0x0, 0x0, 0x0, 0x0, 0x0, 0x0, 0x0, 0x0, 0x0, 0x0, 0x0, 0x0, 0x0, 0x0
#######################################
#######################################
2012/10/25 16:20:42
message:接收到帐号：wyl3 的初次登录数据包，回复欢迎信息框...
#######################################
#######################################
2012/10/25 16:20:42
message:向帐号：wyl3 回复数据包：0x1, 0x0, 0x0, 0x57, 0x0, 0x0, 0x0, 0x1, 0x41, 0x51, 0x70, 0x2, 0x1B, 0xB, 0x21, 0x20, 0xF, 0x1B, 0x4D, 0x1B, 0xE, 0x3B, 0x36, 0x53, 0x2D, 0x4A, 0x39, 0x53, 0x43, 0x1B, 0xF, 0x50, 0x49, 0x44, 0x1B, 0xE, 0x37, 0x7E, 0x4E, 0x71, 0x48, 0x6D, 0x3C, 0x7E, 0x1B, 0xF, 0x21, 0xD, 0xD, 0x1B, 0xE, 0x44, 0x7A, 0x55, 0x4A, 0x3A, 0x45, 0x35, 0x44, 0x35, 0x3D, 0x46, 0x5A, 0x27, 0x4A, 0x3C, 0x64, 0x1B, 0xF, 0x3A, 0x20, 0x32, 0x30, 0x31, 0x33, 0x2D, 0x31, 0x32, 0x2D, 0x33, 0x31, 0x2E, 0xD, 0x1E, 0x1B, 0x62, 0x3
#######################################
#######################################
2012/10/25 16:20:42
message:向帐号：wyl3 回复成功数据包0x1, 0xF8, 0x0, 0xE, 0xB5, 0xC7, 0xC2, 0xBC, 0xB3, 0xC9, 0xB9, 0xA6, 0xA3, 0xA1
#######################################
#######################################
2012/10/25 16:20:46
message:接收到帐号：wyl3发送的数据包：0x1, 0x0, 0x0, 0x3A, 0x0, 0x0, 0x0, 0x1, 0x41, 0x51, 0x70, 0x2, 0x1B, 0xB, 0x24, 0x20, 0x0, 0xF, 0x1E, 0x50, 0x52, 0x49, 0x4E, 0x56, 0x3A, 0x37, 0x38, 0x31, 0x32, 0x31, 0x31, 0x35, 0x38, 0x33, 0x31, 0x34, 0x30, 0x36, 0x2C, 0x7B, 0x49, 0x54, 0x54, 0x4E, 0x3D, 0x34, 0x34, 0x36, 0x39, 0x38, 0x36, 0x38, 0x30, 0x33, 0x35, 0x7D, 0x20, 0x3
#######################################
#######################################
2012/10/25 16:20:49
message:收到行程单操作指令：PRINV
#######################################
#######################################
2012/10/25 16:20:52
message:帐号：wyl3 发送行程单打印指令已找到可用配置，准备发送打印指令...
#######################################
#######################################
2012/10/25 16:21:12
message:帐号：wyl3 发送行程单打印指令并接收到返回信息
#######################################
#######################################
2012/10/25 16:21:13
message:向帐号：wyl3 回复行程单指令结果数据包...
#######################################
#######################################
2012/10/25 16:21:20
message:帐号：wyl3 处理指令操作出错，错误信息：未将对象引用设置到对象的实例。
#######################################
#######################################
2012/10/25 16:21:26
message:接收到帐号：wyl3发送的数据包：
#######################################
#######################################
2012/10/25 16:21:26
message:接收指令异常（空），断开wyl3的连接！
#######################################
#######################################
2012/10/25 16:26:31
message:开启客户端监听服务线程...
#######################################
#######################################
2012/10/25 16:26:31
message:开启监听：IP地址127.0.0.1；端口360...
#######################################
#######################################
2012/10/25 16:27:00
message:收到客户端连接请求...
#######################################
#######################################
2012/10/25 16:27:00
message:收到客户端连接请求数据包：0x1, 0xA2, 0x77, 0x79, 0x6C, 0x33, 0x0, 0x0, 0x0, 0x0, 0x0, 0x0, 0x0, 0x0, 0x0, 0x0, 0x0, 0x0, 0x31, 0x32, 0x33, 0x0, 0x0, 0x0, 0x0, 0x0, 0x0, 0x0, 0x0, 0x0, 0x0, 0x0, 0x0, 0x0, 0x0, 0x0, 0x0, 0x0, 0x0, 0x0, 0x0, 0x0, 0x0, 0x0, 0x0, 0x0, 0x0, 0x0, 0x0, 0x0, 0x30, 0x30, 0x35, 0x30, 0x35, 0x36, 0x63, 0x30, 0x30, 0x30, 0x30, 0x38, 0x31, 0x39, 0x32, 0x2E, 0x31, 0x36, 0x38, 0x2E, 0x32, 0x2E, 0x31, 0x30, 0x37, 0x20, 0x20, 0x33, 0x38, 0x33, 0x32, 0x30, 0x31, 0x30, 0x0, 0x30, 0x30, 0x30, 0x30, 0x30, 0x30, 0x0, 0x0, 0x0, 0x0, 0x0, 0x0, 0x0, 0x0, 0x0, 0x0, 0x0, 0x0, 0x0, 0x0, 0x0, 0x0, 0x0, 0x0, 0x0, 0x0, 0x0, 0x0, 0x0, 0x0, 0x0, 0x0, 0x0, 0x0, 0x0, 0x0, 0x0, 0x0, 0x0, 0x0, 0x0, 0x0, 0x0, 0x0, 0x0, 0x0, 0x0, 0x0, 0x0, 0x0, 0x0, 0x0, 0x0, 0x0, 0x0, 0x0, 0x0, 0x0, 0x0, 0x0, 0x0, 0x0, 0x0, 0x0, 0x0, 0x0, 0x0, 0x0, 0x0, 0x0, 0x0, 0x0, 0x0, 0x0, 0x0, 0x0, 0x0
#######################################
#######################################
2012/10/25 16:27:00
message:用户名：wyl3登录成功！
#######################################
#######################################
2012/10/25 16:27:00
message:接收到帐号：wyl3发送的数据包：0x1, 0xFE, 0x0, 0x11, 0x14, 0x10, 0x0, 0x2, 0x0, 0x0, 0x0, 0x0, 0x0, 0x0, 0x0, 0x0, 0x0, 0x1, 0xFE, 0x0, 0x11, 0x14, 0x10, 0x0, 0x2, 0xC, 0x0, 0x0, 0x0, 0x0, 0x0, 0x0, 0x0, 0x0, 0x1, 0xFE, 0x0, 0x11, 0x14, 0x10, 0x0, 0x2, 0x29, 0x0, 0x0, 0x0, 0x0, 0x0, 0x0, 0x0, 0x0
#######################################
#######################################
2012/10/25 16:27:00
message:向帐号：wyl3 发送数据包0x1, 0xFD, 0x0, 0x6, 0x0, 0x0, 0x1, 0xFD, 0x0, 0x6, 0x0, 0xC
#######################################
#######################################
2012/10/25 16:27:00
message:向帐号：wyl3 发送数据包0x1, 0xFD, 0x0, 0x6, 0x0, 0x29
#######################################
#######################################
2012/10/25 16:27:01
message:接收到帐号：wyl3发送的数据包：0x1, 0xF9, 0x0, 0x44, 0x0, 0x1, 0x1B, 0x0, 0x0, 0x0, 0x0, 0x0, 0x0, 0x0, 0x0, 0x0, 0x0, 0x0, 0x0, 0x0, 0x0, 0x0, 0x0, 0x0, 0x0, 0x0, 0x0, 0x0, 0x0, 0x0, 0x0, 0x0, 0x0, 0x0, 0x0, 0x0, 0x0, 0x0, 0x0, 0x0, 0x0, 0x0, 0x0, 0x0, 0x0, 0x0, 0x0, 0x0, 0x0, 0x0, 0x0, 0x0, 0x0, 0x0, 0x0, 0x0, 0x0, 0x0, 0x0, 0x0, 0x0, 0x0, 0x0, 0x0, 0x0, 0x0, 0x0, 0x0
#######################################
#######################################
2012/10/25 16:27:01
message:接收到帐号：wyl3 的初次登录数据包，回复欢迎信息框...
#######################################
#######################################
2012/10/25 16:27:01
message:向帐号：wyl3 回复数据包：0x1, 0x0, 0x0, 0x57, 0x0, 0x0, 0x0, 0x1, 0x41, 0x51, 0x70, 0x2, 0x1B, 0xB, 0x21, 0x20, 0xF, 0x1B, 0x4D, 0x1B, 0xE, 0x3B, 0x36, 0x53, 0x2D, 0x4A, 0x39, 0x53, 0x43, 0x1B, 0xF, 0x50, 0x49, 0x44, 0x1B, 0xE, 0x37, 0x7E, 0x4E, 0x71, 0x48, 0x6D, 0x3C, 0x7E, 0x1B, 0xF, 0x21, 0xD, 0xD, 0x1B, 0xE, 0x44, 0x7A, 0x55, 0x4A, 0x3A, 0x45, 0x35, 0x44, 0x35, 0x3D, 0x46, 0x5A, 0x27, 0x4A, 0x3C, 0x64, 0x1B, 0xF, 0x3A, 0x20, 0x32, 0x30, 0x31, 0x33, 0x2D, 0x31, 0x32, 0x2D, 0x33, 0x31, 0x2E, 0xD, 0x1E, 0x1B, 0x62, 0x3
#######################################
#######################################
2012/10/25 16:27:01
message:向帐号：wyl3 回复成功数据包0x1, 0xF8, 0x0, 0xE, 0xB5, 0xC7, 0xC2, 0xBC, 0xB3, 0xC9, 0xB9, 0xA6, 0xA3, 0xA1
#######################################
#######################################
2012/10/25 16:27:04
message:接收到帐号：wyl3发送的数据包：0x1, 0x0, 0x0, 0x3A, 0x0, 0x0, 0x0, 0x1, 0x41, 0x51, 0x70, 0x2, 0x1B, 0xB, 0x24, 0x20, 0x0, 0xF, 0x1E, 0x50, 0x52, 0x49, 0x4E, 0x56, 0x3A, 0x37, 0x38, 0x31, 0x32, 0x31, 0x31, 0x35, 0x38, 0x33, 0x31, 0x34, 0x30, 0x36, 0x2C, 0x7B, 0x49, 0x54, 0x54, 0x4E, 0x3D, 0x34, 0x34, 0x36, 0x39, 0x38, 0x36, 0x38, 0x30, 0x33, 0x35, 0x7D, 0x20, 0x3
#######################################
#######################################
2012/10/25 16:27:06
message:收到行程单操作指令：PRINV
#######################################
#######################################
2012/10/25 16:27:06
message:帐号：wyl3 发送行程单打印指令已找到可用配置，准备发送打印指令...
#######################################
#######################################
2012/10/25 16:27:08
message:帐号：wyl3 发送行程单打印指令并接收到返回信息
#######################################
#######################################
2012/10/25 16:27:56
message:向帐号：wyl3 回复数据包：0x1, 0x0, 0x0, 0x29, 0x0, 0x0, 0x0, 0x1, 0x41, 0x51, 0x70, 0x2, 0x1B, 0xB, 0x21, 0x20, 0xF, 0x1B, 0x4D, 0x1B, 0xE, 0x37, 0x22, 0x4B, 0x4D, 0x56, 0x38, 0x41, 0x6E, 0x33, 0x76, 0x34, 0x6D, 0x1B, 0xF, 0x21, 0xD, 0x1E, 0x1B, 0x62, 0x3
#######################################
#######################################
2012/10/25 16:27:56
message:帐号：wyl3 处理指令操作出错，错误信息：索引超出了数组界限。
#######################################
#######################################
2012/10/25 16:28:06
message:接收到帐号：wyl3发送的数据包：0x1, 0x0, 0x0, 0x3A, 0x0, 0x0, 0x0, 0x1, 0x41, 0x51, 0x70, 0x2, 0x1B, 0xB, 0x22, 0x20, 0x0, 0xF, 0x1E, 0x50, 0x52, 0x49, 0x4E, 0x56, 0x3A, 0x37, 0x38, 0x31, 0x32, 0x31, 0x31, 0x35, 0x38, 0x33, 0x31, 0x34, 0x30, 0x36, 0x2C, 0x7B, 0x49, 0x54, 0x54, 0x4E, 0x3D, 0x34, 0x34, 0x36, 0x39, 0x38, 0x36, 0x38, 0x30, 0x33, 0x35, 0x7D, 0x20, 0x3
#######################################
#######################################
2012/10/25 16:28:08
message:收到行程单操作指令：PRINV
#######################################
#######################################
2012/10/25 16:28:08
message:帐号：wyl3 发送行程单打印指令已找到可用配置，准备发送打印指令...
#######################################
#######################################
2012/10/25 16:28:10
message:帐号：wyl3 发送行程单打印指令并接收到返回信息
#######################################
#######################################
2012/10/25 16:45:03
message:开启客户端监听服务线程...
#######################################
#######################################
2012/10/25 16:45:03
message:开启监听：IP地址127.0.0.1；端口360...
#######################################
#######################################
2012/10/25 16:45:21
message:收到客户端连接请求...
#######################################
#######################################
2012/10/25 16:45:21
message:收到客户端连接请求数据包：0x1, 0xA2, 0x77, 0x79, 0x6C, 0x33, 0x0, 0x0, 0x0, 0x0, 0x0, 0x0, 0x0, 0x0, 0x0, 0x0, 0x0, 0x0, 0x31, 0x32, 0x33, 0x0, 0x0, 0x0, 0x0, 0x0, 0x0, 0x0, 0x0, 0x0, 0x0, 0x0, 0x0, 0x0, 0x0, 0x0, 0x0, 0x0, 0x0, 0x0, 0x0, 0x0, 0x0, 0x0, 0x0, 0x0, 0x0, 0x0, 0x0, 0x0, 0x30, 0x30, 0x35, 0x30, 0x35, 0x36, 0x63, 0x30, 0x30, 0x30, 0x30, 0x38, 0x31, 0x39, 0x32, 0x2E, 0x31, 0x36, 0x38, 0x2E, 0x32, 0x2E, 0x31, 0x30, 0x37, 0x20, 0x20, 0x33, 0x38, 0x33, 0x32, 0x30, 0x31, 0x30, 0x0, 0x30, 0x30, 0x30, 0x30, 0x30, 0x30, 0x0, 0x0, 0x0, 0x0, 0x0, 0x0, 0x0, 0x0, 0x0, 0x0, 0x0, 0x0, 0x0, 0x0, 0x0, 0x0, 0x0, 0x0, 0x0, 0x0, 0x0, 0x0, 0x0, 0x0, 0x0, 0x0, 0x0, 0x0, 0x0, 0x0, 0x0, 0x0, 0x0, 0x0, 0x0, 0x0, 0x0, 0x0, 0x0, 0x0, 0x0, 0x0, 0x0, 0x0, 0x0, 0x0, 0x0, 0x0, 0x0, 0x0, 0x0, 0x0, 0x0, 0x0, 0x0, 0x0, 0x0, 0x0, 0x0, 0x0, 0x0, 0x0, 0x0, 0x0, 0x0, 0x0, 0x0, 0x0, 0x0, 0x0, 0x0
#######################################
#######################################
2012/10/25 16:45:21
message:用户名：wyl3登录成功！
#######################################
#######################################
2012/10/25 16:45:21
message:接收到帐号：wyl3发送的数据包：0x1, 0xFE, 0x0, 0x11, 0x14, 0x10, 0x0, 0x2, 0x0, 0x0, 0x0, 0x0, 0x0, 0x0, 0x0, 0x0, 0x0, 0x1, 0xFE, 0x0, 0x11, 0x14, 0x10, 0x0, 0x2, 0xC, 0x0, 0x0, 0x0, 0x0, 0x0, 0x0, 0x0, 0x0, 0x1, 0xFE, 0x0, 0x11, 0x14, 0x10, 0x0, 0x2, 0x29, 0x0, 0x0, 0x0, 0x0, 0x0, 0x0, 0x0, 0x0
#######################################
#######################################
2012/10/25 16:45:21
message:向帐号：wyl3 发送数据包0x1, 0xFD, 0x0, 0x6, 0x0, 0x0, 0x1, 0xFD, 0x0, 0x6, 0x0, 0xC
#######################################
#######################################
2012/10/25 16:45:21
message:向帐号：wyl3 发送数据包0x1, 0xFD, 0x0, 0x6, 0x0, 0x29
#######################################
#######################################
2012/10/25 16:45:22
message:接收到帐号：wyl3发送的数据包：0x1, 0xF9, 0x0, 0x44, 0x0, 0x1, 0x1B, 0x0, 0x0, 0x0, 0x0, 0x0, 0x0, 0x0, 0x0, 0x0, 0x0, 0x0, 0x0, 0x0, 0x0, 0x0, 0x0, 0x0, 0x0, 0x0, 0x0, 0x0, 0x0, 0x0, 0x0, 0x0, 0x0, 0x0, 0x0, 0x0, 0x0, 0x0, 0x0, 0x0, 0x0, 0x0, 0x0, 0x0, 0x0, 0x0, 0x0, 0x0, 0x0, 0x0, 0x0, 0x0, 0x0, 0x0, 0x0, 0x0, 0x0, 0x0, 0x0, 0x0, 0x0, 0x0, 0x0, 0x0, 0x0, 0x0, 0x0, 0x0
#######################################
#######################################
2012/10/25 16:45:22
message:接收到帐号：wyl3 的初次登录数据包，回复欢迎信息框...
#######################################
#######################################
2012/10/25 16:45:22
message:向帐号：wyl3 回复数据包：0x1, 0x0, 0x0, 0x57, 0x0, 0x0, 0x0, 0x1, 0x41, 0x51, 0x70, 0x2, 0x1B, 0xB, 0x21, 0x20, 0xF, 0x1B, 0x4D, 0x1B, 0xE, 0x3B, 0x36, 0x53, 0x2D, 0x4A, 0x39, 0x53, 0x43, 0x1B, 0xF, 0x50, 0x49, 0x44, 0x1B, 0xE, 0x37, 0x7E, 0x4E, 0x71, 0x48, 0x6D, 0x3C, 0x7E, 0x1B, 0xF, 0x21, 0xD, 0xD, 0x1B, 0xE, 0x44, 0x7A, 0x55, 0x4A, 0x3A, 0x45, 0x35, 0x44, 0x35, 0x3D, 0x46, 0x5A, 0x27, 0x4A, 0x3C, 0x64, 0x1B, 0xF, 0x3A, 0x20, 0x32, 0x30, 0x31, 0x33, 0x2D, 0x31, 0x32, 0x2D, 0x33, 0x31, 0x2E, 0xD, 0x1E, 0x1B, 0x62, 0x3
#######################################
#######################################
2012/10/25 16:45:22
message:向帐号：wyl3 回复成功数据包0x1, 0xF8, 0x0, 0xE, 0xB5, 0xC7, 0xC2, 0xBC, 0xB3, 0xC9, 0xB9, 0xA6, 0xA3, 0xA1
#######################################
#######################################
2012/10/25 16:45:26
message:接收到帐号：wyl3发送的数据包：0x1, 0x0, 0x0, 0x3A, 0x0, 0x0, 0x0, 0x1, 0x41, 0x51, 0x70, 0x2, 0x1B, 0xB, 0x24, 0x20, 0x0, 0xF, 0x1E, 0x50, 0x52, 0x49, 0x4E, 0x56, 0x3A, 0x37, 0x38, 0x31, 0x32, 0x31, 0x31, 0x35, 0x38, 0x33, 0x31, 0x34, 0x30, 0x36, 0x2C, 0x7B, 0x49, 0x54, 0x54, 0x4E, 0x3D, 0x34, 0x34, 0x36, 0x39, 0x38, 0x36, 0x38, 0x30, 0x33, 0x35, 0x7D, 0x20, 0x3
#######################################
#######################################
2012/10/25 16:45:28
message:收到行程单操作指令：PRINV
#######################################
#######################################
2012/10/25 16:45:28
message:帐号：wyl3 发送行程单打印指令已找到可用配置，准备发送打印指令...
#######################################
#######################################
2012/10/25 16:45:29
message:帐号：wyl3 发送行程单打印指令并接收到返回信息
#######################################
#######################################
2012/10/25 16:45:29
message:收到行程单创建返回结果：0x1, 0x0, 0x0, 0x2B, 0xC, 0x0, 0x0, 0x1, 0x8C, 0xC, 0x0, 0x2, 0x5B, 0x49, 0x74, 0x69, 0x6E, 0x44, 0x69, 0x73, 0x70, 0x61, 0x74, 0x63, 0x68, 0x5F, 0x42, 0x3A, 0x20, 0x43, 0x6D, 0x64, 0x20, 0x4C, 0x65, 0x6E, 0x20, 0x3C, 0x3D, 0x20, 0x36, 0x5D, 0x3
#######################################
#######################################
2012/10/25 16:46:02
message:向帐号：wyl3 回复行程单指令结果数据包...
#######################################
#######################################
2012/10/25 16:46:02
message:向帐号：wyl3 回复数据包：0x1, 0x0, 0x0, 0x2F, 0x0, 0x0, 0x0, 0x1, 0x41, 0x51, 0x70, 0x2, 0x1B, 0xB, 0x21, 0x20, 0xF, 0x1B, 0x4D, 0x69, 0x73, 0x70, 0x61, 0x74, 0x63, 0x68, 0x5F, 0x42, 0x3A, 0x20, 0x43, 0x6D, 0x64, 0x20, 0x4C, 0x65, 0x6E, 0x20, 0x3C, 0x3D, 0x20, 0x36, 0xD, 0x1E, 0x1B, 0x62, 0x3
#######################################
#######################################
2012/10/25 16:46:02
message:帐号：wyl3 处理指令操作出错，错误信息：未将对象引用设置到对象的实例。
#######################################
#######################################
2012/10/25 16:46:54
message:接收到帐号：wyl3发送的数据包：0x1, 0x0, 0x0, 0x3A, 0x0, 0x0, 0x0, 0x1, 0x41, 0x51, 0x70, 0x2, 0x1B, 0xB, 0x22, 0x20, 0x0, 0xF, 0x1E, 0x50, 0x52, 0x49, 0x4E, 0x56, 0x3A, 0x37, 0x38, 0x31, 0x32, 0x31, 0x31, 0x35, 0x38, 0x33, 0x31, 0x34, 0x30, 0x36, 0x2C, 0x7B, 0x49, 0x54, 0x54, 0x4E, 0x3D, 0x34, 0x34, 0x36, 0x39, 0x38, 0x36, 0x38, 0x30, 0x33, 0x35, 0x7D, 0x20, 0x3
#######################################
#######################################
2012/10/25 16:46:58
message:收到行程单操作指令：PRINV
#######################################
#######################################
2012/10/25 16:46:58
message:帐号：wyl3 发送行程单打印指令已找到可用配置，准备发送打印指令...
#######################################
