#######################################
2012/10/25 17:06:21
message:开启客户端监听服务线程...
#######################################
#######################################
2012/10/25 17:06:21
message:开启监听：IP地址127.0.0.1；端口360...
#######################################
#######################################
2012/10/25 17:07:11
message:收到客户端连接请求...
#######################################
#######################################
2012/10/25 17:07:11
message:收到客户端连接请求数据包：0x1, 0xA2, 0x77, 0x79, 0x6C, 0x33, 0x0, 0x0, 0x0, 0x0, 0x0, 0x0, 0x0, 0x0, 0x0, 0x0, 0x0, 0x0, 0x31, 0x32, 0x33, 0x0, 0x0, 0x0, 0x0, 0x0, 0x0, 0x0, 0x0, 0x0, 0x0, 0x0, 0x0, 0x0, 0x0, 0x0, 0x0, 0x0, 0x0, 0x0, 0x0, 0x0, 0x0, 0x0, 0x0, 0x0, 0x0, 0x0, 0x0, 0x0, 0x30, 0x30, 0x35, 0x30, 0x35, 0x36, 0x63, 0x30, 0x30, 0x30, 0x30, 0x38, 0x31, 0x39, 0x32, 0x2E, 0x31, 0x36, 0x38, 0x2E, 0x32, 0x2E, 0x31, 0x30, 0x37, 0x20, 0x20, 0x33, 0x38, 0x33, 0x32, 0x30, 0x31, 0x30, 0x0, 0x30, 0x30, 0x30, 0x30, 0x30, 0x30, 0x0, 0x0, 0x0, 0x0, 0x0, 0x0, 0x0, 0x0, 0x0, 0x0, 0x0, 0x0, 0x0, 0x0, 0x0, 0x0, 0x0, 0x0, 0x0, 0x0, 0x0, 0x0, 0x0, 0x0, 0x0, 0x0, 0x0, 0x0, 0x0, 0x0, 0x0, 0x0, 0x0, 0x0, 0x0, 0x0, 0x0, 0x0, 0x0, 0x0, 0x0, 0x0, 0x0, 0x0, 0x0, 0x0, 0x0, 0x0, 0x0, 0x0, 0x0, 0x0, 0x0, 0x0, 0x0, 0x0, 0x0, 0x0, 0x0, 0x0, 0x0, 0x0, 0x0, 0x0, 0x0, 0x0, 0x0, 0x0, 0x0, 0x0, 0x0
#######################################
#######################################
2012/10/25 17:07:11
message:用户名：wyl3登录成功！
#######################################
#######################################
2012/10/25 17:07:11
message:接收到帐号：wyl3发送的数据包：0x1, 0xFE, 0x0, 0x11, 0x14, 0x10, 0x0, 0x2, 0x0, 0x0, 0x0, 0x0, 0x0, 0x0, 0x0, 0x0, 0x0, 0x1, 0xFE, 0x0, 0x11, 0x14, 0x10, 0x0, 0x2, 0xC, 0x0, 0x0, 0x0, 0x0, 0x0, 0x0, 0x0, 0x0, 0x1, 0xFE, 0x0, 0x11, 0x14, 0x10, 0x0, 0x2, 0x29, 0x0, 0x0, 0x0, 0x0, 0x0, 0x0, 0x0, 0x0
#######################################
#######################################
2012/10/25 17:07:11
message:向帐号：wyl3 发送数据包0x1, 0xFD, 0x0, 0x6, 0x0, 0x0, 0x1, 0xFD, 0x0, 0x6, 0x0, 0xC
#######################################
#######################################
2012/10/25 17:07:11
message:向帐号：wyl3 发送数据包0x1, 0xFD, 0x0, 0x6, 0x0, 0x29
#######################################
#######################################
2012/10/25 17:07:12
message:接收到帐号：wyl3发送的数据包：0x1, 0xF9, 0x0, 0x44, 0x0, 0x1, 0x1B, 0x0, 0x0, 0x0, 0x0, 0x0, 0x0, 0x0, 0x0, 0x0, 0x0, 0x0, 0x0, 0x0, 0x0, 0x0, 0x0, 0x0, 0x0, 0x0, 0x0, 0x0, 0x0, 0x0, 0x0, 0x0, 0x0, 0x0, 0x0, 0x0, 0x0, 0x0, 0x0, 0x0, 0x0, 0x0, 0x0, 0x0, 0x0, 0x0, 0x0, 0x0, 0x0, 0x0, 0x0, 0x0, 0x0, 0x0, 0x0, 0x0, 0x0, 0x0, 0x0, 0x0, 0x0, 0x0, 0x0, 0x0, 0x0, 0x0, 0x0, 0x0
#######################################
#######################################
2012/10/25 17:07:12
message:接收到帐号：wyl3 的初次登录数据包，回复欢迎信息框...
#######################################
#######################################
2012/10/25 17:07:12
message:向帐号：wyl3 回复数据包：0x1, 0x0, 0x0, 0x57, 0x0, 0x0, 0x0, 0x1, 0x41, 0x51, 0x70, 0x2, 0x1B, 0xB, 0x21, 0x20, 0xF, 0x1B, 0x4D, 0x1B, 0xE, 0x3B, 0x36, 0x53, 0x2D, 0x4A, 0x39, 0x53, 0x43, 0x1B, 0xF, 0x50, 0x49, 0x44, 0x1B, 0xE, 0x37, 0x7E, 0x4E, 0x71, 0x48, 0x6D, 0x3C, 0x7E, 0x1B, 0xF, 0x21, 0xD, 0xD, 0x1B, 0xE, 0x44, 0x7A, 0x55, 0x4A, 0x3A, 0x45, 0x35, 0x44, 0x35, 0x3D, 0x46, 0x5A, 0x27, 0x4A, 0x3C, 0x64, 0x1B, 0xF, 0x3A, 0x20, 0x32, 0x30, 0x31, 0x33, 0x2D, 0x31, 0x32, 0x2D, 0x33, 0x31, 0x2E, 0xD, 0x1E, 0x1B, 0x62, 0x3
#######################################
#######################################
2012/10/25 17:07:12
message:向帐号：wyl3 回复成功数据包0x1, 0xF8, 0x0, 0xE, 0xB5, 0xC7, 0xC2, 0xBC, 0xB3, 0xC9, 0xB9, 0xA6, 0xA3, 0xA1
#######################################
#######################################
2012/10/25 17:08:15
message:接收到帐号：wyl3发送的数据包：0x1, 0x0, 0x0, 0x3A, 0x0, 0x0, 0x0, 0x1, 0x41, 0x51, 0x70, 0x2, 0x1B, 0xB, 0x24, 0x20, 0x0, 0xF, 0x1E, 0x70, 0x72, 0x69, 0x6E, 0x76, 0x3A, 0x37, 0x38, 0x31, 0x32, 0x31, 0x31, 0x35, 0x38, 0x33, 0x31, 0x34, 0x30, 0x36, 0x2C, 0x7B, 0x69, 0x74, 0x74, 0x6E, 0x3D, 0x34, 0x34, 0x36, 0x39, 0x38, 0x36, 0x38, 0x30, 0x33, 0x35, 0x7D, 0x20, 0x3
#######################################
#######################################
2012/10/25 17:08:17
message:收到行程单操作指令：prinv:7812115831406,{ittn=4469868035}
#######################################
#######################################
2012/10/25 17:08:17
message:帐号：wyl3 发送行程单打印指令已找到可用配置，准备发送打印指令...
#######################################
#######################################
2012/10/25 17:08:22
message:帐号：wyl3 发送行程单打印指令并接收到返回信息
#######################################
#######################################
2012/10/25 17:08:22
message:收到行程单创建返回结果：0x1, 0x0, 0x1, 0x37, 0xC, 0x0, 0x0, 0x1, 0x8C, 0xC, 0x0, 0x2, 0x3C, 0x52, 0x65, 0x73, 0x70, 0x6F, 0x6E, 0x73, 0x65, 0x3E, 0x3C, 0x53, 0x74, 0x61, 0x74, 0x65, 0x6D, 0x65, 0x6E, 0x74, 0x4E, 0x61, 0x6D, 0x65, 0x3E, 0x49, 0x4E, 0x56, 0x3C, 0x2F, 0x53, 0x74, 0x61, 0x74, 0x65, 0x6D, 0x65, 0x6E, 0x74, 0x4E, 0x61, 0x6D, 0x65, 0x3E, 0x3C, 0x53, 0x65, 0x72, 0x76, 0x69, 0x63, 0x65, 0x54, 0x79, 0x70, 0x65, 0x3E, 0x54, 0x4B, 0x54, 0x3C, 0x2F, 0x53, 0x65, 0x72, 0x76, 0x69, 0x63, 0x65, 0x54, 0x79, 0x70, 0x65, 0x3E, 0x3C, 0x53, 0x65, 0x72, 0x69, 0x61, 0x6C, 0x4E, 0x6F, 0x3E, 0x31, 0x3C, 0x2F, 0x53, 0x65, 0x72, 0x69, 0x61, 0x6C, 0x4E, 0x6F, 0x3E, 0x3C, 0x45, 0x6E, 0x63, 0x72, 0x79, 0x70, 0x74, 0x69, 0x6F, 0x6E, 0x3E, 0x59, 0x3C, 0x2F, 0x45, 0x6E, 0x63, 0x72, 0x79, 0x70, 0x74, 0x69, 0x6F, 0x6E, 0x3E, 0x3C, 0x4D, 0x65, 0x74, 0x68, 0x6F, 0x64, 0x3E, 0x36, 0x3C, 0x2F, 0x4D, 0x65, 0x74, 0x68, 0x6F, 0x64, 0x3E, 0x3C, 0x46, 0x6C, 0x61, 0x67, 0x3E, 0x45, 0x3C, 0x2F, 0x46, 0x6C, 0x61, 0x67, 0x3E, 0x3C, 0x45, 0x72, 0x72, 0x6F, 0x72, 0x3E, 0x3C, 0x45, 0x72, 0x72, 0x6F, 0x72, 0x52, 0x65, 0x61, 0x73, 0x6F, 0x6E, 0x3E, 0xC4, 0xFA, 0xCE, 0xDE, 0xC8, 0xA8, 0xCA, 0xB9, 0xD3, 0xC3, 0xB8, 0xC3, 0xB7, 0xA2, 0xC6, 0xB1, 0xA3, 0xAC, 0xC7, 0xEB, 0xD7, 0xD0, 0xCF, 0xB8, 0xC8, 0xB7, 0xC8, 0xCF, 0xA3, 0xA1, 0x3C, 0x2F, 0x45, 0x72, 0x72, 0x6F, 0x72, 0x52, 0x65, 0x61, 0x73, 0x6F, 0x6E, 0x3E, 0x3C, 0x43, 0x6F, 0x6D, 0x6D, 0x61, 0x6E, 0x64, 0x3E, 0x70, 0x72, 0x69, 0x6E, 0x74, 0x7C, 0x7C, 0x37, 0x38, 0x31, 0x32, 0x31, 0x31, 0x35, 0x38, 0x33, 0x31, 0x34, 0x30, 0x36, 0x7C, 0x7C, 0x34, 0x34, 0x36, 0x39, 0x38, 0x36, 0x38, 0x30, 0x33, 0x35, 0x7C, 0x7C, 0x6F, 0x6D, 0x30, 0x30, 0x63, 0x34, 0x36, 0x31, 0x3C, 0x2F, 0x43, 0x6F, 0x6D, 0x6D, 0x61, 0x6E, 0x64, 0x3E, 0x3C, 0x2F, 0x45, 0x72, 0x72, 0x6F, 0x72, 0x3E, 0x3C, 0x2F, 0x52, 0x65, 0x73, 0x70, 0x6F, 0x6E, 0x73, 0x65, 0x3E, 0x3
#######################################
#######################################
2012/10/25 17:11:10
message:向帐号：wyl3 回复行程单指令结果数据包...
#######################################
#######################################
2012/10/25 17:11:11
message:向帐号：wyl3 回复数据包：0x1, 0x0, 0x0, 0x49, 0x0, 0x0, 0x0, 0x1, 0x41, 0x51, 0x70, 0x2, 0x1B, 0xB, 0x21, 0x20, 0xF, 0x1B, 0x4D, 0x43, 0x52, 0x45, 0x41, 0x54, 0x45, 0x20, 0x45, 0x52, 0x52, 0x4F, 0x52, 0x3A, 0x1B, 0xE, 0x44, 0x7A, 0x4E, 0x5E, 0x48, 0x28, 0x4A, 0x39, 0x53, 0x43, 0x38, 0x43, 0x37, 0x22, 0x27, 0x46, 0x1B, 0xF, 0xA3, 0x1B, 0xE, 0x47, 0x6B, 0x57, 0x50, 0x4F, 0x38, 0x48, 0x37, 0x48, 0x4F, 0x1B, 0xF, 0xCF, 0xD, 0x1E, 0x1B, 0x62, 0x3
#######################################
#######################################
2012/10/25 17:11:11
message:帐号：wyl3 处理指令操作出错，错误信息：未将对象引用设置到对象的实例。
#######################################
#######################################
2012/10/25 17:13:57
message:接收到帐号：wyl3发送的数据包：
#######################################
#######################################
2012/10/25 17:13:57
message:接收指令异常（空），断开wyl3的连接！
#######################################
#######################################
2012/10/25 17:14:46
message:收到客户端连接请求...
#######################################
#######################################
2012/10/25 17:14:46
message:收到客户端连接请求数据包：0xEE, 0xEF, 0x1, 0x0, 0x81, 0x77, 0x65, 0x62, 0x67, 0x75, 0x65, 0x73, 0x74, 0x65, 0x35, 0x33, 0x61, 0x31, 0x32, 0x63, 0x31, 0x61, 0x62, 0x39, 0x63, 0x38, 0x39, 0x34, 0x64, 0x31, 0x38, 0x33, 0x63, 0x65, 0x30, 0x62, 0x35, 0x37, 0x35, 0x65, 0x34, 0x66, 0x65, 0x66, 0x35, 0x50, 0x52, 0x49, 0x4E, 0x56, 0x3A, 0x37, 0x38, 0x31, 0x32, 0x31, 0x31, 0x35, 0x38, 0x33, 0x31, 0x34, 0x30, 0x36, 0x2C, 0x7B, 0x49, 0x54, 0x54, 0x4E, 0x3D, 0x34, 0x34, 0x36, 0x39, 0x38, 0x36, 0x38, 0x30, 0x33, 0x35, 0x7D, 0x3C, 0x4F, 0x46, 0x46, 0x49, 0x43, 0x45, 0x3E, 0x50, 0x45, 0x4B, 0x34, 0x30, 0x37, 0x3C, 0x2F, 0x4F, 0x46, 0x46, 0x49, 0x43, 0x45, 0x3E, 0x3C, 0x50, 0x4E, 0x3E, 0x30, 0x3C, 0x2F, 0x50, 0x4E, 0x3E, 0x3C, 0x41, 0x4C, 0x4C, 0x3E, 0x30, 0x3C, 0x2F, 0x41, 0x4C, 0x4C, 0x3E, 0xFF, 0xEF
#######################################
#######################################
2012/10/25 17:14:46
message:收到网站用户数据...
#######################################
#######################################
2012/10/25 17:14:46
message:准备发送指令：PRINV:7812115831406,{ITTN=4469868035}
#######################################
#######################################
2012/10/25 17:16:29
message:收到网站请求指令：PRINV:7812115831406,{ITTN=4469868035}<OFFICE>PEK407</OFFICE><PN>0</PN><ALL>0</ALL>
#######################################
#######################################
2012/10/25 17:16:29
message:返回网站结果：CREATE ERROR:您无权使用该发票，请仔细确认！
#######################################
#######################################
2012/10/25 17:19:22
message:开启客户端监听服务线程...
#######################################
#######################################
2012/10/25 17:19:22
message:开启监听：IP地址127.0.0.1；端口360...
#######################################
#######################################
2012/10/25 17:19:26
message:收到客户端连接请求...
#######################################
#######################################
2012/10/25 17:19:26
message:收到客户端连接请求数据包：0x1, 0xA2, 0x77, 0x79, 0x6C, 0x33, 0x0, 0x0, 0x0, 0x0, 0x0, 0x0, 0x0, 0x0, 0x0, 0x0, 0x0, 0x0, 0x31, 0x32, 0x33, 0x0, 0x0, 0x0, 0x0, 0x0, 0x0, 0x0, 0x0, 0x0, 0x0, 0x0, 0x0, 0x0, 0x0, 0x0, 0x0, 0x0, 0x0, 0x0, 0x0, 0x0, 0x0, 0x0, 0x0, 0x0, 0x0, 0x0, 0x0, 0x0, 0x30, 0x30, 0x35, 0x30, 0x35, 0x36, 0x63, 0x30, 0x30, 0x30, 0x30, 0x38, 0x31, 0x39, 0x32, 0x2E, 0x31, 0x36, 0x38, 0x2E, 0x32, 0x2E, 0x31, 0x30, 0x37, 0x20, 0x20, 0x33, 0x38, 0x33, 0x32, 0x30, 0x31, 0x30, 0x0, 0x30, 0x30, 0x30, 0x30, 0x30, 0x30, 0x0, 0x0, 0x0, 0x0, 0x0, 0x0, 0x0, 0x0, 0x0, 0x0, 0x0, 0x0, 0x0, 0x0, 0x0, 0x0, 0x0, 0x0, 0x0, 0x0, 0x0, 0x0, 0x0, 0x0, 0x0, 0x0, 0x0, 0x0, 0x0, 0x0, 0x0, 0x0, 0x0, 0x0, 0x0, 0x0, 0x0, 0x0, 0x0, 0x0, 0x0, 0x0, 0x0, 0x0, 0x0, 0x0, 0x0, 0x0, 0x0, 0x0, 0x0, 0x0, 0x0, 0x0, 0x0, 0x0, 0x0, 0x0, 0x0, 0x0, 0x0, 0x0, 0x0, 0x0, 0x0, 0x0, 0x0, 0x0, 0x0, 0x0, 0x0
#######################################
#######################################
2012/10/25 17:19:26
message:用户名：wyl3登录成功！
#######################################
#######################################
2012/10/25 17:19:26
message:接收到帐号：wyl3发送的数据包：0x1, 0xFE, 0x0, 0x11, 0x14, 0x10, 0x0, 0x2, 0x0, 0x0, 0x0, 0x0, 0x0, 0x0, 0x0, 0x0, 0x0, 0x1, 0xFE, 0x0, 0x11, 0x14, 0x10, 0x0, 0x2, 0xC, 0x0, 0x0, 0x0, 0x0, 0x0, 0x0, 0x0, 0x0, 0x1, 0xFE, 0x0, 0x11, 0x14, 0x10, 0x0, 0x2, 0x29, 0x0, 0x0, 0x0, 0x0, 0x0, 0x0, 0x0, 0x0
#######################################
#######################################
2012/10/25 17:19:26
message:向帐号：wyl3 发送数据包0x1, 0xFD, 0x0, 0x6, 0x0, 0x0, 0x1, 0xFD, 0x0, 0x6, 0x0, 0xC
#######################################
#######################################
2012/10/25 17:19:26
message:向帐号：wyl3 发送数据包0x1, 0xFD, 0x0, 0x6, 0x0, 0x29
#######################################
#######################################
2012/10/25 17:19:27
message:接收到帐号：wyl3发送的数据包：0x1, 0xF9, 0x0, 0x44, 0x0, 0x1, 0x1B, 0x0, 0x0, 0x0, 0x0, 0x0, 0x0, 0x0, 0x0, 0x0, 0x0, 0x0, 0x0, 0x0, 0x0, 0x0, 0x0, 0x0, 0x0, 0x0, 0x0, 0x0, 0x0, 0x0, 0x0, 0x0, 0x0, 0x0, 0x0, 0x0, 0x0, 0x0, 0x0, 0x0, 0x0, 0x0, 0x0, 0x0, 0x0, 0x0, 0x0, 0x0, 0x0, 0x0, 0x0, 0x0, 0x0, 0x0, 0x0, 0x0, 0x0, 0x0, 0x0, 0x0, 0x0, 0x0, 0x0, 0x0, 0x0, 0x0, 0x0, 0x0
#######################################
#######################################
2012/10/25 17:19:27
message:接收到帐号：wyl3 的初次登录数据包，回复欢迎信息框...
#######################################
#######################################
2012/10/25 17:19:27
message:向帐号：wyl3 回复数据包：0x1, 0x0, 0x0, 0x57, 0x0, 0x0, 0x0, 0x1, 0x41, 0x51, 0x70, 0x2, 0x1B, 0xB, 0x21, 0x20, 0xF, 0x1B, 0x4D, 0x1B, 0xE, 0x3B, 0x36, 0x53, 0x2D, 0x4A, 0x39, 0x53, 0x43, 0x1B, 0xF, 0x50, 0x49, 0x44, 0x1B, 0xE, 0x37, 0x7E, 0x4E, 0x71, 0x48, 0x6D, 0x3C, 0x7E, 0x1B, 0xF, 0x21, 0xD, 0xD, 0x1B, 0xE, 0x44, 0x7A, 0x55, 0x4A, 0x3A, 0x45, 0x35, 0x44, 0x35, 0x3D, 0x46, 0x5A, 0x27, 0x4A, 0x3C, 0x64, 0x1B, 0xF, 0x3A, 0x20, 0x32, 0x30, 0x31, 0x33, 0x2D, 0x31, 0x32, 0x2D, 0x33, 0x31, 0x2E, 0xD, 0x1E, 0x1B, 0x62, 0x3
#######################################
#######################################
2012/10/25 17:19:27
message:向帐号：wyl3 回复成功数据包0x1, 0xF8, 0x0, 0xE, 0xB5, 0xC7, 0xC2, 0xBC, 0xB3, 0xC9, 0xB9, 0xA6, 0xA3, 0xA1
#######################################
#######################################
2012/10/25 17:19:38
message:接收到帐号：wyl3发送的数据包：0x1, 0x0, 0x0, 0x3A, 0x0, 0x0, 0x0, 0x1, 0x41, 0x51, 0x70, 0x2, 0x1B, 0xB, 0x24, 0x20, 0x0, 0xF, 0x1E, 0x50, 0x52, 0x49, 0x4E, 0x56, 0x3A, 0x37, 0x38, 0x31, 0x32, 0x31, 0x31, 0x35, 0x38, 0x33, 0x31, 0x34, 0x30, 0x36, 0x2C, 0x7B, 0x49, 0x54, 0x54, 0x4E, 0x3D, 0x34, 0x34, 0x36, 0x39, 0x38, 0x36, 0x38, 0x30, 0x33, 0x35, 0x7D, 0x20, 0x3
#######################################
#######################################
2012/10/25 17:19:40
message:收到行程单操作指令：PRINV:7812115831406,{ITTN=4469868035}
#######################################
#######################################
2012/10/25 17:19:40
message:帐号：wyl3 发送行程单打印指令已找到可用配置，准备发送打印指令...
#######################################
#######################################
2012/10/25 17:19:43
message:帐号：wyl3 发送行程单打印指令并接收到返回信息
#######################################
#######################################
2012/10/25 17:19:43
message:收到行程单创建返回结果：0x1, 0x0, 0x1, 0x37, 0xC, 0x0, 0x0, 0x1, 0x8C, 0xC, 0x0, 0x2, 0x3C, 0x52, 0x65, 0x73, 0x70, 0x6F, 0x6E, 0x73, 0x65, 0x3E, 0x3C, 0x53, 0x74, 0x61, 0x74, 0x65, 0x6D, 0x65, 0x6E, 0x74, 0x4E, 0x61, 0x6D, 0x65, 0x3E, 0x49, 0x4E, 0x56, 0x3C, 0x2F, 0x53, 0x74, 0x61, 0x74, 0x65, 0x6D, 0x65, 0x6E, 0x74, 0x4E, 0x61, 0x6D, 0x65, 0x3E, 0x3C, 0x53, 0x65, 0x72, 0x76, 0x69, 0x63, 0x65, 0x54, 0x79, 0x70, 0x65, 0x3E, 0x54, 0x4B, 0x54, 0x3C, 0x2F, 0x53, 0x65, 0x72, 0x76, 0x69, 0x63, 0x65, 0x54, 0x79, 0x70, 0x65, 0x3E, 0x3C, 0x53, 0x65, 0x72, 0x69, 0x61, 0x6C, 0x4E, 0x6F, 0x3E, 0x31, 0x3C, 0x2F, 0x53, 0x65, 0x72, 0x69, 0x61, 0x6C, 0x4E, 0x6F, 0x3E, 0x3C, 0x45, 0x6E, 0x63, 0x72, 0x79, 0x70, 0x74, 0x69, 0x6F, 0x6E, 0x3E, 0x59, 0x3C, 0x2F, 0x45, 0x6E, 0x63, 0x72, 0x79, 0x70, 0x74, 0x69, 0x6F, 0x6E, 0x3E, 0x3C, 0x4D, 0x65, 0x74, 0x68, 0x6F, 0x64, 0x3E, 0x36, 0x3C, 0x2F, 0x4D, 0x65, 0x74, 0x68, 0x6F, 0x64, 0x3E, 0x3C, 0x46, 0x6C, 0x61, 0x67, 0x3E, 0x45, 0x3C, 0x2F, 0x46, 0x6C, 0x61, 0x67, 0x3E, 0x3C, 0x45, 0x72, 0x72, 0x6F, 0x72, 0x3E, 0x3C, 0x45, 0x72, 0x72, 0x6F, 0x72, 0x52, 0x65, 0x61, 0x73, 0x6F, 0x6E, 0x3E, 0xC4, 0xFA, 0xCE, 0xDE, 0xC8, 0xA8, 0xCA, 0xB9, 0xD3, 0xC3, 0xB8, 0xC3, 0xB7, 0xA2, 0xC6, 0xB1, 0xA3, 0xAC, 0xC7, 0xEB, 0xD7, 0xD0, 0xCF, 0xB8, 0xC8, 0xB7, 0xC8, 0xCF, 0xA3, 0xA1, 0x3C, 0x2F, 0x45, 0x72, 0x72, 0x6F, 0x72, 0x52, 0x65, 0x61, 0x73, 0x6F, 0x6E, 0x3E, 0x3C, 0x43, 0x6F, 0x6D, 0x6D, 0x61, 0x6E, 0x64, 0x3E, 0x70, 0x72, 0x69, 0x6E, 0x74, 0x7C, 0x7C, 0x37, 0x38, 0x31, 0x32, 0x31, 0x31, 0x35, 0x38, 0x33, 0x31, 0x34, 0x30, 0x36, 0x7C, 0x7C, 0x34, 0x34, 0x36, 0x39, 0x38, 0x36, 0x38, 0x30, 0x33, 0x35, 0x7C, 0x7C, 0x6F, 0x6D, 0x30, 0x30, 0x63, 0x34, 0x36, 0x31, 0x3C, 0x2F, 0x43, 0x6F, 0x6D, 0x6D, 0x61, 0x6E, 0x64, 0x3E, 0x3C, 0x2F, 0x45, 0x72, 0x72, 0x6F, 0x72, 0x3E, 0x3C, 0x2F, 0x52, 0x65, 0x73, 0x70, 0x6F, 0x6E, 0x73, 0x65, 0x3E, 0x3
#######################################
#######################################
2012/10/25 17:19:54
message:向帐号：wyl3 回复行程单指令结果数据包...
#######################################
#######################################
2012/10/25 17:19:54
message:向帐号：wyl3 回复数据包：0x1, 0x0, 0x0, 0x49, 0x0, 0x0, 0x0, 0x1, 0x41, 0x51, 0x70, 0x2, 0x1B, 0xB, 0x21, 0x20, 0xF, 0x1B, 0x4D, 0x43, 0x52, 0x45, 0x41, 0x54, 0x45, 0x20, 0x45, 0x52, 0x52, 0x4F, 0x52, 0x3A, 0x1B, 0xE, 0x44, 0x7A, 0x4E, 0x5E, 0x48, 0x28, 0x4A, 0x39, 0x53, 0x43, 0x38, 0x43, 0x37, 0x22, 0x27, 0x46, 0x1B, 0xF, 0xA3, 0x1B, 0xE, 0x47, 0x6B, 0x57, 0x50, 0x4F, 0x38, 0x48, 0x37, 0x48, 0x4F, 0x1B, 0xF, 0xCF, 0xD, 0x1E, 0x1B, 0x62, 0x3
#######################################
#######################################
2012/10/25 17:19:54
message:帐号：wyl3 处理指令操作出错，错误信息：未将对象引用设置到对象的实例。
#######################################
#######################################
2012/10/25 17:19:59
message:接收到帐号：wyl3发送的数据包：
#######################################
#######################################
2012/10/25 17:19:59
message:接收指令异常（空），断开wyl3的连接！
#######################################
