#######################################
2012/09/25 11:34:41
message:开启客户端监听服务线程...
#######################################
#######################################
2012/09/25 11:34:42
message:开启监听：IP地址127.0.0.1；端口360...
#######################################
#######################################
2012/09/25 11:35:05
message:收到客户端连接请求...
#######################################
#######################################
2012/09/25 11:35:05
message:收到客户端连接请求数据包：0x1, 0xA2, 0x77, 0x79, 0x6C, 0x0, 0x0, 0x0, 0x0, 0x0, 0x0, 0x0, 0x0, 0x0, 0x0, 0x0, 0x0, 0x0, 0x31, 0x32, 0x33, 0x0, 0x0, 0x0, 0x0, 0x0, 0x0, 0x0, 0x0, 0x0, 0x0, 0x0, 0x0, 0x0, 0x0, 0x0, 0x0, 0x0, 0x0, 0x0, 0x0, 0x0, 0x0, 0x0, 0x0, 0x0, 0x0, 0x0, 0x0, 0x0, 0x30, 0x30, 0x35, 0x30, 0x35, 0x36, 0x63, 0x30, 0x30, 0x30, 0x30, 0x38, 0x31, 0x39, 0x32, 0x2E, 0x31, 0x36, 0x38, 0x2E, 0x32, 0x2E, 0x31, 0x30, 0x37, 0x20, 0x20, 0x33, 0x37, 0x33, 0x30, 0x30, 0x31, 0x30, 0x0, 0x30, 0x30, 0x30, 0x30, 0x30, 0x30, 0x0, 0x0, 0x0, 0x0, 0x0, 0x0, 0x0, 0x0, 0x0, 0x0, 0x0, 0x0, 0x0, 0x0, 0x0, 0x0, 0x0, 0x0, 0x0, 0x0, 0x0, 0x0, 0x0, 0x0, 0x0, 0x0, 0x0, 0x0, 0x0, 0x0, 0x0, 0x0, 0x0, 0x0, 0x0, 0x0, 0x0, 0x0, 0x0, 0x0, 0x0, 0x0, 0x0, 0x0, 0x0, 0x0, 0x0, 0x0, 0x0, 0x0, 0x0, 0x0, 0x0, 0x0, 0x0, 0x0, 0x0, 0x0, 0x0, 0x0, 0x0, 0x0, 0x0, 0x0, 0x0, 0x0, 0x0, 0x0, 0x0, 0x0, 0x0
#######################################
#######################################
2012/09/25 11:35:09
message:用户名：wyl登录成功！
#######################################
#######################################
2012/09/25 11:35:09
message:接收到帐号：wyl发送的数据包：0x1, 0xFE, 0x0, 0x11, 0x14, 0x10, 0x0, 0x2, 0x0, 0x0, 0x0, 0x0, 0x0, 0x0, 0x0, 0x0, 0x0, 0x1, 0xFE, 0x0, 0x11, 0x14, 0x10, 0x0, 0x2, 0xC, 0x0, 0x0, 0x0, 0x0, 0x0, 0x0, 0x0, 0x0, 0x1, 0xFE, 0x0, 0x11, 0x14, 0x10, 0x0, 0x2, 0x29, 0x0, 0x0, 0x0, 0x0, 0x0, 0x0, 0x0, 0x0
#######################################
#######################################
2012/09/25 11:35:09
message:向帐号：wyl 发送数据包0x1, 0xFD, 0x0, 0x6, 0x0, 0x0, 0x1, 0xFD, 0x0, 0x6, 0x0, 0xC
#######################################
#######################################
2012/09/25 11:35:09
message:向帐号：wyl 发送数据包0x1, 0xFD, 0x0, 0x6, 0x0, 0x29
#######################################
#######################################
2012/09/25 11:35:10
message:接收到帐号：wyl发送的数据包：0x1, 0xF9, 0x0, 0x44, 0x0, 0x1, 0x1B, 0x0, 0x0, 0x0, 0x0, 0x0, 0x0, 0x0, 0x0, 0x0, 0x0, 0x0, 0x0, 0x0, 0x0, 0x0, 0x0, 0x0, 0x0, 0x0, 0x0, 0x0, 0x0, 0x0, 0x0, 0x0, 0x0, 0x0, 0x0, 0x0, 0x0, 0x0, 0x0, 0x0, 0x0, 0x0, 0x0, 0x0, 0x0, 0x0, 0x0, 0x0, 0x0, 0x0, 0x0, 0x0, 0x0, 0x0, 0x0, 0x0, 0x0, 0x0, 0x0, 0x0, 0x0, 0x0, 0x0, 0x0, 0x0, 0x0, 0x0, 0x0
#######################################
#######################################
2012/09/25 11:35:10
message:接收到帐号：wyl 的初次登录数据包，回复欢迎信息框...
#######################################
#######################################
2012/09/25 11:35:10
message:向帐号：wyl 回复成功数据包0x1, 0xF8, 0x0, 0xE, 0xB5, 0xC7, 0xC2, 0xBC, 0xB3, 0xC9, 0xB9, 0xA6, 0xA3, 0xA1
#######################################
#######################################
2012/09/25 11:35:27
message:停止客户端监听服务线程...
#######################################
#######################################
2012/09/25 11:35:27
message:停止客户端监听服务...
#######################################
#######################################
2012/09/25 11:35:27
message:准备停止客户端线程及客户端Socket服务...
#######################################
#######################################
2012/09/25 11:35:27
message:停止客户端线程及客户端Socket服务完毕...
#######################################
#######################################
2012/09/25 11:35:38
message:客户端处理线程出现异常，异常信息：正在中止线程。
#######################################
#######################################
2012/09/25 11:37:04
message:开启客户端监听服务线程...
#######################################
#######################################
2012/09/25 11:37:04
message:开启监听：IP地址127.0.0.1；端口360...
#######################################
#######################################
2012/09/25 11:37:09
message:收到客户端连接请求...
#######################################
#######################################
2012/09/25 11:37:09
message:收到客户端连接请求数据包：0x1, 0xA2, 0x77, 0x79, 0x6C, 0x0, 0x0, 0x0, 0x0, 0x0, 0x0, 0x0, 0x0, 0x0, 0x0, 0x0, 0x0, 0x0, 0x31, 0x32, 0x33, 0x0, 0x0, 0x0, 0x0, 0x0, 0x0, 0x0, 0x0, 0x0, 0x0, 0x0, 0x0, 0x0, 0x0, 0x0, 0x0, 0x0, 0x0, 0x0, 0x0, 0x0, 0x0, 0x0, 0x0, 0x0, 0x0, 0x0, 0x0, 0x0, 0x30, 0x30, 0x35, 0x30, 0x35, 0x36, 0x63, 0x30, 0x30, 0x30, 0x30, 0x38, 0x31, 0x39, 0x32, 0x2E, 0x31, 0x36, 0x38, 0x2E, 0x32, 0x2E, 0x31, 0x30, 0x37, 0x20, 0x20, 0x33, 0x37, 0x33, 0x30, 0x30, 0x31, 0x30, 0x0, 0x30, 0x30, 0x30, 0x30, 0x30, 0x30, 0x0, 0x0, 0x0, 0x0, 0x0, 0x0, 0x0, 0x0, 0x0, 0x0, 0x0, 0x0, 0x0, 0x0, 0x0, 0x0, 0x0, 0x0, 0x0, 0x0, 0x0, 0x0, 0x0, 0x0, 0x0, 0x0, 0x0, 0x0, 0x0, 0x0, 0x0, 0x0, 0x0, 0x0, 0x0, 0x0, 0x0, 0x0, 0x0, 0x0, 0x0, 0x0, 0x0, 0x0, 0x0, 0x0, 0x0, 0x0, 0x0, 0x0, 0x0, 0x0, 0x0, 0x0, 0x0, 0x0, 0x0, 0x0, 0x0, 0x0, 0x0, 0x0, 0x0, 0x0, 0x0, 0x0, 0x0, 0x0, 0x0, 0x0, 0x0
#######################################
#######################################
2012/09/25 11:37:11
message:用户名：wyl登录成功！
#######################################
#######################################
2012/09/25 11:37:11
message:接收到帐号：wyl发送的数据包：0x1, 0xFE, 0x0, 0x11, 0x14, 0x10, 0x0, 0x2, 0x0, 0x0, 0x0, 0x0, 0x0, 0x0, 0x0, 0x0, 0x0, 0x1, 0xFE, 0x0, 0x11, 0x14, 0x10, 0x0, 0x2, 0xC, 0x0, 0x0, 0x0, 0x0, 0x0, 0x0, 0x0, 0x0, 0x1, 0xFE, 0x0, 0x11, 0x14, 0x10, 0x0, 0x2, 0x29, 0x0, 0x0, 0x0, 0x0, 0x0, 0x0, 0x0, 0x0
#######################################
#######################################
2012/09/25 11:37:11
message:向帐号：wyl 发送数据包0x1, 0xFD, 0x0, 0x6, 0x0, 0x0, 0x1, 0xFD, 0x0, 0x6, 0x0, 0xC
#######################################
#######################################
2012/09/25 11:37:11
message:向帐号：wyl 发送数据包0x1, 0xFD, 0x0, 0x6, 0x0, 0x29
#######################################
#######################################
2012/09/25 11:37:17
message:停止客户端监听服务线程...
#######################################
#######################################
2012/09/25 11:37:17
message:停止客户端监听服务...
#######################################
#######################################
2012/09/25 11:37:17
message:准备停止客户端线程及客户端Socket服务...
#######################################
#######################################
2012/09/25 11:37:17
message:客户端处理线程出现异常，异常信息：正在中止线程。
#######################################
#######################################
2012/09/25 11:37:17
message:停止客户端线程及客户端Socket服务完毕...
#######################################
#######################################
2012/09/25 11:37:18
message:帐号：wyl 处理指令操作出错，错误信息：正在中止线程。
#######################################
#######################################
2012/09/25 11:37:22
message:开启客户端监听服务线程...
#######################################
#######################################
2012/09/25 11:37:22
message:开启监听：IP地址127.0.0.1；端口360...
#######################################
#######################################
2012/09/25 11:37:28
message:停止客户端监听服务线程...
#######################################
#######################################
2012/09/25 11:37:28
message:停止客户端监听服务...
#######################################
#######################################
2012/09/25 11:37:28
message:客户端处理线程出现异常，异常信息：正在中止线程。
#######################################
#######################################
2012/09/25 11:37:28
message:准备停止客户端线程及客户端Socket服务...
#######################################
#######################################
2012/09/25 11:37:28
message:停止客户端线程及客户端Socket服务完毕...
#######################################
#######################################
2012/09/25 11:37:47
message:开启客户端监听服务线程...
#######################################
#######################################
2012/09/25 11:37:47
message:开启监听：IP地址127.0.0.1；端口360...
#######################################
#######################################
2012/09/25 11:37:55
message:收到客户端连接请求...
#######################################
#######################################
2012/09/25 11:37:56
message:收到客户端连接请求数据包：0x1, 0xA2, 0x77, 0x79, 0x6C, 0x0, 0x0, 0x0, 0x0, 0x0, 0x0, 0x0, 0x0, 0x0, 0x0, 0x0, 0x0, 0x0, 0x31, 0x32, 0x33, 0x0, 0x0, 0x0, 0x0, 0x0, 0x0, 0x0, 0x0, 0x0, 0x0, 0x0, 0x0, 0x0, 0x0, 0x0, 0x0, 0x0, 0x0, 0x0, 0x0, 0x0, 0x0, 0x0, 0x0, 0x0, 0x0, 0x0, 0x0, 0x0, 0x30, 0x30, 0x35, 0x30, 0x35, 0x36, 0x63, 0x30, 0x30, 0x30, 0x30, 0x38, 0x31, 0x39, 0x32, 0x2E, 0x31, 0x36, 0x38, 0x2E, 0x32, 0x2E, 0x31, 0x30, 0x37, 0x20, 0x20, 0x33, 0x37, 0x33, 0x30, 0x30, 0x31, 0x30, 0x0, 0x30, 0x30, 0x30, 0x30, 0x30, 0x30, 0x0, 0x0, 0x0, 0x0, 0x0, 0x0, 0x0, 0x0, 0x0, 0x0, 0x0, 0x0, 0x0, 0x0, 0x0, 0x0, 0x0, 0x0, 0x0, 0x0, 0x0, 0x0, 0x0, 0x0, 0x0, 0x0, 0x0, 0x0, 0x0, 0x0, 0x0, 0x0, 0x0, 0x0, 0x0, 0x0, 0x0, 0x0, 0x0, 0x0, 0x0, 0x0, 0x0, 0x0, 0x0, 0x0, 0x0, 0x0, 0x0, 0x0, 0x0, 0x0, 0x0, 0x0, 0x0, 0x0, 0x0, 0x0, 0x0, 0x0, 0x0, 0x0, 0x0, 0x0, 0x0, 0x0, 0x0, 0x0, 0x0, 0x0, 0x0
#######################################
#######################################
2012/09/25 11:37:57
message:用户名：wyl登录成功！
#######################################
#######################################
2012/09/25 11:37:57
message:接收到帐号：wyl发送的数据包：0x1, 0xFE, 0x0, 0x11, 0x14, 0x10, 0x0, 0x2, 0x0, 0x0, 0x0, 0x0, 0x0, 0x0, 0x0, 0x0, 0x0, 0x1, 0xFE, 0x0, 0x11, 0x14, 0x10, 0x0, 0x2, 0xC, 0x0, 0x0, 0x0, 0x0, 0x0, 0x0, 0x0, 0x0, 0x1, 0xFE, 0x0, 0x11, 0x14, 0x10, 0x0, 0x2, 0x29, 0x0, 0x0, 0x0, 0x0, 0x0, 0x0, 0x0, 0x0
#######################################
#######################################
2012/09/25 11:37:57
message:向帐号：wyl 发送数据包0x1, 0xFD, 0x0, 0x6, 0x0, 0x0, 0x1, 0xFD, 0x0, 0x6, 0x0, 0xC
#######################################
#######################################
2012/09/25 11:37:57
message:向帐号：wyl 发送数据包0x1, 0xFD, 0x0, 0x6, 0x0, 0x29
#######################################
#######################################
2012/09/25 11:37:58
message:接收到帐号：wyl发送的数据包：0x1, 0xF9, 0x0, 0x44, 0x0, 0x1, 0x1B, 0x0, 0x0, 0x0, 0x0, 0x0, 0x0, 0x0, 0x0, 0x0, 0x0, 0x0, 0x0, 0x0, 0x0, 0x0, 0x0, 0x0, 0x0, 0x0, 0x0, 0x0, 0x0, 0x0, 0x0, 0x0, 0x0, 0x0, 0x0, 0x0, 0x0, 0x0, 0x0, 0x0, 0x0, 0x0, 0x0, 0x0, 0x0, 0x0, 0x0, 0x0, 0x0, 0x0, 0x0, 0x0, 0x0, 0x0, 0x0, 0x0, 0x0, 0x0, 0x0, 0x0, 0x0, 0x0, 0x0, 0x0, 0x0, 0x0, 0x0, 0x0
#######################################
#######################################
2012/09/25 11:37:58
message:接收到帐号：wyl 的初次登录数据包，回复欢迎信息框...
#######################################
#######################################
2012/09/25 11:37:58
message:向帐号：wyl 回复成功数据包0x1, 0xF8, 0x0, 0xE, 0xB5, 0xC7, 0xC2, 0xBC, 0xB3, 0xC9, 0xB9, 0xA6, 0xA3, 0xA1
#######################################
#######################################
2012/09/25 11:38:04
message:停止客户端监听服务线程...
#######################################
#######################################
2012/09/25 11:38:04
message:停止客户端监听服务...
#######################################
#######################################
2012/09/25 11:38:04
message:准备停止客户端线程及客户端Socket服务...
#######################################
#######################################
2012/09/25 11:38:04
message:客户端处理线程出现异常，异常信息：正在中止线程。
#######################################
#######################################
2012/09/25 11:38:04
message:停止客户端线程及客户端Socket服务完毕...
#######################################
#######################################
2012/09/25 11:38:07
message:开启客户端监听服务线程...
#######################################
#######################################
2012/09/25 11:38:07
message:开启监听：IP地址127.0.0.1；端口360...
#######################################
#######################################
2012/09/25 11:38:10
message:帐号：wyl 处理指令操作出错，错误信息：正在中止线程。
#######################################
#######################################
2012/09/25 11:38:21
message:收到客户端连接请求...
#######################################
#######################################
2012/09/25 11:38:21
message:收到客户端连接请求数据包：0x1, 0xA2, 0x77, 0x79, 0x6C, 0x0, 0x0, 0x0, 0x0, 0x0, 0x0, 0x0, 0x0, 0x0, 0x0, 0x0, 0x0, 0x0, 0x31, 0x32, 0x33, 0x0, 0x0, 0x0, 0x0, 0x0, 0x0, 0x0, 0x0, 0x0, 0x0, 0x0, 0x0, 0x0, 0x0, 0x0, 0x0, 0x0, 0x0, 0x0, 0x0, 0x0, 0x0, 0x0, 0x0, 0x0, 0x0, 0x0, 0x0, 0x0, 0x30, 0x30, 0x35, 0x30, 0x35, 0x36, 0x63, 0x30, 0x30, 0x30, 0x30, 0x38, 0x31, 0x39, 0x32, 0x2E, 0x31, 0x36, 0x38, 0x2E, 0x32, 0x2E, 0x31, 0x30, 0x37, 0x20, 0x20, 0x33, 0x37, 0x33, 0x30, 0x30, 0x31, 0x30, 0x0, 0x30, 0x30, 0x30, 0x30, 0x30, 0x30, 0x0, 0x0, 0x0, 0x0, 0x0, 0x0, 0x0, 0x0, 0x0, 0x0, 0x0, 0x0, 0x0, 0x0, 0x0, 0x0, 0x0, 0x0, 0x0, 0x0, 0x0, 0x0, 0x0, 0x0, 0x0, 0x0, 0x0, 0x0, 0x0, 0x0, 0x0, 0x0, 0x0, 0x0, 0x0, 0x0, 0x0, 0x0, 0x0, 0x0, 0x0, 0x0, 0x0, 0x0, 0x0, 0x0, 0x0, 0x0, 0x0, 0x0, 0x0, 0x0, 0x0, 0x0, 0x0, 0x0, 0x0, 0x0, 0x0, 0x0, 0x0, 0x0, 0x0, 0x0, 0x0, 0x0, 0x0, 0x0, 0x0, 0x0, 0x0
#######################################
#######################################
2012/09/25 11:38:24
message:用户名：wyl登录成功！
#######################################
#######################################
2012/09/25 11:38:24
message:接收到帐号：wyl发送的数据包：0x1, 0xFE, 0x0, 0x11, 0x14, 0x10, 0x0, 0x2, 0x0, 0x0, 0x0, 0x0, 0x0, 0x0, 0x0, 0x0, 0x0, 0x1, 0xFE, 0x0, 0x11, 0x14, 0x10, 0x0, 0x2, 0xC, 0x0, 0x0, 0x0, 0x0, 0x0, 0x0, 0x0, 0x0, 0x1, 0xFE, 0x0, 0x11, 0x14, 0x10, 0x0, 0x2, 0x29, 0x0, 0x0, 0x0, 0x0, 0x0, 0x0, 0x0, 0x0
#######################################
#######################################
2012/09/25 11:38:24
message:向帐号：wyl 发送数据包0x1, 0xFD, 0x0, 0x6, 0x0, 0x0, 0x1, 0xFD, 0x0, 0x6, 0x0, 0xC
#######################################
#######################################
2012/09/25 11:38:24
message:向帐号：wyl 发送数据包0x1, 0xFD, 0x0, 0x6, 0x0, 0x29
#######################################
#######################################
2012/09/25 11:38:25
message:接收到帐号：wyl发送的数据包：0x1, 0xF9, 0x0, 0x44, 0x0, 0x1, 0x1B, 0x0, 0x0, 0x0, 0x0, 0x0, 0x0, 0x0, 0x0, 0x0, 0x0, 0x0, 0x0, 0x0, 0x0, 0x0, 0x0, 0x0, 0x0, 0x0, 0x0, 0x0, 0x0, 0x0, 0x0, 0x0, 0x0, 0x0, 0x0, 0x0, 0x0, 0x0, 0x0, 0x0, 0x0, 0x0, 0x0, 0x0, 0x0, 0x0, 0x0, 0x0, 0x0, 0x0, 0x0, 0x0, 0x0, 0x0, 0x0, 0x0, 0x0, 0x0, 0x0, 0x0, 0x0, 0x0, 0x0, 0x0, 0x0, 0x0, 0x0, 0x0
#######################################
#######################################
2012/09/25 11:38:25
message:接收到帐号：wyl 的初次登录数据包，回复欢迎信息框...
#######################################
#######################################
2012/09/25 11:38:25
message:向帐号：wyl 回复成功数据包0x1, 0xF8, 0x0, 0xE, 0xB5, 0xC7, 0xC2, 0xBC, 0xB3, 0xC9, 0xB9, 0xA6, 0xA3, 0xA1
#######################################
#######################################
2012/09/25 11:38:36
message:接收到帐号：wyl发送的数据包：
#######################################
#######################################
2012/09/25 11:38:36
message:接收指令异常（空），断开wyl的连接！
#######################################
