#######################################
2012-09-25 07:00:37
message:停止客户端监听服务线程...
#######################################
#######################################
2012-09-25 07:00:37
message:停止客户端监听服务...
#######################################
#######################################
2012-09-25 07:00:37
message:准备停止客户端线程及客户端Socket服务...
#######################################
#######################################
2012-09-25 07:00:37
message:客户端处理线程出现异常，异常信息：正在中止线程。
#######################################
#######################################
2012-09-25 07:00:37
message:停止客户端线程及客户端Socket服务完毕...
#######################################
